

HI-TECH Software PICC Macro Assembler V9.60
                                                      Tue Apr 23 16:19:00 2013


     1                           	processor	16F877A
     2                           	opt	pw 79
     3                           	psect	config,global,class=CONFIG,delta=2
     4                           	psect	rdata_0,global,class=BANK0,space=1,delta
      +                          =1
     5                           	psect	idata_0,global,class=CODE,delta=2
     6                           	psect	strings,global,class=STRING,delta=2
     7                           	psect	const1,local,class=CONST,delta=2
     8                           	psect	const2,local,class=CONST,delta=2
     9                           	psect	text3,local,class=CODE,delta=2
    10                           	psect	text6,local,class=CODE,delta=2
    11                           	psect	rbss_0,global,class=BANK0,space=1,delta=
      +                          1
    12                           	psect	temp,global,ovrld,class=BANK0,space=1,de
      +                          lta=1
    13  0000                     
    14  0000                     
    15  0000                     
    16  0000                     
    17  0000                     
    18  0000                     
    19  0000                     
    20  0000                     
    21  0000                     
    22  0000                     
    23                           
    24                           	psect	config
    25  2007  3F32               	dw	16178	;#
    26                           
    27                           	psect	rdata_0
    28  0027                     _disp
                     _disp
    29  0027                     	ds	1
                     	ds	1
    30  0028                     	ds	1
                     	ds	1
    31  0029                     	ds	1
    32                           
    33                           	psect	idata_0
    34  07FD  3400               	retlw	0
    35  07FE  3400               	retlw	0
    36  07FF  3400               	retlw	0
    37                           
    38                           	psect	const1
    39  0047  0782               	addwf	2
    40  0048                     _saomiao
    41  0048  3417               	retlw	23
    42  0049  341B               	retlw	27
    43  004A  341D               	retlw	29
    44                           
    45                           	psect	const2
    46  003A  0782               	addwf	2
    47  003B                     _table
    48  003B  34C0               	retlw	-64
    49  003C  34F9               	retlw	-7
    50  003D  34A4               	retlw	-92
    51  003E  34B0               	retlw	-80
    52  003F  3499               	retlw	-103
    53  0040  3492               	retlw	-110
    54  0041  3482               	retlw	-126
    55  0042  34F8               	retlw	-8
    56  0043  3480               	retlw	-128
    57  0044  3490               	retlw	-112
    58  0045  34FF               	retlw	-1
    59  0046  34BF               	retlw	-65
    60                           
    61                           	psect	text3
    62  05E1                     _xianshi
    63                           ;	_TEMP assigned to ?a_xianshi+0
    64  0000                     _xianshi$TEMP	set	?a_xianshi
    65                           ;	_k assigned to ?a_xianshi+1
    66  0000                     _xianshi$k	set	?a_xianshi+1
    67                           ;ADC2.C: 47: void xianshi(void)
    68  05E1  0183               	clrf	3	;select bank 0
    69  05E2  1185               	bcf	5,3
    70                           ;ADC2.C: 51: TEMP=0X80;
    71  05E3  3080               	movlw	-128
    72  05E4  00A2               	movwf	?a_xianshi
    73                           ;ADC2.C: 53: for(k=0;k<3;k++)
    74  05E5  01A3               	clrf	?a_xianshi+1
    75  05E6                     l11
    76                           ;ADC2.C: 54: {
    77  05E6  1607               	bsf	7,4
    78                           ;ADC2.C: 57: PORTD=TEMP;
    79  05E7  0822               	movf	?a_xianshi,w
    80  05E8  0088               	movwf	8	;volatile
    81                           ;ADC2.C: 58: RC4=0;
    82  05E9  1207               	bcf	7,4
    83                           ;ADC2.C: 63: RC3=1;
    84  05EA  1587               	bsf	7,3
    85                           ;ADC2.C: 64: if(k==0)PORTD=table[disp[k]]&0x7f;
    86  05EB  08A3               	movf	?a_xianshi+1
    87  05EC  3000               	movlw	_table shr (0+8)
    88  05ED  1D03               	btfss	3,2
    89  05EE  2DFA               	goto	L2
    90  05EF  008A               	movwf	10
    91  05F0  0823               	movf	?a_xianshi+1,w
    92  05F1  3E27               	addlw	_disp
    93  05F2  0084               	movwf	4
    94  05F3  1383               	bcf	3,7
    95  05F4  0800               	movf	0,w
    96  05F5  203A               	call	((_table+-1)& (0+2047))| (($)& (0+-2048))
    97  05F6  120A  118A         	pagesel	$
    98  05F8  397F               	andlw	127
    99  05F9  2E01               	goto	L1
   100                           ;ADC2.C: 65: else PORTD=table[disp[k]];
   101  05FA                     L2
   102  05FA  008A               	movwf	10
   103  05FB  0823               	movf	?a_xianshi+1,w
   104  05FC  3E27               	addlw	_disp
   105  05FD  0084               	movwf	4
   106  05FE  1383               	bcf	3,7
   107  05FF  0800               	movf	0,w
   108  0600  203A               	call	((_table+-1)& (0+2047))| (($)& (0+-2048))
   109  0601                     L1
   110  0601  0088               	movwf	8	;volatile
   111                           ;ADC2.C: 66: RC3=0;
   112  0602  1187               	bcf	7,3
   113                           ;ADC2.C: 69: TEMP>>=1;
   114  0603  1003               	bcf	3,0
   115  0604  0CA2               	rrf	?a_xianshi
   116                           ;ADC2.C: 70: delayMS(5);
   117  0605  3005               	movlw	5
   118  0606  120A  118A  261B   	fcall	_delayMS
   119                           ;ADC2.C: 73: RC4=1;
   120  0609  1607               	bsf	7,4
   121                           ;ADC2.C: 74: PORTD=0X00;
   122  060A  0188               	clrf	8	;volatile
   123                           ;ADC2.C: 75: RC4=0;
   124  060B  1207               	bcf	7,4
   125                           ;ADC2.C: 76: delayMS(1);
   126  060C  3001               	movlw	1
   127  060D  261B               	fcall	_delayMS
   128  060E  0AA3               	incf	?a_xianshi+1
   129  060F  3003               	movlw	3
   130  0610  0223               	subwf	?a_xianshi+1,w
   131  0611  1803               	btfsc	3,0
   132  0612  0008               	return
   133  0613  2DE6               	goto	l11
   134  0614                     _delayUS
   135                           ;	_i assigned to ?a_delayUS+0
   136  0000                     _delayUS$i	set	?a_delayUS
   137                           ;_i stored from w
   138  0614  0183               	clrf	3	;select bank 0
   139  0615  00A6               	movwf	?a_delayUS
   140                           ;ADC2.C: 33: void delayUS(unsigned char i)
   141  0616                     l3
   142  0616  1283               	bcf	3,5
   143  0617  1303               	bcf	3,6	;carry unused
   144  0618  0BA6               	decfsz	?a_delayUS
   145  0619  2E16               	goto	l3
   146  061A  0008               	return
   147  061B                     _delayMS
   148                           ;	_a assigned to ?a_delayMS+0
   149  0000                     _delayMS$a	set	?a_delayMS
   150                           ;_a stored from w
   151  061B  0183               	clrf	3	;select bank 0
   152  061C  00A5               	movwf	?a_delayMS
   153  061D                     l9
   154                           ;ADC2.C: 38: void delayMS(unsigned char a)
   155  061D  30C7               	movlw	-57
   156  061E  2614               	fcall	_delayUS
   157                           ;ADC2.C: 41: while(--a);}
   158  061F  0BA5               	decfsz	?a_delayMS
   159  0620  2E1D               	goto	l9
   160  0621  0008               	return
   161  0622                     _adcinit
   162                           ;	_AD assigned to ?a_adcinit+0
   163  0000                     _adcinit$AD	set	?a_adcinit
   164                           ;ADC2.C: 82: void adcinit(void)
   165  0622  0183               	clrf	3	;select bank 0
   166  0623  01A0               	clrf	_caiji_val
   167  0624  01A1               	clrf	_caiji_val+1
   168                           ;ADC2.C: 86: TRISA=0X01;
   169  0625  3001               	movlw	1
   170  0626  1683               	bsf	3,5
   171  0627  0085               	movwf	5	;volatile
   172                           ;ADC2.C: 87: PORTA=0X0F;
   173  0628  300F               	movlw	15
   174  0629  1283               	bcf	3,5
   175  062A  0085               	movwf	5	;volatile
   176                           ;ADC2.C: 88: ADCON1=0x0e;
   177  062B  300E               	movlw	14
   178  062C  1683               	bsf	3,5
   179  062D  009F               	movwf	31	;volatile
   180                           ;ADC2.C: 89: ADCON0=0x41;
   181  062E  3041               	movlw	65
   182  062F  1283               	bcf	3,5
   183  0630  009F               	movwf	31	;volatile
   184                           ;ADC2.C: 90: delayMS(1);
   185  0631  3001               	movlw	1
   186  0632  261B               	fcall	_delayMS
   187                           ;ADC2.C: 91: ADGO=1;
   188  0633  151F               	bsf	31,2
   189                           ;ADC2.C: 92: while(ADGO);
   190  0634                     l17
   191  0634  191F               	btfsc	31,2
   192  0635  2E34               	goto	l17
   193                           ;ADC2.C: 93: caiji_val=ADRESH;
   194  0636  081E               	movf	30,w	;volatile
   195  0637  00A0               	movwf	_caiji_val
   196  0638  01A1               	clrf	_caiji_val+1
   197                           ;ADC2.C: 94: caiji_val=(caiji_val<<2)+(ADRESL>>
      +                          6);
   198  0639  0821               	movf	_caiji_val+1,w
   199  063A  00F5               	movwf	btemp+1
   200  063B  0820               	movf	_caiji_val,w
   201  063C  00F4               	movwf	btemp
   202  063D  1003               	bcf	3,0
   203  063E  0DF4               	rlf	btemp
   204  063F  0DF5               	rlf	btemp+1
   205  0640  1003               	bcf	3,0
   206  0641  0DF4               	rlf	btemp
   207  0642  0DF5               	rlf	btemp+1
   208  0643  1683               	bsf	3,5
   209  0644  081E               	movf	30,w	;volatile
   210  0645  1303               	bcf	3,6	;carry unused
   211  0646  1283               	bcf	3,5
   212  0647  00A4               	movwf	?a_adcinit+2
   213  0648  3006               	movlw	6
   214  0649  00F6               	movwf	btemp+2
   215  064A                     u65
   216  064A  1003               	bcf	3,0
   217  064B  0CA4               	rrf	?a_adcinit+2
   218  064C  0BF6               	decfsz	btemp+2
   219  064D  2E4A               	goto	u65
   220  064E  0824               	movf	?a_adcinit+2,w
   221  064F  0774               	addwf	btemp,w
   222  0650  00A0               	movwf	_caiji_val
   223  0651  0875               	movf	btemp+1,w
   224  0652  1803               	btfsc	3,0
   225  0653  0A75               	incf	btemp+1,w
   226  0654  00A1               	movwf	_caiji_val+1
   227                           ;ADC2.C: 96: AD=caiji_val*0.489;
   228  0655  00F5               	movwf	btemp+1
   229  0656  0820               	movf	_caiji_val,w
   230  0657  00F4               	movwf	btemp
   231  0658  120A  118A  2797   	fcall	awtoft
   232  065B  305E               	movlw	94
   233  065C  00F7               	movwf	btemp+3
   234  065D  30FA               	movlw	250
   235  065E  00F8               	movwf	btemp+4
   236  065F  303E               	movlw	62
   237  0660  00F9               	movwf	btemp+5
   238  0661  120A  118A  2720   	fcall	ftmul
   239  0664  120A  118A  2761   	fcall	fttol
   240  0667  0874               	movf	btemp,w
   241  0668  00A2               	movwf	?a_adcinit
   242  0669  0875               	movf	btemp+1,w
   243  066A  00A3               	movwf	?a_adcinit+1
   244                           ;ADC2.C: 97: disp[0]=AD/100;
   245  066B  3064               	movlw	100
   246  066C  00F6               	movwf	btemp+2
   247  066D  01F7               	clrf	btemp+3
   248  066E  0823               	movf	?a_adcinit+1,w
   249  066F  00F5               	movwf	btemp+1
   250  0670  0822               	movf	?a_adcinit,w
   251  0671  00F4               	movwf	btemp
   252  0672  120A  118A  27A0   	fcall	awdiv
   253  0675  0878               	movf	btemp+4,w
   254  0676  00A7               	movwf	_disp
   255                           ;ADC2.C: 98: disp[1]=AD%100/10;
   256  0677  3064               	movlw	100
   257  0678  00F6               	movwf	btemp+2
   258  0679  01F7               	clrf	btemp+3
   259  067A  0823               	movf	?a_adcinit+1,w
   260  067B  00F5               	movwf	btemp+1
   261  067C  0822               	movf	?a_adcinit,w
   262  067D  00F4               	movwf	btemp
   263  067E  120A  118A  27A0   	fcall	awmod
   264  0681  300A               	movlw	10
   265  0682  00F6               	movwf	btemp+2
   266  0683  3000               	movlw	0
   267  0684  01F7               	clrf	btemp+3
   268  0685  120A  118A  27A0   	fcall	awdiv
   269  0688  0878               	movf	btemp+4,w
   270  0689  00A8               	movwf	_disp+1
   271                           ;ADC2.C: 99: disp[2]=AD%100%10;
   272  068A  3064               	movlw	100
   273  068B  00F6               	movwf	btemp+2
   274  068C  01F7               	clrf	btemp+3
   275  068D  0823               	movf	?a_adcinit+1,w
   276  068E  00F5               	movwf	btemp+1
   277  068F  0822               	movf	?a_adcinit,w
   278  0690  00F4               	movwf	btemp
   279  0691  120A  118A  27A0   	fcall	awmod
   280  0694  300A               	movlw	10
   281  0695  00F6               	movwf	btemp+2
   282  0696  3000               	movlw	0
   283  0697  01F7               	clrf	btemp+3
   284  0698  120A  118A  27A0   	fcall	awmod
      +       120A  118A         
   285  069D  0874               	movf	btemp,w
   286  069E  00A9               	movwf	_disp+2
   287                           ;ADC2.C: 100: }
   288  069F  0008               	return	;W free
   289  06A0                     _Board_init
   290                           ;BoardConfig.h: 17: void Board_init(void)
   291  06A0  1683               	bsf	3,5
   292  06A1  1303               	bcf	3,6	;carry unused
   293  06A2  0185               	clrf	5	;volatile
   294                           ;BoardConfig.h: 22: TRISB=0x00;
   295  06A3  0186               	clrf	6	;volatile
   296                           ;BoardConfig.h: 23: TRISC=0x00;
   297  06A4  0187               	clrf	7	;volatile
   298                           ;BoardConfig.h: 24: TRISD=0x00;
   299  06A5  0188               	clrf	8	;volatile
   300                           ;BoardConfig.h: 25: TRISE=0X00;
   301  06A6  0189               	clrf	9	;volatile
   302                           ;BoardConfig.h: 30: PORTD=0XFF;
   303  06A7  30FF               	movlw	-1
   304  06A8  1283               	bcf	3,5
   305  06A9  0088               	movwf	8	;volatile
   306                           ;BoardConfig.h: 31: RA3=0;
   307  06AA  1185               	bcf	5,3
   308                           ;BoardConfig.h: 32: RC5=1;
   309  06AB  1687               	bsf	7,5
   310                           ;BoardConfig.h: 33: asm ("NOP");
   311  06AC  0000               	nop	;#
   312                           ;BoardConfig.h: 34: asm ("NOP");
   313  06AD  0000               	nop	;#
   314                           ;BoardConfig.h: 35: RC5=0;
   315  06AE  1287               	bcf	7,5
   316                           ;BoardConfig.h: 39: RC3=1;
   317  06AF  1587               	bsf	7,3
   318                           ;BoardConfig.h: 40: asm ("NOP");
   319  06B0  0000               	nop	;#
   320                           ;BoardConfig.h: 41: asm ("NOP");
   321  06B1  0000               	nop	;#
   322                           ;BoardConfig.h: 42: RC3=0;
   323  06B2  1187               	bcf	7,3
   324                           ;BoardConfig.h: 46: RC4=1;
   325  06B3  1607               	bsf	7,4
   326                           ;BoardConfig.h: 47: PORTD=0X00;
   327  06B4  0188               	clrf	8	;volatile
   328                           ;BoardConfig.h: 48: asm ("NOP");
   329  06B5  0000               	nop	;#
   330                           ;BoardConfig.h: 49: asm ("NOP");
   331  06B6  0000               	nop	;#
   332                           ;BoardConfig.h: 50: RC4=0;
   333  06B7  1207               	bcf	7,4
   334                           ;BoardConfig.h: 52: PORTD=0XFF;
   335  06B8  0088               	movwf	8	;volatile
   336                           ;BoardConfig.h: 54: RC2=1;
   337  06B9  1507               	bsf	7,2
   338                           ;BoardConfig.h: 56: RE0=0;
   339  06BA  1009               	bcf	9,0
   340                           ;BoardConfig.h: 57: RE1=0;
   341  06BB  1089               	bcf	9,1
   342                           ;BoardConfig.h: 58: RE2=0;
   343  06BC  1109               	bcf	9,2
   344                           ;BoardConfig.h: 59: }
   345  06BD  0008               	return	;#
   346  06BE                     _main
   347                           ;ADC2.C: 103: void main()
   348  06BE  26A0               	fcall	_Board_init
   349                           ;ADC2.C: 106: TRISA0=1;
   350  06BF  1683               	bsf	3,5
   351  06C0  1405               	bsf	5,0
   352  06C1                     l22
   353                           ;ADC2.C: 107: while(1)
   354                           ;ADC2.C: 108: {
   355  06C1  2622  120A  118A   	fcall	_adcinit
   356                           ;ADC2.C: 110: xianshi();
   357  06C4  25E1               	fcall	_xianshi
   358  06C5  2EC1               	goto	l22
   359                           
   360                           	psect	text6
   361  0000                     
   362  0000                     
   363  0000                     
   364  0000                     
   365  0000                     
   366  0000                     
   367  0000                     
   368  0000                     
   369  0000                     
   370  0000                     
   371  0000                     
   372  0000                     
   373  0000                     
   374  0000                     
   375  0000                     
   376  0000                     
   377  0000                     
   378  0000                     
   379  0000                     
   380  0000                     
   381  0000                     
   382  0000                     
   383  0000                     
   384  0000                     
   385  0000                     
   386  0000                     
   387  0000                     
   388  0000                     
   389  0000                     
   390  0000                     
   391  0000                     
   392  0000                     
   393  0000                     
   394  0000                     
   395  0000                     
   396  0000                     
   397  0000                     
   398  0000                     
   399  0000                     
   400  0000                     
   401  0000                     
   402  0000                     
   403  0000                     
   404  0000                     
   405  0000                     
   406  0000                     
   407  0000                     
   408  0000                     
   409  0000                     
   410  0000                     
   411  0000                     
   412  0000                     
   413  0000                     
   414  0000                     
   415  0000                     
   416  0000                     
   417  0000                     
   418  0000                     
   419  0000                     
   420  0000                     
   421  0000                     
   422  0000                     
   423  0000                     
   424  0000                     
   425  0000                     
   426  0000                     
   427  0000                     
   428  0000                     
   429  0000                     
   430  0000                     
   431  0000                     
   432  0000                     
   433  0000                     
   434  0000                     
   435  0000                     
   436  0000                     
   437  0000                     
   438  0000                     
   439  0000                     
   440  0000                     
   441  0000                     
   442  0000                     
   443  0000                     
   444  0000                     
   445  0000                     
   446  0000                     
   447  0000                     
   448  0000                     
   449  0000                     
   450  0000                     
   451  0000                     
   452  0000                     
   453  0000                     
   454  0000                     
   455  0000                     
   456  0000                     
   457  0000                     
   458  0000                     
   459  0000                     
   460  0000                     
   461  0000                     
   462  0000                     
   463  0000                     
   464  0000                     
   465  0000                     
   466  0000                     
   467  0000                     
   468  0000                     
   469  0000                     
   470  0000                     
   471  0000                     
   472  0000                     
   473  0000                     
   474  0000                     
   475  0000                     
   476  0000                     
   477  0000                     
   478  0000                     
   479  0000                     
   480  0000                     
   481  0000                     
   482  0000                     
   483  0000                     
   484  0000                     
   485  0000                     
   486  0000                     
   487  0000                     
   488  0000                     
   489  0000                     
   490  0000                     
   491  0000                     
   492  0000                     
   493  0000                     
   494  0000                     
   495  0000                     
   496  0000                     
   497  0000                     
   498  0000                     
   499  0000                     
   500  0000                     
   501  0000                     
   502  0000                     
   503  0000                     
   504  0000                     
   505  0000                     
   506  0000                     
   507  0000                     
   508  0000                     
   509  0000                     
   510  0000                     
   511  0000                     
   512  0000                     
   513  0000                     
   514  0000                     
   515  0000                     
   516  0000                     
   517  0000                     
   518  0000                     
   519  0000                     
   520  0000                     
   521  0000                     
   522  0000                     
   523  0000                     
   524  0000                     
   525  0000                     
   526  0000                     
   527  0000                     
   528  0000                     
   529  0000                     
   530  0000                     
   531  0000                     
   532  0000                     
   533  0000                     
   534  0000                     
   535  0000                     
   536  0000                     
   537  0000                     
   538  0000                     
   539  0000                     
   540  0000                     
   541  0000                     
   542  0000                     
   543  0000                     
   544  0000                     
   545  0000                     
   546  0000                     
   547  0000                     
   548  0000                     
   549  0000                     
   550  0000                     
   551  0000                     
   552  0000                     
   553  0000                     
   554  0000                     
   555  0000                     
   556  0000                     
   557  0000                     
   558  0000                     
   559  0000                     
   560  0000                     
   561  0000                     
   562  0000                     
   563  0000                     
   564  0000                     
   565  0000                     
   566  0000                     
   567  0000                     
   568  0000                     
   569  0000                     
   570  0000                     
   571  0000                     
   572  0000                     
   573  0000                     
   574  0000                     
   575  0000                     
   576  0000                     
   577  0000                     
   578  0000                     
   579  0000                     
   580  0000                     
   581  0000                     
   582  0000                     
   583  0000                     
   584  0000                     
   585  0000                     
   586  0000                     
   587  0000                     
   588  0000                     
   589  0000                     
   590  0000                     
   591  0000                     
   592  0000                     
   593  0000                     
   594  0000                     
   595  0000                     
   596  0000                     
   597  0000                     
   598  0000                     
   599  0000                     
   600  0000                     
   601  0000                     
   602  0000                     
   603  0000                     
   604  0000                     
   605  0000                     
   606  0000                     
   607  0000                     
   608  0000                     
   609  0000                     
   610  0000                     
   611  0000                     
   612  0000                     
   613  0000                     
   614  0000                     
   615  0000                     
   616  0000                     
   617  0000                     
   618  0000                     
   619  0000                     
   620  0000                     
   621  0000                     
   622  0000                     
   623  0000                     
   624  0000                     
   625  0000                     
   626  0000                     
   627  0000                     
   628  0000                     
   629  0000                     
   630  0000                     
   631  0000                     
   632  0000                     
   633  0000                     
   634  0000                     
   635  0000                     
   636  0000                     
   637  0000                     
   638                           
   639                           	psect	rbss_0
   640  0020                     _caiji_val
                     _caiji_val
   641  0020                     	ds	2
   642                           
   643                           	psect	temp
   644  0074                     btemp
                     btemp
   645  0074                     	ds	6


HI-TECH Software PICC Macro Assembler V9.60
Symbol Table                                          Tue Apr 23 16:19:00 2013

           l3 0616             l9 061D             pc 0002  
          l11 05E6            l22 06C1            l17 0634  
          u65 064A            fsr 0004     ?a_adcinit 0022  
   ?a_delayMS 0025     ?a_delayUS 0026          f2863 0024  
        _disp 0027          _main 06BE          btemp 0074  
        awdiv 07A0          awmod 07A0          ftmul 0720  
        fttol 0761     ?a_xianshi 0022          start 0000  
     _adcinit 0622       _delayMS 061B       _delayUS 0614  
  _Board_init 06A0       _saomiao 0048         _table 003B  
     _xianshi 05E1         awtoft 0797         pclath 000A  
       status 0003     _caiji_val 0020    used_btemp0 0001  
  used_btemp1 0001    used_btemp2 0001    used_btemp3 0001  
  used_btemp4 0001    used_btemp5 0001  
