

HI-TECH Software PICC Macro Assembler V9.60
                                                      Tue Apr 23 16:16:57 2013


     1                           	processor	16F877A
     2                           	opt	pw 79
     3                           	psect	text0,local,class=CODE,delta=2
     4                           	psect	config,global,class=CONFIG,delta=2
     5                           	psect	text2,local,class=CODE,delta=2
     6                           	psect	intcode,global,class=CODE,delta=2
     7                           	psect	intsave_0,global,ovrld,class=COMBANK,spa
      +                          ce=1,delta=1
     8                           	psect	intret,global,class=CODE,delta=2
     9                           	psect	intentry,global,class=CODE,delta=2
    10                           	psect	intsave,global,class=BANK0,space=1,delta
      +                          =1
    11                           	psect	rbss_0,global,class=BANK0,space=1,delta=
      +                          1
    12  0000                     
    13  0000                     
    14  0000                     
    15  0000                     
    16  0000                     
    17  0000                     
    18  0000                     
    19  0000                     
    20  0000                     
    21  0000                     
    22                           
    23                           	psect	text0
    24  0023                     _Board_init
    25                           ;BoardConfig.h: 17: void Board_init(void)
    26  0023  1683               	bsf	3,5
    27  0024  1303               	bcf	3,6	;carry unused
    28  0025  0185               	clrf	5	;volatile
    29                           ;BoardConfig.h: 22: TRISB=0x00;
    30  0026  0186               	clrf	6	;volatile
    31                           ;BoardConfig.h: 23: TRISC=0x00;
    32  0027  0187               	clrf	7	;volatile
    33                           ;BoardConfig.h: 24: TRISD=0x00;
    34  0028  0188               	clrf	8	;volatile
    35                           ;BoardConfig.h: 25: TRISE=0X00;
    36  0029  0189               	clrf	9	;volatile
    37                           ;BoardConfig.h: 30: PORTD=0XFF;
    38  002A  30FF               	movlw	-1
    39  002B  1283               	bcf	3,5
    40  002C  0088               	movwf	8	;volatile
    41                           ;BoardConfig.h: 31: RA3=0;
    42  002D  1185               	bcf	5,3
    43                           ;BoardConfig.h: 32: RC5=1;
    44  002E  1687               	bsf	7,5
    45                           ;BoardConfig.h: 33: asm ("NOP");
    46  002F  0000               	nop	;#
    47                           ;BoardConfig.h: 34: asm ("NOP");
    48  0030  0000               	nop	;#
    49                           ;BoardConfig.h: 35: RC5=0;
    50  0031  1287               	bcf	7,5
    51                           ;BoardConfig.h: 39: RC3=1;
    52  0032  1587               	bsf	7,3
    53                           ;BoardConfig.h: 40: asm ("NOP");
    54  0033  0000               	nop	;#
    55                           ;BoardConfig.h: 41: asm ("NOP");
    56  0034  0000               	nop	;#
    57                           ;BoardConfig.h: 42: RC3=0;
    58  0035  1187               	bcf	7,3
    59                           ;BoardConfig.h: 46: RC4=1;
    60  0036  1607               	bsf	7,4
    61                           ;BoardConfig.h: 47: PORTD=0X00;
    62  0037  0188               	clrf	8	;volatile
    63                           ;BoardConfig.h: 48: asm ("NOP");
    64  0038  0000               	nop	;#
    65                           ;BoardConfig.h: 49: asm ("NOP");
    66  0039  0000               	nop	;#
    67                           ;BoardConfig.h: 50: RC4=0;
    68  003A  1207               	bcf	7,4
    69                           ;BoardConfig.h: 52: PORTD=0XFF;
    70  003B  0088               	movwf	8	;volatile
    71                           ;BoardConfig.h: 54: RC2=1;
    72  003C  1507               	bsf	7,2
    73                           ;BoardConfig.h: 56: RE0=0;
    74  003D  1009               	bcf	9,0
    75                           ;BoardConfig.h: 57: RE1=0;
    76  003E  1089               	bcf	9,1
    77                           ;BoardConfig.h: 58: RE2=0;
    78  003F  1109               	bcf	9,2
    79                           ;BoardConfig.h: 59: }
    80  0040  0008               	return	;#
    81  0041                     _main
    82                           ;Timer_INT.C: 16: void main (void)
    83  0041  2023               	fcall	_Board_init
    84                           ;Timer_INT.C: 19: RC5=1;
    85  0042  1687               	bsf	7,5
    86                           ;Timer_INT.C: 21: OPTION=0x07;
    87  0043  3007               	movlw	7
    88  0044  1683               	bsf	3,5
    89  0045  0081               	movwf	1
    90                           ;Timer_INT.C: 22: INTCON=0XA0;
    91  0046  30A0               	movlw	-96
    92  0047  008B               	movwf	11	;volatile
    93                           ;Timer_INT.C: 23: TMR0=0xc3;
    94  0048  30C3               	movlw	-61
    95  0049  1283               	bcf	3,5
    96  004A  0081               	movwf	1	;volatile
    97                           ;Timer_INT.C: 25: while(1);
    98  004B                     l3
    99  004B  284B               	goto	l3
   100                           
   101                           	psect	config
   102  2007  3F32               	dw	16178	;#
   103                           
   104                           	psect	intcode
   105  000B                     _TMR0INT
   106  000B                     int_func
   107                           ;Timer_INT.C: 29: void interrupt TMR0INT()
   108  000B  110B               	bcf	11,2
   109                           ;Timer_INT.C: 32: couter++;
   110  000C  1283               	bcf	3,5
   111  000D  1303               	bcf	3,6	;carry unused
   112  000E  0AA0               	incf	_couter
   113                           ;Timer_INT.C: 33: if(couter==30)
   114  000F  0820               	movf	_couter,w
   115  0010  3A1E               	xorlw	30
   116  0011  1D03               	btfss	3,2
   117  0012  2816               	goto	l7
   118                           ;Timer_INT.C: 34: {
   119  0013  01A0               	clrf	_couter
   120                           ;Timer_INT.C: 36: RD0=!RD0;
   121  0014  3001               	movlw	1
   122  0015  0688               	xorwf	8
   123  0016                     l7
   124                           ;Timer_INT.C: 37: }
   125  0016  30C3               	movlw	-61
   126  0017  0081               	movwf	1	;volatile
   127                           
   128                           	psect	intsave_0
   129  007F                     saved_w
                     saved_w
   130  007F                     	ds	1
   131                           
   132                           	psect	intret
   133  0018  0822               	movf	saved_pclath,w
   134  0019  008A               	movwf	10
   135  001A                     int_restore
   136  001A  0821               	movf	saved_status,w
   137  001B  0083               	movwf	3
   138  001C  0EFF               	swapf	saved_w
   139  001D  0E7F               	swapf	saved_w,w
   140  001E  0009               	retfie
   141                           
   142                           	psect	intentry
   143  0004                     int_entry
   144  0004  00FF               	movwf	saved_w
   145  0005  0803               	movf	3,w
   146  0006  0183               	clrf	3
   147  0007  00A1               	movwf	saved_status
   148  0008  080A               	movf	10,w
   149  0009  00A2               	movwf	saved_pclath
   150  000A  018A               	clrf	10
   151  0000                     
   152  0000                     
   153  0000                     
   154  0000                     
   155  0000                     
   156  0000                     
   157  0000                     
   158  0000                     
   159  0000                     
   160  0000                     
   161  0000                     
   162  0000                     
   163  0000                     
   164  0000                     
   165  0000                     
   166  0000                     
   167  0000                     
   168  0000                     
   169  0000                     
   170  0000                     
   171  0000                     
   172  0000                     
   173  0000                     
   174  0000                     
   175  0000                     
   176  0000                     
   177  0000                     
   178  0000                     
   179  0000                     
   180  0000                     
   181  0000                     
   182  0000                     
   183  0000                     
   184  0000                     
   185  0000                     
   186  0000                     
   187  0000                     
   188  0000                     
   189  0000                     
   190  0000                     
   191  0000                     
   192  0000                     
   193  0000                     
   194  0000                     
   195  0000                     
   196  0000                     
   197  0000                     
   198  0000                     
   199  0000                     
   200  0000                     
   201  0000                     
   202  0000                     
   203  0000                     
   204  0000                     
   205  0000                     
   206  0000                     
   207  0000                     
   208  0000                     
   209  0000                     
   210  0000                     
   211  0000                     
   212  0000                     
   213  0000                     
   214  0000                     
   215  0000                     
   216  0000                     
   217  0000                     
   218  0000                     
   219  0000                     
   220  0000                     
   221  0000                     
   222  0000                     
   223  0000                     
   224  0000                     
   225  0000                     
   226  0000                     
   227  0000                     
   228  0000                     
   229  0000                     
   230  0000                     
   231  0000                     
   232  0000                     
   233  0000                     
   234  0000                     
   235  0000                     
   236  0000                     
   237  0000                     
   238  0000                     
   239  0000                     
   240  0000                     
   241  0000                     
   242  0000                     
   243  0000                     
   244  0000                     
   245  0000                     
   246  0000                     
   247  0000                     
   248  0000                     
   249  0000                     
   250  0000                     
   251  0000                     
   252  0000                     
   253  0000                     
   254  0000                     
   255  0000                     
   256  0000                     
   257  0000                     
   258  0000                     
   259  0000                     
   260  0000                     
   261  0000                     
   262  0000                     
   263  0000                     
   264  0000                     
   265  0000                     
   266  0000                     
   267  0000                     
   268  0000                     
   269  0000                     
   270  0000                     
   271  0000                     
   272  0000                     
   273  0000                     
   274  0000                     
   275  0000                     
   276  0000                     
   277  0000                     
   278  0000                     
   279  0000                     
   280  0000                     
   281  0000                     
   282  0000                     
   283  0000                     
   284  0000                     
   285  0000                     
   286  0000                     
   287  0000                     
   288  0000                     
   289  0000                     
   290  0000                     
   291  0000                     
   292  0000                     
   293  0000                     
   294  0000                     
   295  0000                     
   296  0000                     
   297  0000                     
   298  0000                     
   299  0000                     
   300  0000                     
   301  0000                     
   302  0000                     
   303  0000                     
   304  0000                     
   305  0000                     
   306  0000                     
   307  0000                     
   308  0000                     
   309  0000                     
   310  0000                     
   311  0000                     
   312  0000                     
   313  0000                     
   314  0000                     
   315  0000                     
   316  0000                     
   317  0000                     
   318  0000                     
   319  0000                     
   320  0000                     
   321  0000                     
   322  0000                     
   323  0000                     
   324  0000                     
   325  0000                     
   326  0000                     
   327  0000                     
   328  0000                     
   329  0000                     
   330  0000                     
   331  0000                     
   332  0000                     
   333  0000                     
   334  0000                     
   335  0000                     
   336  0000                     
   337  0000                     
   338  0000                     
   339  0000                     
   340  0000                     
   341  0000                     
   342  0000                     
   343  0000                     
   344  0000                     
   345  0000                     
   346  0000                     
   347  0000                     
   348  0000                     
   349  0000                     
   350  0000                     
   351  0000                     
   352  0000                     
   353  0000                     
   354  0000                     
   355  0000                     
   356  0000                     
   357  0000                     
   358  0000                     
   359  0000                     
   360  0000                     
   361  0000                     
   362  0000                     
   363  0000                     
   364  0000                     
   365  0000                     
   366  0000                     
   367  0000                     
   368  0000                     
   369  0000                     
   370  0000                     
   371  0000                     
   372  0000                     
   373  0000                     
   374  0000                     
   375  0000                     
   376  0000                     
   377  0000                     
   378  0000                     
   379  0000                     
   380  0000                     
   381  0000                     
   382  0000                     
   383  0000                     
   384  0000                     
   385  0000                     
   386  0000                     
   387  0000                     
   388  0000                     
   389  0000                     
   390  0000                     
   391  0000                     
   392  0000                     
   393  0000                     
   394  0000                     
   395  0000                     
   396  0000                     
   397  0000                     
   398  0000                     
   399  0000                     
   400  0000                     
   401  0000                     
   402  0000                     
   403  0000                     
   404  0000                     
   405  0000                     
   406  0000                     
   407  0000                     
   408  0000                     
   409  0000                     
   410  0000                     
   411  0000                     
   412  0000                     
   413  0000                     
   414  0000                     
   415  0000                     
   416  0000                     
   417  0000                     
   418  0000                     
   419  0000                     
   420  0000                     
   421  0000                     
   422  0000                     
   423  0000                     
   424  0000                     
   425  0000                     
   426  0000                     
   427  0000                     
   428                           
   429                           	psect	intsave
   430  0021                     saved_status
                     saved_status
   431  0021                     	ds	1
   432  0022                     saved_pclath
                     saved_pclath
   433  0022                     	ds	1
   434                           
   435                           	psect	rbss_0
   436  0020                     _couter
                     _couter
   437  0020                     	ds	1


HI-TECH Software PICC Macro Assembler V9.60
Symbol Table                                          Tue Apr 23 16:16:57 2013

          l3 004B            l7 0016      _TMR0INT 000B       _couter 0020  
       _main 0041         start 001F       saved_w 007F     int_entry 0004  
 _Board_init 0023  saved_pclath 0022        pclath 000A  saved_status 0021  
      status 0003      int_func 000B   int_restore 001A  
