

HI-TECH Software PICC Macro Assembler V9.60
                                                      Tue Apr 23 16:05:19 2013


     1                           	processor	16F877A
     2                           	opt	pw 79
     3                           	psect	text0,local,class=CODE,delta=2
     4                           	psect	config,global,class=CONFIG,delta=2
     5                           	psect	rdata_0,global,class=BANK0,space=1,delta
      +                          =1
     6                           	psect	idata_0,global,class=CODE,delta=2
     7                           	psect	text3,local,class=CODE,delta=2
     8                           	psect	text4,local,class=CODE,delta=2
     9  0000                     
    10  0000                     
    11  0000                     
    12  0000                     
    13  0000                     
    14  0000                     
    15  0000                     
    16  0000                     
    17  0000                     
    18  0000                     
    19                           
    20                           	psect	text0
    21  07A8                     _Board_init
    22                           ;BoardConfig.h: 17: void Board_init(void)
    23  07A8  1683               	bsf	3,5
    24  07A9  1303               	bcf	3,6	;carry unused
    25  07AA  0185               	clrf	5	;volatile
    26                           ;BoardConfig.h: 22: TRISB=0x00;
    27  07AB  0186               	clrf	6	;volatile
    28                           ;BoardConfig.h: 23: TRISC=0x00;
    29  07AC  0187               	clrf	7	;volatile
    30                           ;BoardConfig.h: 24: TRISD=0x00;
    31  07AD  0188               	clrf	8	;volatile
    32                           ;BoardConfig.h: 25: TRISE=0X00;
    33  07AE  0189               	clrf	9	;volatile
    34                           ;BoardConfig.h: 30: PORTD=0XFF;
    35  07AF  30FF               	movlw	-1
    36  07B0  1283               	bcf	3,5
    37  07B1  0088               	movwf	8	;volatile
    38                           ;BoardConfig.h: 31: RA3=0;
    39  07B2  1185               	bcf	5,3
    40                           ;BoardConfig.h: 32: RC5=1;
    41  07B3  1687               	bsf	7,5
    42                           ;BoardConfig.h: 33: asm ("NOP");
    43  07B4  0000               	nop	;#
    44                           ;BoardConfig.h: 34: asm ("NOP");
    45  07B5  0000               	nop	;#
    46                           ;BoardConfig.h: 35: RC5=0;
    47  07B6  1287               	bcf	7,5
    48                           ;BoardConfig.h: 39: RC3=1;
    49  07B7  1587               	bsf	7,3
    50                           ;BoardConfig.h: 40: asm ("NOP");
    51  07B8  0000               	nop	;#
    52                           ;BoardConfig.h: 41: asm ("NOP");
    53  07B9  0000               	nop	;#
    54                           ;BoardConfig.h: 42: RC3=0;
    55  07BA  1187               	bcf	7,3
    56                           ;BoardConfig.h: 46: RC4=1;
    57  07BB  1607               	bsf	7,4
    58                           ;BoardConfig.h: 47: PORTD=0X00;
    59  07BC  0188               	clrf	8	;volatile
    60                           ;BoardConfig.h: 48: asm ("NOP");
    61  07BD  0000               	nop	;#
    62                           ;BoardConfig.h: 49: asm ("NOP");
    63  07BE  0000               	nop	;#
    64                           ;BoardConfig.h: 50: RC4=0;
    65  07BF  1207               	bcf	7,4
    66                           ;BoardConfig.h: 52: PORTD=0XFF;
    67  07C0  0088               	movwf	8	;volatile
    68                           ;BoardConfig.h: 54: RC2=1;
    69  07C1  1507               	bsf	7,2
    70                           ;BoardConfig.h: 56: RE0=0;
    71  07C2  1009               	bcf	9,0
    72                           ;BoardConfig.h: 57: RE1=0;
    73  07C3  1089               	bcf	9,1
    74                           ;BoardConfig.h: 58: RE2=0;
    75  07C4  1109               	bcf	9,2
    76                           ;BoardConfig.h: 59: }
    77  07C5  0008               	return	;#
    78  07C6                     _main
    79                           ;	_key assigned to ?a_main+0
    80  0000                     _main$key	set	?a_main
    81                           ;KEY_3.C: 24: void main (void)
    82  07C6  27A8               	fcall	_Board_init
    83                           ;KEY_3.C: 30: TRISB=0X0F;
    84  07C7  300F               	movlw	15
    85  07C8  1683               	bsf	3,5
    86  07C9  0086               	movwf	6	;volatile
    87                           ;KEY_3.C: 31: PORTB=0X0F;
    88  07CA  1283               	bcf	3,5
    89  07CB  0086               	movwf	6	;volatile
    90                           ;KEY_3.C: 32: OPTION&=0x7f;
    91  07CC  1683               	bsf	3,5
    92  07CD  1381               	bcf	1,7
    93                           ;KEY_3.C: 34: ADCON1=0X00;
    94  07CE  019F               	clrf	31	;volatile
    95  07CF                     l4
    96                           ;KEY_3.C: 36: while(1)
    97                           ;KEY_3.C: 37: {
    98  07CF  1283               	bcf	3,5
    99  07D0  0806               	movf	6,w	;volatile
   100  07D1  390F               	andlw	15
   101  07D2  00A0               	movwf	?a_main
   102                           ;KEY_3.C: 39: if(key !=0x0F)
   103  07D3  3A0F               	xorlw	15
   104  07D4  1D03               	btfss	3,2
   105  07D5  2FE8               	goto	l8
   106  07D6  2FF5               	goto	l6
   107                           ;KEY_3.C: 40: {
   108  07D7                     l9
   109                           ;KEY_3.C: 42: {
   110                           ;KEY_3.C: 44: LED_DIS[2]=0Xf9;
   111  07D7  30F9               	movlw	-7
   112  07D8  00A7               	movwf	_LED_DIS+2
   113                           ;KEY_3.C: 45: LED_DIS[3]=0XF8;
   114  07D9  30F8               	movlw	-8
   115  07DA  2FE6               	goto	L3
   116                           ;KEY_3.C: 46: break;
   117  07DB                     l10
   118                           ;KEY_3.C: 47: case 0x0D:
   119                           ;KEY_3.C: 48: LED_DIS[2]=0Xf9;
   120  07DB  30F9               	movlw	-7
   121  07DC  00A7               	movwf	_LED_DIS+2
   122                           ;KEY_3.C: 49: LED_DIS[3]=0X80;
   123  07DD  3080               	movlw	-128
   124  07DE  2FE6               	goto	L3
   125                           ;KEY_3.C: 50: break;
   126  07DF                     l11
   127                           ;KEY_3.C: 51: case 0x0B:
   128                           ;KEY_3.C: 52: LED_DIS[2]=0Xf9;
   129  07DF  30F9               	movlw	-7
   130  07E0  00A7               	movwf	_LED_DIS+2
   131                           ;KEY_3.C: 53: LED_DIS[3]=0X90;
   132  07E1  3090               	movlw	-112
   133  07E2  2FE6               	goto	L3
   134                           ;KEY_3.C: 54: break;
   135  07E3                     l12
   136                           ;KEY_3.C: 55: case 0x07:
   137                           ;KEY_3.C: 56: LED_DIS[2]=0XA4;
   138  07E3  30A4               	movlw	-92
   139  07E4  00A7               	movwf	_LED_DIS+2
   140                           ;KEY_3.C: 57: LED_DIS[3]=0XC0;
   141  07E5  30C0               	movlw	-64
   142  07E6                     L3
   143  07E6  00A8               	movwf	_LED_DIS+3
   144                           ;KEY_3.C: 58: break;
   145  07E7  2FF5               	goto	l6
   146  07E8                     l8
   147  07E8  0820               	movf	?a_main,w
   148  07E9  3A07               	xorlw	7
   149  07EA  1903               	btfsc	3,2
   150  07EB  2FE3               	goto	l12
   151  07EC  3A0C               	xorlw	12
   152  07ED  1903               	btfsc	3,2
   153  07EE  2FDF               	goto	l11
   154  07EF  3A06               	xorlw	6
   155  07F0  1903               	btfsc	3,2
   156  07F1  2FDB               	goto	l10
   157  07F2  3A03               	xorlw	3
   158  07F3  1903               	btfsc	3,2
   159  07F4  2FD7               	goto	l9
   160  07F5                     l6
   161                           ;KEY_3.C: 60: }
   162  07F5  120A  118A  2785   	fcall	_LED_DISPLAY
      +       120A  118A         
   163  07FA  2FCF               	goto	l4
   164                           
   165                           	psect	config
   166  2007  3F32               	dw	16178	;#
   167                           
   168                           	psect	rdata_0
   169  0025                     _LED_DIS
                     _LED_DIS
   170  0025                     	ds	1
                     	ds	1
   171  0026                     	ds	1
                     	ds	1
   172  0027                     	ds	1
                     	ds	1
   173  0028                     	ds	1
                     	ds	1
   174  0029                     	ds	1
   175                           
   176                           	psect	idata_0
   177  07FB  3492               	retlw	-110
   178  07FC  34BF               	retlw	-65
   179  07FD  34C0               	retlw	-64
   180  07FE  34C0               	retlw	-64
   181  07FF  3400               	retlw	0
   182                           
   183                           	psect	text3
   184  077B                     _delay
   185                           ;	_a assigned to ?a_delay+0
   186  0000                     _delay$a	set	?a_delay
   187                           ;_a stored from w
   188  077B  0183               	clrf	3	;select bank 0
   189  077C  00A4               	movwf	?a_delay
   190                           ;KEY_3.C: 112: void delay(unsigned char a,unsig
      +                          ned char i)
   191  077D  2F80               	goto	l18
   192                           ;KEY_3.C: 115: while(--i);
   193  077E                     l21
   194  077E  0BA3               	decfsz	?_delay
   195  077F  2F7E               	goto	l21
   196  0780                     l18
   197  0780  1283               	bcf	3,5
   198  0781  1303               	bcf	3,6	;carry unused
   199  0782  0BA4               	decfsz	?a_delay
   200  0783  2F7E               	goto	l21
   201  0784  0008               	return
   202  0785                     _LED_DISPLAY
   203                           ;	_TEMP assigned to ?a_LED_DISPLAY+0
   204  0000                     _LED_DISPLAY$TEMP	set	?a_LED_DISPLAY
   205                           ;	_i assigned to ?a_LED_DISPLAY+1
   206  0000                     _LED_DISPLAY$i	set	?a_LED_DISPLAY+1
   207                           ;KEY_3.C: 72: void LED_DISPLAY(void)
   208  0785  0183               	clrf	3	;select bank 0
   209  0786  1185               	bcf	5,3
   210                           ;KEY_3.C: 76: TEMP=0X80;
   211  0787  3080               	movlw	-128
   212  0788  00A1               	movwf	?a_LED_DISPLAY
   213                           ;KEY_3.C: 77: for(i=0;i<4;i++)
   214  0789  01A2               	clrf	?a_LED_DISPLAY+1
   215  078A                     l14
   216                           ;KEY_3.C: 78: {
   217  078A  1607               	bsf	7,4
   218                           ;KEY_3.C: 82: PORTD=TEMP;
   219  078B  0821               	movf	?a_LED_DISPLAY,w
   220  078C  0088               	movwf	8	;volatile
   221                           ;KEY_3.C: 83: RC4=0;
   222  078D  1207               	bcf	7,4
   223                           ;KEY_3.C: 87: RC3=1;
   224  078E  1587               	bsf	7,3
   225                           ;KEY_3.C: 88: PORTD=LED_DIS[i];
   226  078F  0822               	movf	?a_LED_DISPLAY+1,w
   227  0790  3E25               	addlw	_LED_DIS
   228  0791  0084               	movwf	4
   229  0792  1383               	bcf	3,7
   230  0793  0800               	movf	0,w
   231  0794  0088               	movwf	8	;volatile
   232                           ;KEY_3.C: 89: RC3=0;
   233  0795  1187               	bcf	7,3
   234                           ;KEY_3.C: 92: TEMP>>=1;
   235  0796  1003               	bcf	3,0
   236  0797  0CA1               	rrf	?a_LED_DISPLAY
   237                           ;KEY_3.C: 93: delay(10,10);
   238  0798  300A               	movlw	10
   239  0799  00A3               	movwf	?_delay
   240  079A  277B               	fcall	_delay
   241                           ;KEY_3.C: 96: RC4=1;
   242  079B  1607               	bsf	7,4
   243                           ;KEY_3.C: 97: PORTD=0X00;
   244  079C  0188               	clrf	8	;volatile
   245                           ;KEY_3.C: 98: RC4=0;
   246  079D  1207               	bcf	7,4
   247                           ;KEY_3.C: 99: delay(1,10);
   248  079E  300A               	movlw	10
   249  079F  00A3               	movwf	?_delay
   250  07A0  3001               	movlw	1
   251  07A1  277B               	fcall	_delay
   252  07A2  0AA2               	incf	?a_LED_DISPLAY+1
   253  07A3  3004               	movlw	4
   254  07A4  0222               	subwf	?a_LED_DISPLAY+1,w
   255  07A5  1803               	btfsc	3,0
   256  07A6  0008               	return
   257  07A7  2F8A               	goto	l14
   258                           
   259                           	psect	text4
   260  0000                     
   261  0000                     
   262  0000                     
   263  0000                     
   264  0000                     
   265  0000                     
   266  0000                     
   267  0000                     
   268  0000                     
   269  0000                     
   270  0000                     
   271  0000                     
   272  0000                     
   273  0000                     
   274  0000                     
   275  0000                     
   276  0000                     
   277  0000                     
   278  0000                     
   279  0000                     
   280  0000                     
   281  0000                     
   282  0000                     
   283  0000                     
   284  0000                     
   285  0000                     
   286  0000                     
   287  0000                     
   288  0000                     
   289  0000                     
   290  0000                     
   291  0000                     
   292  0000                     
   293  0000                     
   294  0000                     
   295  0000                     
   296  0000                     
   297  0000                     
   298  0000                     
   299  0000                     
   300  0000                     
   301  0000                     
   302  0000                     
   303  0000                     
   304  0000                     
   305  0000                     
   306  0000                     
   307  0000                     
   308  0000                     
   309  0000                     
   310  0000                     
   311  0000                     
   312  0000                     
   313  0000                     
   314  0000                     
   315  0000                     
   316  0000                     
   317  0000                     
   318  0000                     
   319  0000                     
   320  0000                     
   321  0000                     
   322  0000                     
   323  0000                     
   324  0000                     
   325  0000                     
   326  0000                     
   327  0000                     
   328  0000                     
   329  0000                     
   330  0000                     
   331  0000                     
   332  0000                     
   333  0000                     
   334  0000                     
   335  0000                     
   336  0000                     
   337  0000                     
   338  0000                     
   339  0000                     
   340  0000                     
   341  0000                     
   342  0000                     
   343  0000                     
   344  0000                     
   345  0000                     
   346  0000                     
   347  0000                     
   348  0000                     
   349  0000                     
   350  0000                     
   351  0000                     
   352  0000                     
   353  0000                     
   354  0000                     
   355  0000                     
   356  0000                     
   357  0000                     
   358  0000                     
   359  0000                     
   360  0000                     
   361  0000                     
   362  0000                     
   363  0000                     
   364  0000                     
   365  0000                     
   366  0000                     
   367  0000                     
   368  0000                     
   369  0000                     
   370  0000                     
   371  0000                     
   372  0000                     
   373  0000                     
   374  0000                     
   375  0000                     
   376  0000                     
   377  0000                     
   378  0000                     
   379  0000                     
   380  0000                     
   381  0000                     
   382  0000                     
   383  0000                     
   384  0000                     
   385  0000                     
   386  0000                     
   387  0000                     
   388  0000                     
   389  0000                     
   390  0000                     
   391  0000                     
   392  0000                     
   393  0000                     
   394  0000                     
   395  0000                     
   396  0000                     
   397  0000                     
   398  0000                     
   399  0000                     
   400  0000                     
   401  0000                     
   402  0000                     
   403  0000                     
   404  0000                     
   405  0000                     
   406  0000                     
   407  0000                     
   408  0000                     
   409  0000                     
   410  0000                     
   411  0000                     
   412  0000                     
   413  0000                     
   414  0000                     
   415  0000                     
   416  0000                     
   417  0000                     
   418  0000                     
   419  0000                     
   420  0000                     
   421  0000                     
   422  0000                     
   423  0000                     
   424  0000                     
   425  0000                     
   426  0000                     
   427  0000                     
   428  0000                     
   429  0000                     
   430  0000                     
   431  0000                     
   432  0000                     
   433  0000                     
   434  0000                     
   435  0000                     
   436  0000                     
   437  0000                     
   438  0000                     
   439  0000                     
   440  0000                     
   441  0000                     
   442  0000                     
   443  0000                     
   444  0000                     
   445  0000                     
   446  0000                     
   447  0000                     
   448  0000                     
   449  0000                     
   450  0000                     
   451  0000                     
   452  0000                     
   453  0000                     
   454  0000                     
   455  0000                     
   456  0000                     
   457  0000                     
   458  0000                     
   459  0000                     
   460  0000                     
   461  0000                     
   462  0000                     
   463  0000                     
   464  0000                     
   465  0000                     
   466  0000                     
   467  0000                     
   468  0000                     
   469  0000                     
   470  0000                     
   471  0000                     
   472  0000                     
   473  0000                     
   474  0000                     
   475  0000                     
   476  0000                     
   477  0000                     
   478  0000                     
   479  0000                     
   480  0000                     
   481  0000                     
   482  0000                     
   483  0000                     
   484  0000                     
   485  0000                     
   486  0000                     
   487  0000                     
   488  0000                     
   489  0000                     
   490  0000                     
   491  0000                     
   492  0000                     
   493  0000                     
   494  0000                     
   495  0000                     
   496  0000                     
   497  0000                     
   498  0000                     
   499  0000                     
   500  0000                     
   501  0000                     
   502  0000                     
   503  0000                     
   504  0000                     
   505  0000                     
   506  0000                     
   507  0000                     
   508  0000                     
   509  0000                     
   510  0000                     
   511  0000                     
   512  0000                     
   513  0000                     
   514  0000                     
   515  0000                     
   516  0000                     
   517  0000                     
   518  0000                     
   519  0000                     
   520  0000                     
   521  0000                     
   522  0000                     
   523  0000                     
   524  0000                     
   525  0000                     
   526  0000                     
   527  0000                     
   528  0000                     
   529  0000                     
   530  0000                     
   531  0000                     
   532  0000                     
   533  0000                     
   534  0000                     
   535  0000                     
   536  0000                     


HI-TECH Software PICC Macro Assembler V9.60
Symbol Table                                          Tue Apr 23 16:05:19 2013

          ?_delay 0023            ?a_main 0020                 l4 07CF  
               l6 07F5                 l8 07E8                 l9 07D7  
         ?a_delay 0024                l10 07DB                l11 07DF  
              l12 07E3                l21 077E                l14 078A  
              l18 0780                fsr 0004           _LED_DIS 0025  
            _main 07C6              start 0000        _Board_init 07A8  
           _delay 077B       _LED_DISPLAY 0785             status 0003  
   ?a_LED_DISPLAY 0021  
