

HI-TECH Software PICC Macro Assembler V9.60
                                                      Tue Apr 23 16:22:02 2013


     1                           	processor	16F877A
     2                           	opt	pw 79
     3                           	psect	config,global,class=CONFIG,delta=2
     4                           	psect	text2,local,class=CODE,delta=2
     5                           	psect	text3,local,class=CODE,delta=2
     6  0000                     
     7  0000                     
     8  0000                     
     9  0000                     
    10  0000                     
    11  0000                     
    12  0000                     
    13  0000                     
    14  0000                     
    15  0000                     
    16                           
    17                           	psect	config
    18  2007  3F32               	dw	16178	;#
    19                           
    20                           	psect	text2
    21  07C1                     _delay
    22                           ;	_a assigned to ?a_delay+0
    23  0000                     _delay$a	set	?a_delay
    24                           ;_a stored from w
    25  07C1  0183               	clrf	3	;select bank 0
    26  07C2  00A1               	movwf	?a_delay
    27                           ;Experiment_16 stepper motor.c: 41: void delay(
      +                          unsigned char a,unsigned char i)
    28  07C3  2FC6               	goto	l7
    29                           ;Experiment_16 stepper motor.c: 44: while(--i);
    30  07C4                     l10
    31  07C4  0BA0               	decfsz	?_delay
    32  07C5  2FC4               	goto	l10
    33  07C6                     l7
    34  07C6  1283               	bcf	3,5
    35  07C7  1303               	bcf	3,6	;carry unused
    36  07C8  0BA1               	decfsz	?a_delay
    37  07C9  2FC4               	goto	l10
    38  07CA  0008               	return
    39  07CB                     _Board_init
    40                           ;BoardConfig.h: 17: void Board_init(void)
    41  07CB  1683               	bsf	3,5
    42  07CC  1303               	bcf	3,6	;carry unused
    43  07CD  0185               	clrf	5	;volatile
    44                           ;BoardConfig.h: 22: TRISB=0x00;
    45  07CE  0186               	clrf	6	;volatile
    46                           ;BoardConfig.h: 23: TRISC=0x00;
    47  07CF  0187               	clrf	7	;volatile
    48                           ;BoardConfig.h: 24: TRISD=0x00;
    49  07D0  0188               	clrf	8	;volatile
    50                           ;BoardConfig.h: 25: TRISE=0X00;
    51  07D1  0189               	clrf	9	;volatile
    52                           ;BoardConfig.h: 30: PORTD=0XFF;
    53  07D2  30FF               	movlw	-1
    54  07D3  1283               	bcf	3,5
    55  07D4  0088               	movwf	8	;volatile
    56                           ;BoardConfig.h: 31: RA3=0;
    57  07D5  1185               	bcf	5,3
    58                           ;BoardConfig.h: 32: RC5=1;
    59  07D6  1687               	bsf	7,5
    60                           ;BoardConfig.h: 33: asm ("NOP");
    61  07D7  0000               	nop	;#
    62                           ;BoardConfig.h: 34: asm ("NOP");
    63  07D8  0000               	nop	;#
    64                           ;BoardConfig.h: 35: RC5=0;
    65  07D9  1287               	bcf	7,5
    66                           ;BoardConfig.h: 39: RC3=1;
    67  07DA  1587               	bsf	7,3
    68                           ;BoardConfig.h: 40: asm ("NOP");
    69  07DB  0000               	nop	;#
    70                           ;BoardConfig.h: 41: asm ("NOP");
    71  07DC  0000               	nop	;#
    72                           ;BoardConfig.h: 42: RC3=0;
    73  07DD  1187               	bcf	7,3
    74                           ;BoardConfig.h: 46: RC4=1;
    75  07DE  1607               	bsf	7,4
    76                           ;BoardConfig.h: 47: PORTD=0X00;
    77  07DF  0188               	clrf	8	;volatile
    78                           ;BoardConfig.h: 48: asm ("NOP");
    79  07E0  0000               	nop	;#
    80                           ;BoardConfig.h: 49: asm ("NOP");
    81  07E1  0000               	nop	;#
    82                           ;BoardConfig.h: 50: RC4=0;
    83  07E2  1207               	bcf	7,4
    84                           ;BoardConfig.h: 52: PORTD=0XFF;
    85  07E3  0088               	movwf	8	;volatile
    86                           ;BoardConfig.h: 54: RC2=1;
    87  07E4  1507               	bsf	7,2
    88                           ;BoardConfig.h: 56: RE0=0;
    89  07E5  1009               	bcf	9,0
    90                           ;BoardConfig.h: 57: RE1=0;
    91  07E6  1089               	bcf	9,1
    92                           ;BoardConfig.h: 58: RE2=0;
    93  07E7  1109               	bcf	9,2
    94                           ;BoardConfig.h: 59: }
    95  07E8  0008               	return	;#
    96  07E9                     _main
    97                           ;Experiment_16 stepper motor.c: 18: void main (
      +                          void)
    98  07E9  27CB               	fcall	_Board_init
    99                           ;Experiment_16 stepper motor.c: 22: RC4=1;
   100  07EA  1607               	bsf	7,4
   101  07EB                     l4
   102                           ;Experiment_16 stepper motor.c: 24: while(1)
   103                           ;Experiment_16 stepper motor.c: 25: {
   104  07EB  30FE               	movlw	-2
   105  07EC  0088               	movwf	8	;volatile
   106                           ;Experiment_16 stepper motor.c: 27: delay(10,10
      +                          );
   107  07ED  300A               	movlw	10
   108  07EE  00A0               	movwf	?_delay
   109  07EF  27C1               	fcall	_delay
   110                           ;Experiment_16 stepper motor.c: 29: PORTD=0XFD;
   111  07F0  30FD               	movlw	-3
   112  07F1  0088               	movwf	8	;volatile
   113                           ;Experiment_16 stepper motor.c: 30: delay(10,10
      +                          );
   114  07F2  300A               	movlw	10
   115  07F3  00A0               	movwf	?_delay
   116  07F4  27C1               	fcall	_delay
   117                           ;Experiment_16 stepper motor.c: 32: PORTD=0XFB;
   118  07F5  30FB               	movlw	-5
   119  07F6  0088               	movwf	8	;volatile
   120                           ;Experiment_16 stepper motor.c: 33: delay(10,10
      +                          );
   121  07F7  300A               	movlw	10
   122  07F8  00A0               	movwf	?_delay
   123  07F9  27C1               	fcall	_delay
   124                           ;Experiment_16 stepper motor.c: 35: PORTD=0XF7;
   125  07FA  30F7               	movlw	-9
   126  07FB  0088               	movwf	8	;volatile
   127                           ;Experiment_16 stepper motor.c: 36: delay(10,10
      +                          );
   128  07FC  300A               	movlw	10
   129  07FD  00A0               	movwf	?_delay
   130  07FE  27C1               	fcall	_delay
   131  07FF  2FEB               	goto	l4
   132                           
   133                           	psect	text3
   134  0000                     
   135  0000                     
   136  0000                     
   137  0000                     
   138  0000                     
   139  0000                     
   140  0000                     
   141  0000                     
   142  0000                     
   143  0000                     
   144  0000                     
   145  0000                     
   146  0000                     
   147  0000                     
   148  0000                     
   149  0000                     
   150  0000                     
   151  0000                     
   152  0000                     
   153  0000                     
   154  0000                     
   155  0000                     
   156  0000                     
   157  0000                     
   158  0000                     
   159  0000                     
   160  0000                     
   161  0000                     
   162  0000                     
   163  0000                     
   164  0000                     
   165  0000                     
   166  0000                     
   167  0000                     
   168  0000                     
   169  0000                     
   170  0000                     
   171  0000                     
   172  0000                     
   173  0000                     
   174  0000                     
   175  0000                     
   176  0000                     
   177  0000                     
   178  0000                     
   179  0000                     
   180  0000                     
   181  0000                     
   182  0000                     
   183  0000                     
   184  0000                     
   185  0000                     
   186  0000                     
   187  0000                     
   188  0000                     
   189  0000                     
   190  0000                     
   191  0000                     
   192  0000                     
   193  0000                     
   194  0000                     
   195  0000                     
   196  0000                     
   197  0000                     
   198  0000                     
   199  0000                     
   200  0000                     
   201  0000                     
   202  0000                     
   203  0000                     
   204  0000                     
   205  0000                     
   206  0000                     
   207  0000                     
   208  0000                     
   209  0000                     
   210  0000                     
   211  0000                     
   212  0000                     
   213  0000                     
   214  0000                     
   215  0000                     
   216  0000                     
   217  0000                     
   218  0000                     
   219  0000                     
   220  0000                     
   221  0000                     
   222  0000                     
   223  0000                     
   224  0000                     
   225  0000                     
   226  0000                     
   227  0000                     
   228  0000                     
   229  0000                     
   230  0000                     
   231  0000                     
   232  0000                     
   233  0000                     
   234  0000                     
   235  0000                     
   236  0000                     
   237  0000                     
   238  0000                     
   239  0000                     
   240  0000                     
   241  0000                     
   242  0000                     
   243  0000                     
   244  0000                     
   245  0000                     
   246  0000                     
   247  0000                     
   248  0000                     
   249  0000                     
   250  0000                     
   251  0000                     
   252  0000                     
   253  0000                     
   254  0000                     
   255  0000                     
   256  0000                     
   257  0000                     
   258  0000                     
   259  0000                     
   260  0000                     
   261  0000                     
   262  0000                     
   263  0000                     
   264  0000                     
   265  0000                     
   266  0000                     
   267  0000                     
   268  0000                     
   269  0000                     
   270  0000                     
   271  0000                     
   272  0000                     
   273  0000                     
   274  0000                     
   275  0000                     
   276  0000                     
   277  0000                     
   278  0000                     
   279  0000                     
   280  0000                     
   281  0000                     
   282  0000                     
   283  0000                     
   284  0000                     
   285  0000                     
   286  0000                     
   287  0000                     
   288  0000                     
   289  0000                     
   290  0000                     
   291  0000                     
   292  0000                     
   293  0000                     
   294  0000                     
   295  0000                     
   296  0000                     
   297  0000                     
   298  0000                     
   299  0000                     
   300  0000                     
   301  0000                     
   302  0000                     
   303  0000                     
   304  0000                     
   305  0000                     
   306  0000                     
   307  0000                     
   308  0000                     
   309  0000                     
   310  0000                     
   311  0000                     
   312  0000                     
   313  0000                     
   314  0000                     
   315  0000                     
   316  0000                     
   317  0000                     
   318  0000                     
   319  0000                     
   320  0000                     
   321  0000                     
   322  0000                     
   323  0000                     
   324  0000                     
   325  0000                     
   326  0000                     
   327  0000                     
   328  0000                     
   329  0000                     
   330  0000                     
   331  0000                     
   332  0000                     
   333  0000                     
   334  0000                     
   335  0000                     
   336  0000                     
   337  0000                     
   338  0000                     
   339  0000                     
   340  0000                     
   341  0000                     
   342  0000                     
   343  0000                     
   344  0000                     
   345  0000                     
   346  0000                     
   347  0000                     
   348  0000                     
   349  0000                     
   350  0000                     
   351  0000                     
   352  0000                     
   353  0000                     
   354  0000                     
   355  0000                     
   356  0000                     
   357  0000                     
   358  0000                     
   359  0000                     
   360  0000                     
   361  0000                     
   362  0000                     
   363  0000                     
   364  0000                     
   365  0000                     
   366  0000                     
   367  0000                     
   368  0000                     
   369  0000                     
   370  0000                     
   371  0000                     
   372  0000                     
   373  0000                     
   374  0000                     
   375  0000                     
   376  0000                     
   377  0000                     
   378  0000                     
   379  0000                     
   380  0000                     
   381  0000                     
   382  0000                     
   383  0000                     
   384  0000                     
   385  0000                     
   386  0000                     
   387  0000                     
   388  0000                     
   389  0000                     
   390  0000                     
   391  0000                     
   392  0000                     
   393  0000                     
   394  0000                     
   395  0000                     
   396  0000                     
   397  0000                     
   398  0000                     
   399  0000                     
   400  0000                     
   401  0000                     
   402  0000                     
   403  0000                     
   404  0000                     
   405  0000                     
   406  0000                     
   407  0000                     
   408  0000                     
   409  0000                     
   410  0000                     


HI-TECH Software PICC Macro Assembler V9.60
Symbol Table                                          Tue Apr 23 16:22:02 2013

    ?_delay 0020           l4 07EB           l7 07C6     ?a_delay 0021  
        l10 07C4        _main 07E9        start 0000  _Board_init 07CB  
     _delay 07C1       status 0003  
