

HI-TECH Software PICC Macro Assembler V9.60
                                                      Tue Apr 23 16:17:34 2013


     1                           	processor	16F877A
     2                           	opt	pw 79
     3                           	psect	text0,local,class=CODE,delta=2
     4                           	psect	config,global,class=CONFIG,delta=2
     5                           	psect	text2,local,class=CODE,delta=2
     6                           	psect	intcode,global,class=CODE,delta=2
     7                           	psect	intsave_0,global,ovrld,class=COMBANK,spa
      +                          ce=1,delta=1
     8                           	psect	intret,global,class=CODE,delta=2
     9                           	psect	intentry,global,class=CODE,delta=2
    10                           	psect	intsave,global,class=BANK0,space=1,delta
      +                          =1
    11  0000                     
    12  0000                     
    13  0000                     
    14  0000                     
    15  0000                     
    16  0000                     
    17  0000                     
    18  0000                     
    19  0000                     
    20  0000                     
    21                           
    22                           	psect	text0
    23  0021                     _Board_init
    24                           ;BoardConfig.h: 17: void Board_init(void)
    25  0021  1683               	bsf	3,5
    26  0022  1303               	bcf	3,6	;carry unused
    27  0023  0185               	clrf	5	;volatile
    28                           ;BoardConfig.h: 22: TRISB=0x00;
    29  0024  0186               	clrf	6	;volatile
    30                           ;BoardConfig.h: 23: TRISC=0x00;
    31  0025  0187               	clrf	7	;volatile
    32                           ;BoardConfig.h: 24: TRISD=0x00;
    33  0026  0188               	clrf	8	;volatile
    34                           ;BoardConfig.h: 25: TRISE=0X00;
    35  0027  0189               	clrf	9	;volatile
    36                           ;BoardConfig.h: 30: PORTD=0XFF;
    37  0028  30FF               	movlw	-1
    38  0029  1283               	bcf	3,5
    39  002A  0088               	movwf	8	;volatile
    40                           ;BoardConfig.h: 31: RA3=0;
    41  002B  1185               	bcf	5,3
    42                           ;BoardConfig.h: 32: RC5=1;
    43  002C  1687               	bsf	7,5
    44                           ;BoardConfig.h: 33: asm ("NOP");
    45  002D  0000               	nop	;#
    46                           ;BoardConfig.h: 34: asm ("NOP");
    47  002E  0000               	nop	;#
    48                           ;BoardConfig.h: 35: RC5=0;
    49  002F  1287               	bcf	7,5
    50                           ;BoardConfig.h: 39: RC3=1;
    51  0030  1587               	bsf	7,3
    52                           ;BoardConfig.h: 40: asm ("NOP");
    53  0031  0000               	nop	;#
    54                           ;BoardConfig.h: 41: asm ("NOP");
    55  0032  0000               	nop	;#
    56                           ;BoardConfig.h: 42: RC3=0;
    57  0033  1187               	bcf	7,3
    58                           ;BoardConfig.h: 46: RC4=1;
    59  0034  1607               	bsf	7,4
    60                           ;BoardConfig.h: 47: PORTD=0X00;
    61  0035  0188               	clrf	8	;volatile
    62                           ;BoardConfig.h: 48: asm ("NOP");
    63  0036  0000               	nop	;#
    64                           ;BoardConfig.h: 49: asm ("NOP");
    65  0037  0000               	nop	;#
    66                           ;BoardConfig.h: 50: RC4=0;
    67  0038  1207               	bcf	7,4
    68                           ;BoardConfig.h: 52: PORTD=0XFF;
    69  0039  0088               	movwf	8	;volatile
    70                           ;BoardConfig.h: 54: RC2=1;
    71  003A  1507               	bsf	7,2
    72                           ;BoardConfig.h: 56: RE0=0;
    73  003B  1009               	bcf	9,0
    74                           ;BoardConfig.h: 57: RE1=0;
    75  003C  1089               	bcf	9,1
    76                           ;BoardConfig.h: 58: RE2=0;
    77  003D  1109               	bcf	9,2
    78                           ;BoardConfig.h: 59: }
    79  003E  0008               	return	;#
    80  003F                     _main
    81                           ;RS232.C: 17: void main()
    82  003F  2021               	fcall	_Board_init
    83                           ;RS232.C: 21: TRISC|=0XC0;
    84  0040  30C0               	movlw	-64
    85  0041  1683               	bsf	3,5
    86  0042  0487               	iorwf	7	;volatile
    87                           ;RS232.C: 23: SPBRG=0X19;
    88  0043  3019               	movlw	25
    89  0044  0099               	movwf	25	;volatile
    90                           ;RS232.C: 24: TXSTA=0X24;
    91  0045  3024               	movlw	36
    92  0046  0098               	movwf	24	;volatile
    93                           ;RS232.C: 25: RCSTA=0X90;
    94  0047  3090               	movlw	-112
    95  0048  1283               	bcf	3,5
    96  0049  0098               	movwf	24	;volatile
    97                           ;RS232.C: 26: RCIE=0X1;
    98  004A  1683               	bsf	3,5
    99  004B  168C               	bsf	12,5
   100                           ;RS232.C: 27: GIE=0X1;
   101  004C  178B               	bsf	11,7
   102                           ;RS232.C: 28: PEIE=0X1;
   103  004D  170B               	bsf	11,6
   104                           ;RS232.C: 29: while(1);
   105  004E                     l3
   106  004E  284E               	goto	l3
   107                           
   108                           	psect	config
   109  2007  3F32               	dw	16178	;#
   110                           
   111                           	psect	intcode
   112  000B                     _usart
   113  000B                     int_func
   114                           ;RS232.C: 33: void interrupt usart(void)
   115  000B  1683               	bsf	3,5
   116  000C  1303               	bcf	3,6	;carry unused
   117  000D  1E8C               	btfss	12,5
   118  000E  2815               	goto	l6
   119  000F  1283               	bcf	3,5
   120  0010  1E8C               	btfss	12,5
   121  0011  2815               	goto	l6
   122                           ;RS232.C: 36: TXREG=RCREG;
   123  0012  1283               	bcf	3,5
   124  0013  081A               	movf	26,w	;volatile
   125  0014  0099               	movwf	25	;volatile
   126                           ;RS232.C: 37: }
   127  0015                     l6
   128  0015  1303               	bcf	3,6	;carry unused
   129  0016  1283               	bcf	3,5
   130                           
   131                           	psect	intsave_0
   132  007F                     saved_w
                     saved_w
   133  007F                     	ds	1
   134                           
   135                           	psect	intret
   136  0017  0821               	movf	saved_pclath,w
   137  0018  008A               	movwf	10
   138  0019                     int_restore
   139  0019  0820               	movf	saved_status,w
   140  001A  0083               	movwf	3
   141  001B  0EFF               	swapf	saved_w
   142  001C  0E7F               	swapf	saved_w,w
   143  001D  0009               	retfie
   144                           
   145                           	psect	intentry
   146  0004                     int_entry
   147  0004  00FF               	movwf	saved_w
   148  0005  0803               	movf	3,w
   149  0006  0183               	clrf	3
   150  0007  00A0               	movwf	saved_status
   151  0008  080A               	movf	10,w
   152  0009  00A1               	movwf	saved_pclath
   153  000A  018A               	clrf	10
   154  0000                     
   155  0000                     
   156  0000                     
   157  0000                     
   158  0000                     
   159  0000                     
   160  0000                     
   161  0000                     
   162  0000                     
   163  0000                     
   164  0000                     
   165  0000                     
   166  0000                     
   167  0000                     
   168  0000                     
   169  0000                     
   170  0000                     
   171  0000                     
   172  0000                     
   173  0000                     
   174  0000                     
   175  0000                     
   176  0000                     
   177  0000                     
   178  0000                     
   179  0000                     
   180  0000                     
   181  0000                     
   182  0000                     
   183  0000                     
   184  0000                     
   185  0000                     
   186  0000                     
   187  0000                     
   188  0000                     
   189  0000                     
   190  0000                     
   191  0000                     
   192  0000                     
   193  0000                     
   194  0000                     
   195  0000                     
   196  0000                     
   197  0000                     
   198  0000                     
   199  0000                     
   200  0000                     
   201  0000                     
   202  0000                     
   203  0000                     
   204  0000                     
   205  0000                     
   206  0000                     
   207  0000                     
   208  0000                     
   209  0000                     
   210  0000                     
   211  0000                     
   212  0000                     
   213  0000                     
   214  0000                     
   215  0000                     
   216  0000                     
   217  0000                     
   218  0000                     
   219  0000                     
   220  0000                     
   221  0000                     
   222  0000                     
   223  0000                     
   224  0000                     
   225  0000                     
   226  0000                     
   227  0000                     
   228  0000                     
   229  0000                     
   230  0000                     
   231  0000                     
   232  0000                     
   233  0000                     
   234  0000                     
   235  0000                     
   236  0000                     
   237  0000                     
   238  0000                     
   239  0000                     
   240  0000                     
   241  0000                     
   242  0000                     
   243  0000                     
   244  0000                     
   245  0000                     
   246  0000                     
   247  0000                     
   248  0000                     
   249  0000                     
   250  0000                     
   251  0000                     
   252  0000                     
   253  0000                     
   254  0000                     
   255  0000                     
   256  0000                     
   257  0000                     
   258  0000                     
   259  0000                     
   260  0000                     
   261  0000                     
   262  0000                     
   263  0000                     
   264  0000                     
   265  0000                     
   266  0000                     
   267  0000                     
   268  0000                     
   269  0000                     
   270  0000                     
   271  0000                     
   272  0000                     
   273  0000                     
   274  0000                     
   275  0000                     
   276  0000                     
   277  0000                     
   278  0000                     
   279  0000                     
   280  0000                     
   281  0000                     
   282  0000                     
   283  0000                     
   284  0000                     
   285  0000                     
   286  0000                     
   287  0000                     
   288  0000                     
   289  0000                     
   290  0000                     
   291  0000                     
   292  0000                     
   293  0000                     
   294  0000                     
   295  0000                     
   296  0000                     
   297  0000                     
   298  0000                     
   299  0000                     
   300  0000                     
   301  0000                     
   302  0000                     
   303  0000                     
   304  0000                     
   305  0000                     
   306  0000                     
   307  0000                     
   308  0000                     
   309  0000                     
   310  0000                     
   311  0000                     
   312  0000                     
   313  0000                     
   314  0000                     
   315  0000                     
   316  0000                     
   317  0000                     
   318  0000                     
   319  0000                     
   320  0000                     
   321  0000                     
   322  0000                     
   323  0000                     
   324  0000                     
   325  0000                     
   326  0000                     
   327  0000                     
   328  0000                     
   329  0000                     
   330  0000                     
   331  0000                     
   332  0000                     
   333  0000                     
   334  0000                     
   335  0000                     
   336  0000                     
   337  0000                     
   338  0000                     
   339  0000                     
   340  0000                     
   341  0000                     
   342  0000                     
   343  0000                     
   344  0000                     
   345  0000                     
   346  0000                     
   347  0000                     
   348  0000                     
   349  0000                     
   350  0000                     
   351  0000                     
   352  0000                     
   353  0000                     
   354  0000                     
   355  0000                     
   356  0000                     
   357  0000                     
   358  0000                     
   359  0000                     
   360  0000                     
   361  0000                     
   362  0000                     
   363  0000                     
   364  0000                     
   365  0000                     
   366  0000                     
   367  0000                     
   368  0000                     
   369  0000                     
   370  0000                     
   371  0000                     
   372  0000                     
   373  0000                     
   374  0000                     
   375  0000                     
   376  0000                     
   377  0000                     
   378  0000                     
   379  0000                     
   380  0000                     
   381  0000                     
   382  0000                     
   383  0000                     
   384  0000                     
   385  0000                     
   386  0000                     
   387  0000                     
   388  0000                     
   389  0000                     
   390  0000                     
   391  0000                     
   392  0000                     
   393  0000                     
   394  0000                     
   395  0000                     
   396  0000                     
   397  0000                     
   398  0000                     
   399  0000                     
   400  0000                     
   401  0000                     
   402  0000                     
   403  0000                     
   404  0000                     
   405  0000                     
   406  0000                     
   407  0000                     
   408  0000                     
   409  0000                     
   410  0000                     
   411  0000                     
   412  0000                     
   413  0000                     
   414  0000                     
   415  0000                     
   416  0000                     
   417  0000                     
   418  0000                     
   419  0000                     
   420  0000                     
   421  0000                     
   422  0000                     
   423  0000                     
   424  0000                     
   425  0000                     
   426  0000                     
   427  0000                     
   428  0000                     
   429  0000                     
   430  0000                     
   431                           
   432                           	psect	intsave
   433  0020                     saved_status
                     saved_status
   434  0020                     	ds	1
   435  0021                     saved_pclath
                     saved_pclath
   436  0021                     	ds	1


HI-TECH Software PICC Macro Assembler V9.60
Symbol Table                                          Tue Apr 23 16:17:34 2013

          l3 004E            l6 0015         _main 003F         start 001E  
     saved_w 007F     int_entry 0004   _Board_init 0021  saved_pclath 0021  
      _usart 000B        pclath 000A  saved_status 0020        status 0003  
    int_func 000B   int_restore 0019  
