

HI-TECH Software PICC Macro Assembler V9.60
                                                      Tue Apr 23 16:06:10 2013


     1                           	processor	16F877A
     2                           	opt	pw 79
     3                           	psect	text0,local,class=CODE,delta=2
     4                           	psect	config,global,class=CONFIG,delta=2
     5                           	psect	rdata_0,global,class=BANK0,space=1,delta
      +                          =1
     6                           	psect	idata_0,global,class=CODE,delta=2
     7                           	psect	text3,local,class=CODE,delta=2
     8                           	psect	text4,local,class=CODE,delta=2
     9                           	psect	rbss_0,global,class=BANK0,space=1,delta=
      +                          1
    10                           	psect	temp,global,ovrld,class=BANK0,space=1,de
      +                          lta=1
    11  0000                     
    12  0000                     
    13  0000                     
    14  0000                     
    15  0000                     
    16  0000                     
    17  0000                     
    18  0000                     
    19  0000                     
    20  0000                     
    21                           
    22                           	psect	text0
    23  074A                     _Board_init
    24                           ;BoardConfig.h: 17: void Board_init(void)
    25  074A  1683               	bsf	3,5
    26  074B  1303               	bcf	3,6	;carry unused
    27  074C  0185               	clrf	5	;volatile
    28                           ;BoardConfig.h: 22: TRISB=0x00;
    29  074D  0186               	clrf	6	;volatile
    30                           ;BoardConfig.h: 23: TRISC=0x00;
    31  074E  0187               	clrf	7	;volatile
    32                           ;BoardConfig.h: 24: TRISD=0x00;
    33  074F  0188               	clrf	8	;volatile
    34                           ;BoardConfig.h: 25: TRISE=0X00;
    35  0750  0189               	clrf	9	;volatile
    36                           ;BoardConfig.h: 30: PORTD=0XFF;
    37  0751  30FF               	movlw	-1
    38  0752  1283               	bcf	3,5
    39  0753  0088               	movwf	8	;volatile
    40                           ;BoardConfig.h: 31: RA3=0;
    41  0754  1185               	bcf	5,3
    42                           ;BoardConfig.h: 32: RC5=1;
    43  0755  1687               	bsf	7,5
    44                           ;BoardConfig.h: 33: asm ("NOP");
    45  0756  0000               	nop	;#
    46                           ;BoardConfig.h: 34: asm ("NOP");
    47  0757  0000               	nop	;#
    48                           ;BoardConfig.h: 35: RC5=0;
    49  0758  1287               	bcf	7,5
    50                           ;BoardConfig.h: 39: RC3=1;
    51  0759  1587               	bsf	7,3
    52                           ;BoardConfig.h: 40: asm ("NOP");
    53  075A  0000               	nop	;#
    54                           ;BoardConfig.h: 41: asm ("NOP");
    55  075B  0000               	nop	;#
    56                           ;BoardConfig.h: 42: RC3=0;
    57  075C  1187               	bcf	7,3
    58                           ;BoardConfig.h: 46: RC4=1;
    59  075D  1607               	bsf	7,4
    60                           ;BoardConfig.h: 47: PORTD=0X00;
    61  075E  0188               	clrf	8	;volatile
    62                           ;BoardConfig.h: 48: asm ("NOP");
    63  075F  0000               	nop	;#
    64                           ;BoardConfig.h: 49: asm ("NOP");
    65  0760  0000               	nop	;#
    66                           ;BoardConfig.h: 50: RC4=0;
    67  0761  1207               	bcf	7,4
    68                           ;BoardConfig.h: 52: PORTD=0XFF;
    69  0762  0088               	movwf	8	;volatile
    70                           ;BoardConfig.h: 54: RC2=1;
    71  0763  1507               	bsf	7,2
    72                           ;BoardConfig.h: 56: RE0=0;
    73  0764  1009               	bcf	9,0
    74                           ;BoardConfig.h: 57: RE1=0;
    75  0765  1089               	bcf	9,1
    76                           ;BoardConfig.h: 58: RE2=0;
    77  0766  1109               	bcf	9,2
    78                           ;BoardConfig.h: 59: }
    79  0767  0008               	return	;#
    80  0768                     _main
    81                           ;	_counter assigned to ?a_main+0
    82  0000                     _main$counter	set	?a_main
    83                           ;LED_0_9999.C: 25: void main (void)
    84  0768  274A               	fcall	_Board_init
    85  0769                     l4
    86                           ;LED_0_9999.C: 31: while(1)
    87                           ;LED_0_9999.C: 32: {
    88  0769  01A4               	clrf	?a_main
    89  076A  01A5               	clrf	?a_main+1
    90  076B                     l6
    91                           ;LED_0_9999.C: 34: {
    92  076B  30E8               	movlw	232
    93  076C  00FB               	movwf	btemp+2
    94  076D  3003               	movlw	3
    95  076E  00FC               	movwf	btemp+3
    96  076F  0825               	movf	?a_main+1,w
    97  0770  00FA               	movwf	btemp+1
    98  0771  0824               	movf	?a_main,w
    99  0772  00F9               	movwf	btemp
   100  0773  120A  118A  27BB   	fcall	lwdiv
   101  0776  087D               	movf	btemp+4,w
   102  0777  00A0               	movwf	_DIS_NUM
   103                           ;LED_0_9999.C: 36: DIS_NUM[1]=(unsigned char)((
      +                          counter%1000)/100);
   104  0778  30E8               	movlw	232
   105  0779  00FB               	movwf	btemp+2
   106  077A  3003               	movlw	3
   107  077B  00FC               	movwf	btemp+3
   108  077C  0825               	movf	?a_main+1,w
   109  077D  00FA               	movwf	btemp+1
   110  077E  0824               	movf	?a_main,w
   111  077F  00F9               	movwf	btemp
   112  0780  120A  118A  27BB   	fcall	lwmod
   113  0783  3064               	movlw	100
   114  0784  00FB               	movwf	btemp+2
   115  0785  3000               	movlw	0
   116  0786  01FC               	clrf	btemp+3
   117  0787  120A  118A  27BB   	fcall	lwdiv
   118  078A  087D               	movf	btemp+4,w
   119  078B  00A1               	movwf	_DIS_NUM+1
   120                           ;LED_0_9999.C: 37: DIS_NUM[2]=(unsigned char)((
      +                          counter%100)/10);
   121  078C  3064               	movlw	100
   122  078D  00FB               	movwf	btemp+2
   123  078E  01FC               	clrf	btemp+3
   124  078F  0825               	movf	?a_main+1,w
   125  0790  00FA               	movwf	btemp+1
   126  0791  0824               	movf	?a_main,w
   127  0792  00F9               	movwf	btemp
   128  0793  120A  118A  27BB   	fcall	lwmod
   129  0796  300A               	movlw	10
   130  0797  00FB               	movwf	btemp+2
   131  0798  3000               	movlw	0
   132  0799  01FC               	clrf	btemp+3
   133  079A  120A  118A  27BB   	fcall	lwdiv
   134  079D  087D               	movf	btemp+4,w
   135  079E  00A2               	movwf	_DIS_NUM+2
   136                           ;LED_0_9999.C: 38: DIS_NUM[3]=(unsigned char)(c
      +                          ounter%10);
   137  079F  300A               	movlw	10
   138  07A0  00FB               	movwf	btemp+2
   139  07A1  01FC               	clrf	btemp+3
   140  07A2  0825               	movf	?a_main+1,w
   141  07A3  00FA               	movwf	btemp+1
   142  07A4  0824               	movf	?a_main,w
   143  07A5  00F9               	movwf	btemp
   144  07A6  120A  118A  27BB   	fcall	lwmod
   145  07A9  0879               	movf	btemp,w
   146  07AA  00A3               	movwf	_DIS_NUM+3
   147                           ;LED_0_9999.C: 39: LED_DISPLAY();
   148  07AB  120A  118A  271D   	fcall	_LED_DISPLAY
      +       120A  118A         
   149  07B0  0AA4               	incf	?a_main
   150  07B1  1903               	btfsc	3,2
   151  07B2  0AA5               	incf	?a_main+1
   152  07B3  3027               	movlw	39
   153  07B4  0225               	subwf	?a_main+1,w
   154  07B5  300F               	movlw	15
   155  07B6  1903               	btfsc	3,2
   156  07B7  0224               	subwf	?a_main,w
   157  07B8  1803               	btfsc	3,0
   158  07B9  2F69               	goto	l4
   159  07BA  2F6B               	goto	l6
   160                           
   161                           	psect	config
   162  2007  3F32               	dw	16178	;#
   163                           
   164                           	psect	rdata_0
   165  002B                     _LED_DIS
                     _LED_DIS
   166  002B                     	ds	1
                     	ds	1
   167  002C                     	ds	1
                     	ds	1
   168  002D                     	ds	1
                     	ds	1
   169  002E                     	ds	1
                     	ds	1
   170  002F                     	ds	1
                     	ds	1
   171  0030                     	ds	1
                     	ds	1
   172  0031                     	ds	1
                     	ds	1
   173  0032                     	ds	1
                     	ds	1
   174  0033                     	ds	1
                     	ds	1
   175  0034                     	ds	1
                     	ds	1
   176  0035                     	ds	1
   177                           
   178                           	psect	idata_0
   179  07F5  34C0               	retlw	-64
   180  07F6  34F9               	retlw	-7
   181  07F7  34A4               	retlw	-92
   182  07F8  34B0               	retlw	-80
   183  07F9  3499               	retlw	-103
   184  07FA  3492               	retlw	-110
   185  07FB  3482               	retlw	-126
   186  07FC  34F8               	retlw	-8
   187  07FD  3480               	retlw	-128
   188  07FE  3490               	retlw	-112
   189  07FF  34FF               	retlw	-1
   190                           
   191                           	psect	text3
   192  0713                     _delay
   193                           ;	_a assigned to ?a_delay+0
   194  0000                     _delay$a	set	?a_delay
   195                           ;_a stored from w
   196  0713  0183               	clrf	3	;select bank 0
   197  0714  00AA               	movwf	?a_delay
   198                           ;LED_0_9999.C: 78: void delay(unsigned char a,u
      +                          nsigned char i)
   199  0715  2F18               	goto	l17
   200                           ;LED_0_9999.C: 81: while(--i);
   201  0716                     l20
   202  0716  0BA9               	decfsz	?_delay
   203  0717  2F16               	goto	l20
   204  0718                     l17
   205  0718  1283               	bcf	3,5
   206  0719  1303               	bcf	3,6	;carry unused
   207  071A  0BAA               	decfsz	?a_delay
   208  071B  2F16               	goto	l20
   209  071C  0008               	return
   210  071D                     _LED_DISPLAY
   211                           ;	_TEMP assigned to ?a_LED_DISPLAY+0
   212  0000                     _LED_DISPLAY$TEMP	set	?a_LED_DISPLAY
   213                           ;	_k assigned to ?a_LED_DISPLAY+1
   214  0000                     _LED_DISPLAY$k	set	?a_LED_DISPLAY+1
   215                           ;	_i assigned to ?a_LED_DISPLAY+2
   216  0000                     _LED_DISPLAY$i	set	?a_LED_DISPLAY+2
   217                           ;LED_0_9999.C: 45: void LED_DISPLAY(void)
   218  071D  0183               	clrf	3	;select bank 0
   219  071E  1185               	bcf	5,3
   220                           ;LED_0_9999.C: 50: for(k=0;k<50;k++)
   221  071F  01A7               	clrf	?a_LED_DISPLAY+1
   222  0720                     l10
   223                           ;LED_0_9999.C: 51: for(TEMP=0X80,i=0;i<4;i++)
   224  0720  3080               	movlw	-128
   225  0721  00A6               	movwf	?a_LED_DISPLAY
   226  0722  01A8               	clrf	?a_LED_DISPLAY+2
   227  0723                     l13
   228                           ;LED_0_9999.C: 52: {
   229  0723  1607               	bsf	7,4
   230                           ;LED_0_9999.C: 56: PORTD=TEMP;
   231  0724  0826               	movf	?a_LED_DISPLAY,w
   232  0725  0088               	movwf	8	;volatile
   233                           ;LED_0_9999.C: 57: RC4=0;
   234  0726  1207               	bcf	7,4
   235                           ;LED_0_9999.C: 61: RC3=1;
   236  0727  1587               	bsf	7,3
   237                           ;LED_0_9999.C: 62: PORTD=LED_DIS[DIS_NUM[i]];
   238  0728  0828               	movf	?a_LED_DISPLAY+2,w
   239  0729  3E20               	addlw	_DIS_NUM
   240  072A  0084               	movwf	4
   241  072B  1383               	bcf	3,7
   242  072C  0800               	movf	0,w
   243  072D  3E2B               	addlw	_LED_DIS
   244  072E  0084               	movwf	4
   245  072F  1383               	bcf	3,7
   246  0730  0800               	movf	0,w
   247  0731  0088               	movwf	8	;volatile
   248                           ;LED_0_9999.C: 63: RC3=0;
   249  0732  1187               	bcf	7,3
   250                           ;LED_0_9999.C: 66: TEMP>>=1;
   251  0733  1003               	bcf	3,0
   252  0734  0CA6               	rrf	?a_LED_DISPLAY
   253                           ;LED_0_9999.C: 67: delay(10,10);
   254  0735  300A               	movlw	10
   255  0736  00A9               	movwf	?_delay
   256  0737  2713               	fcall	_delay
   257                           ;LED_0_9999.C: 70: RC4=1;
   258  0738  1607               	bsf	7,4
   259                           ;LED_0_9999.C: 71: PORTD=0X00;
   260  0739  0188               	clrf	8	;volatile
   261                           ;LED_0_9999.C: 72: RC4=0;
   262  073A  1207               	bcf	7,4
   263                           ;LED_0_9999.C: 73: delay(1,10);
   264  073B  300A               	movlw	10
   265  073C  00A9               	movwf	?_delay
   266  073D  3001               	movlw	1
   267  073E  2713               	fcall	_delay
   268  073F  0AA8               	incf	?a_LED_DISPLAY+2
   269  0740  3004               	movlw	4
   270  0741  0228               	subwf	?a_LED_DISPLAY+2,w
   271  0742  1C03               	btfss	3,0
   272  0743  2F23               	goto	l13
   273  0744  0AA7               	incf	?a_LED_DISPLAY+1
   274  0745  3032               	movlw	50
   275  0746  0227               	subwf	?a_LED_DISPLAY+1,w
   276  0747  1803               	btfsc	3,0
   277  0748  0008               	return
   278  0749  2F20               	goto	l10
   279                           
   280                           	psect	text4
   281  0000                     
   282  0000                     
   283  0000                     
   284  0000                     
   285  0000                     
   286  0000                     
   287  0000                     
   288  0000                     
   289  0000                     
   290  0000                     
   291  0000                     
   292  0000                     
   293  0000                     
   294  0000                     
   295  0000                     
   296  0000                     
   297  0000                     
   298  0000                     
   299  0000                     
   300  0000                     
   301  0000                     
   302  0000                     
   303  0000                     
   304  0000                     
   305  0000                     
   306  0000                     
   307  0000                     
   308  0000                     
   309  0000                     
   310  0000                     
   311  0000                     
   312  0000                     
   313  0000                     
   314  0000                     
   315  0000                     
   316  0000                     
   317  0000                     
   318  0000                     
   319  0000                     
   320  0000                     
   321  0000                     
   322  0000                     
   323  0000                     
   324  0000                     
   325  0000                     
   326  0000                     
   327  0000                     
   328  0000                     
   329  0000                     
   330  0000                     
   331  0000                     
   332  0000                     
   333  0000                     
   334  0000                     
   335  0000                     
   336  0000                     
   337  0000                     
   338  0000                     
   339  0000                     
   340  0000                     
   341  0000                     
   342  0000                     
   343  0000                     
   344  0000                     
   345  0000                     
   346  0000                     
   347  0000                     
   348  0000                     
   349  0000                     
   350  0000                     
   351  0000                     
   352  0000                     
   353  0000                     
   354  0000                     
   355  0000                     
   356  0000                     
   357  0000                     
   358  0000                     
   359  0000                     
   360  0000                     
   361  0000                     
   362  0000                     
   363  0000                     
   364  0000                     
   365  0000                     
   366  0000                     
   367  0000                     
   368  0000                     
   369  0000                     
   370  0000                     
   371  0000                     
   372  0000                     
   373  0000                     
   374  0000                     
   375  0000                     
   376  0000                     
   377  0000                     
   378  0000                     
   379  0000                     
   380  0000                     
   381  0000                     
   382  0000                     
   383  0000                     
   384  0000                     
   385  0000                     
   386  0000                     
   387  0000                     
   388  0000                     
   389  0000                     
   390  0000                     
   391  0000                     
   392  0000                     
   393  0000                     
   394  0000                     
   395  0000                     
   396  0000                     
   397  0000                     
   398  0000                     
   399  0000                     
   400  0000                     
   401  0000                     
   402  0000                     
   403  0000                     
   404  0000                     
   405  0000                     
   406  0000                     
   407  0000                     
   408  0000                     
   409  0000                     
   410  0000                     
   411  0000                     
   412  0000                     
   413  0000                     
   414  0000                     
   415  0000                     
   416  0000                     
   417  0000                     
   418  0000                     
   419  0000                     
   420  0000                     
   421  0000                     
   422  0000                     
   423  0000                     
   424  0000                     
   425  0000                     
   426  0000                     
   427  0000                     
   428  0000                     
   429  0000                     
   430  0000                     
   431  0000                     
   432  0000                     
   433  0000                     
   434  0000                     
   435  0000                     
   436  0000                     
   437  0000                     
   438  0000                     
   439  0000                     
   440  0000                     
   441  0000                     
   442  0000                     
   443  0000                     
   444  0000                     
   445  0000                     
   446  0000                     
   447  0000                     
   448  0000                     
   449  0000                     
   450  0000                     
   451  0000                     
   452  0000                     
   453  0000                     
   454  0000                     
   455  0000                     
   456  0000                     
   457  0000                     
   458  0000                     
   459  0000                     
   460  0000                     
   461  0000                     
   462  0000                     
   463  0000                     
   464  0000                     
   465  0000                     
   466  0000                     
   467  0000                     
   468  0000                     
   469  0000                     
   470  0000                     
   471  0000                     
   472  0000                     
   473  0000                     
   474  0000                     
   475  0000                     
   476  0000                     
   477  0000                     
   478  0000                     
   479  0000                     
   480  0000                     
   481  0000                     
   482  0000                     
   483  0000                     
   484  0000                     
   485  0000                     
   486  0000                     
   487  0000                     
   488  0000                     
   489  0000                     
   490  0000                     
   491  0000                     
   492  0000                     
   493  0000                     
   494  0000                     
   495  0000                     
   496  0000                     
   497  0000                     
   498  0000                     
   499  0000                     
   500  0000                     
   501  0000                     
   502  0000                     
   503  0000                     
   504  0000                     
   505  0000                     
   506  0000                     
   507  0000                     
   508  0000                     
   509  0000                     
   510  0000                     
   511  0000                     
   512  0000                     
   513  0000                     
   514  0000                     
   515  0000                     
   516  0000                     
   517  0000                     
   518  0000                     
   519  0000                     
   520  0000                     
   521  0000                     
   522  0000                     
   523  0000                     
   524  0000                     
   525  0000                     
   526  0000                     
   527  0000                     
   528  0000                     
   529  0000                     
   530  0000                     
   531  0000                     
   532  0000                     
   533  0000                     
   534  0000                     
   535  0000                     
   536  0000                     
   537  0000                     
   538  0000                     
   539  0000                     
   540  0000                     
   541  0000                     
   542  0000                     
   543  0000                     
   544  0000                     
   545  0000                     
   546  0000                     
   547  0000                     
   548  0000                     
   549  0000                     
   550  0000                     
   551  0000                     
   552  0000                     
   553  0000                     
   554  0000                     
   555  0000                     
   556  0000                     
   557  0000                     
   558                           
   559                           	psect	rbss_0
   560  0020                     _DIS_NUM
                     _DIS_NUM
   561  0020                     	ds	4
   562                           
   563                           	psect	temp
   564  0079                     btemp
                     btemp
   565  0079                     	ds	5


HI-TECH Software PICC Macro Assembler V9.60
Symbol Table                                          Tue Apr 23 16:06:10 2013

          ?_delay 0029            ?a_main 0024                 l4 0769  
               l6 076B           ?a_delay 002A                l10 0720  
              l20 0716                l13 0723                l17 0718  
              fsr 0004           _DIS_NUM 0020           _LED_DIS 002B  
            _main 0768              btemp 0079              lwdiv 07BB  
            lwmod 07BB              start 0000        _Board_init 074A  
           _delay 0713       _LED_DISPLAY 071D             status 0003  
   ?a_LED_DISPLAY 0026        used_btemp0 0001        used_btemp1 0001  
      used_btemp2 0001        used_btemp3 0001        used_btemp4 0001  
