

HI-TECH Software PICC Macro Assembler V9.60
                                                      Tue Apr 23 16:17:16 2013


     1                           	processor	16F877A
     2                           	opt	pw 79
     3                           	psect	text0,local,class=CODE,delta=2
     4                           	psect	config,global,class=CONFIG,delta=2
     5                           	psect	rdata_0,global,class=BANK0,space=1,delta
      +                          =1
     6                           	psect	idata_0,global,class=CODE,delta=2
     7                           	psect	text2,local,class=CODE,delta=2
     8                           	psect	intcode,global,class=CODE,delta=2
     9                           	psect	intsave_0,global,ovrld,class=COMBANK,spa
      +                          ce=1,delta=1
    10                           	psect	intret,global,class=CODE,delta=2
    11                           	psect	intentry,global,class=CODE,delta=2
    12                           	psect	intsave,global,class=BANK0,space=1,delta
      +                          =1
    13                           	psect	text4,local,class=CODE,delta=2
    14                           	psect	text5,local,class=CODE,delta=2
    15                           	psect	rbss_0,global,class=BANK0,space=1,delta=
      +                          1
    16                           	psect	temp,global,ovrld,class=BANK0,space=1,de
      +                          lta=1
    17  0000                     
    18  0000                     
    19  0000                     
    20  0000                     
    21  0000                     
    22  0000                     
    23  0000                     
    24  0000                     
    25  0000                     
    26  0000                     
    27                           
    28                           	psect	text0
    29  00A5                     _Board_init
    30                           ;BoardConfig.h: 17: void Board_init(void)
    31  00A5  1683               	bsf	3,5
    32  00A6  1303               	bcf	3,6	;carry unused
    33  00A7  0185               	clrf	5	;volatile
    34                           ;BoardConfig.h: 22: TRISB=0x00;
    35  00A8  0186               	clrf	6	;volatile
    36                           ;BoardConfig.h: 23: TRISC=0x00;
    37  00A9  0187               	clrf	7	;volatile
    38                           ;BoardConfig.h: 24: TRISD=0x00;
    39  00AA  0188               	clrf	8	;volatile
    40                           ;BoardConfig.h: 25: TRISE=0X00;
    41  00AB  0189               	clrf	9	;volatile
    42                           ;BoardConfig.h: 30: PORTD=0XFF;
    43  00AC  30FF               	movlw	-1
    44  00AD  1283               	bcf	3,5
    45  00AE  0088               	movwf	8	;volatile
    46                           ;BoardConfig.h: 31: RA3=0;
    47  00AF  1185               	bcf	5,3
    48                           ;BoardConfig.h: 32: RC5=1;
    49  00B0  1687               	bsf	7,5
    50                           ;BoardConfig.h: 33: asm ("NOP");
    51  00B1  0000               	nop	;#
    52                           ;BoardConfig.h: 34: asm ("NOP");
    53  00B2  0000               	nop	;#
    54                           ;BoardConfig.h: 35: RC5=0;
    55  00B3  1287               	bcf	7,5
    56                           ;BoardConfig.h: 39: RC3=1;
    57  00B4  1587               	bsf	7,3
    58                           ;BoardConfig.h: 40: asm ("NOP");
    59  00B5  0000               	nop	;#
    60                           ;BoardConfig.h: 41: asm ("NOP");
    61  00B6  0000               	nop	;#
    62                           ;BoardConfig.h: 42: RC3=0;
    63  00B7  1187               	bcf	7,3
    64                           ;BoardConfig.h: 46: RC4=1;
    65  00B8  1607               	bsf	7,4
    66                           ;BoardConfig.h: 47: PORTD=0X00;
    67  00B9  0188               	clrf	8	;volatile
    68                           ;BoardConfig.h: 48: asm ("NOP");
    69  00BA  0000               	nop	;#
    70                           ;BoardConfig.h: 49: asm ("NOP");
    71  00BB  0000               	nop	;#
    72                           ;BoardConfig.h: 50: RC4=0;
    73  00BC  1207               	bcf	7,4
    74                           ;BoardConfig.h: 52: PORTD=0XFF;
    75  00BD  0088               	movwf	8	;volatile
    76                           ;BoardConfig.h: 54: RC2=1;
    77  00BE  1507               	bsf	7,2
    78                           ;BoardConfig.h: 56: RE0=0;
    79  00BF  1009               	bcf	9,0
    80                           ;BoardConfig.h: 57: RE1=0;
    81  00C0  1089               	bcf	9,1
    82                           ;BoardConfig.h: 58: RE2=0;
    83  00C1  1109               	bcf	9,2
    84                           ;BoardConfig.h: 59: }
    85  00C2  0008               	return	;#
    86  00C3                     _main
    87                           ;Time0_0_9999.c: 28: void main (void)
    88  00C3  20A5               	fcall	_Board_init
    89                           ;Time0_0_9999.c: 32: RC5=0;
    90  00C4  1287               	bcf	7,5
    91                           ;Time0_0_9999.c: 34: OPTION=0x07;
    92  00C5  3007               	movlw	7
    93  00C6  1683               	bsf	3,5
    94  00C7  0081               	movwf	1
    95                           ;Time0_0_9999.c: 35: INTCON=0XA0;
    96  00C8  30A0               	movlw	-96
    97  00C9  008B               	movwf	11	;volatile
    98                           ;Time0_0_9999.c: 36: TMR0=0x05;
    99  00CA  3005               	movlw	5
   100  00CB  1283               	bcf	3,5
   101  00CC  0081               	movwf	1	;volatile
   102  00CD                     l4
   103                           ;Time0_0_9999.c: 37: while(1)
   104                           ;Time0_0_9999.c: 38: {
   105  00CD  30E8               	movlw	232
   106  00CE  00FB               	movwf	btemp+2
   107  00CF  3003               	movlw	3
   108  00D0  00FC               	movwf	btemp+3
   109  00D1  0822               	movf	_counter+1,w
   110  00D2  00FA               	movwf	btemp+1
   111  00D3  0821               	movf	_counter,w
   112  00D4  00F9               	movwf	btemp
   113  00D5  120A  118A  206B   	fcall	lwdiv
   114  00D8  087D               	movf	btemp+4,w
   115  00D9  00A3               	movwf	_DIS_NUM
   116                           ;Time0_0_9999.c: 40: DIS_NUM[1]=(unsigned char)
      +                          ((counter%1000)/100);
   117  00DA  30E8               	movlw	232
   118  00DB  00FB               	movwf	btemp+2
   119  00DC  3003               	movlw	3
   120  00DD  00FC               	movwf	btemp+3
   121  00DE  0822               	movf	_counter+1,w
   122  00DF  00FA               	movwf	btemp+1
   123  00E0  0821               	movf	_counter,w
   124  00E1  00F9               	movwf	btemp
   125  00E2  120A  118A  206B   	fcall	lwmod
   126  00E5  3064               	movlw	100
   127  00E6  00FB               	movwf	btemp+2
   128  00E7  3000               	movlw	0
   129  00E8  01FC               	clrf	btemp+3
   130  00E9  120A  118A  206B   	fcall	lwdiv
   131  00EC  087D               	movf	btemp+4,w
   132  00ED  00A4               	movwf	_DIS_NUM+1
   133                           ;Time0_0_9999.c: 41: DIS_NUM[2]=(unsigned char)
      +                          ((counter%100)/10);
   134  00EE  3064               	movlw	100
   135  00EF  00FB               	movwf	btemp+2
   136  00F0  01FC               	clrf	btemp+3
   137  00F1  0822               	movf	_counter+1,w
   138  00F2  00FA               	movwf	btemp+1
   139  00F3  0821               	movf	_counter,w
   140  00F4  00F9               	movwf	btemp
   141  00F5  120A  118A  206B   	fcall	lwmod
   142  00F8  300A               	movlw	10
   143  00F9  00FB               	movwf	btemp+2
   144  00FA  3000               	movlw	0
   145  00FB  01FC               	clrf	btemp+3
   146  00FC  120A  118A  206B   	fcall	lwdiv
   147  00FF  087D               	movf	btemp+4,w
   148  0100  00A5               	movwf	_DIS_NUM+2
   149                           ;Time0_0_9999.c: 42: DIS_NUM[3]=(unsigned char)
      +                          (counter%10);
   150  0101  300A               	movlw	10
   151  0102  00FB               	movwf	btemp+2
   152  0103  01FC               	clrf	btemp+3
   153  0104  0822               	movf	_counter+1,w
   154  0105  00FA               	movwf	btemp+1
   155  0106  0821               	movf	_counter,w
   156  0107  00F9               	movwf	btemp
   157  0108  120A  118A  206B   	fcall	lwmod
   158  010B  0879               	movf	btemp,w
   159  010C  00A6               	movwf	_DIS_NUM+3
   160                           ;Time0_0_9999.c: 43: LED_DISPLAY();
   161  010D  120A  118A  211D   	fcall	_LED_DISPLAY
      +       120A  118A         
   162  0112  28CD               	goto	l4
   163                           
   164                           	psect	config
   165  2007  3F32               	dw	16178	;#
   166                           
   167                           	psect	rdata_0
   168  002B                     _LED_DIS
                     _LED_DIS
   169  002B                     	ds	1
                     	ds	1
   170  002C                     	ds	1
                     	ds	1
   171  002D                     	ds	1
                     	ds	1
   172  002E                     	ds	1
                     	ds	1
   173  002F                     	ds	1
                     	ds	1
   174  0030                     	ds	1
                     	ds	1
   175  0031                     	ds	1
                     	ds	1
   176  0032                     	ds	1
                     	ds	1
   177  0033                     	ds	1
                     	ds	1
   178  0034                     	ds	1
                     	ds	1
   179  0035                     	ds	1
                     	ds	1
   180  0036                     	ds	1
                     	ds	1
   181  0037                     	ds	1
                     	ds	1
   182  0038                     	ds	1
                     	ds	1
   183  0039                     	ds	1
                     	ds	1
   184  003A                     	ds	1
                     	ds	1
   185  003B                     	ds	1
   186                           
   187                           	psect	idata_0
   188  005A  34C0               	retlw	-64
   189  005B  34F9               	retlw	-7
   190  005C  34A4               	retlw	-92
   191  005D  34B0               	retlw	-80
   192  005E  3499               	retlw	-103
   193  005F  3492               	retlw	-110
   194  0060  3482               	retlw	-126
   195  0061  34F8               	retlw	-8
   196  0062  3480               	retlw	-128
   197  0063  3490               	retlw	-112
   198  0064  3488               	retlw	-120
   199  0065  3483               	retlw	-125
   200  0066  34C6               	retlw	-58
   201  0067  34A1               	retlw	-95
   202  0068  3486               	retlw	-122
   203  0069  348E               	retlw	-114
   204  006A  34FF               	retlw	-1
   205                           
   206                           	psect	intcode
   207  000B                     _TMR0INT
   208  000B                     int_func
   209                           ;Time0_0_9999.c: 48: void interrupt TMR0INT(voi
      +                          d)
   210  000B  110B               	bcf	11,2
   211                           ;Time0_0_9999.c: 51: TMR2_COUTER++;
   212  000C  1283               	bcf	3,5
   213  000D  1303               	bcf	3,6	;carry unused
   214  000E  0AA0               	incf	_TMR2_COUTER
   215                           ;Time0_0_9999.c: 52: if(TMR2_COUTER==20)
   216  000F  0820               	movf	_TMR2_COUTER,w
   217  0010  3A14               	xorlw	20
   218  0011  1D03               	btfss	3,2
   219  0012  2817               	goto	l7
   220                           ;Time0_0_9999.c: 53: {
   221  0013  01A0               	clrf	_TMR2_COUTER
   222                           ;Time0_0_9999.c: 55: counter++;
   223  0014  0AA1               	incf	_counter
   224  0015  1903               	btfsc	3,2
   225  0016  0AA2               	incf	_counter+1
   226  0017                     l7
   227                           ;Time0_0_9999.c: 56: }
   228  0017  3005               	movlw	5
   229  0018  0081               	movwf	1	;volatile
   230                           
   231                           	psect	intsave_0
   232  0078                     saved_w
                     saved_w
   233  0078                     	ds	1
   234                           
   235                           	psect	intret
   236  0019  083F               	movf	saved_pclath,w
   237  001A  008A               	movwf	10
   238  001B                     int_restore
   239  001B  083E               	movf	saved_status,w
   240  001C  0083               	movwf	3
   241  001D  0EF8               	swapf	saved_w
   242  001E  0E78               	swapf	saved_w,w
   243  001F  0009               	retfie
   244                           
   245                           	psect	intentry
   246  0004                     int_entry
   247  0004  00F8               	movwf	saved_w
   248  0005  0803               	movf	3,w
   249  0006  0183               	clrf	3
   250  0007  00BE               	movwf	saved_status
   251  0008  080A               	movf	10,w
   252  0009  00BF               	movwf	saved_pclath
   253  000A  018A               	clrf	10
   254                           
   255                           	psect	intsave
   256  003E                     saved_status
                     saved_status
   257  003E                     	ds	1
   258  003F                     saved_pclath
                     saved_pclath
   259  003F                     	ds	1
   260                           
   261                           	psect	text4
   262  0113                     _delay
   263                           ;	_a assigned to ?a_delay+0
   264  0000                     _delay$a	set	?a_delay
   265                           ;_a stored from w
   266  0113  0183               	clrf	3	;select bank 0
   267  0114  00AA               	movwf	?a_delay
   268                           ;Time0_0_9999.c: 95: void delay(unsigned char a
      +                          ,unsigned char b)
   269  0115  2918               	goto	l13
   270                           ;Time0_0_9999.c: 98: while(--b);
   271  0116                     l16
   272  0116  0BA9               	decfsz	?_delay
   273  0117  2916               	goto	l16
   274  0118                     l13
   275  0118  1283               	bcf	3,5
   276  0119  1303               	bcf	3,6	;carry unused
   277  011A  0BAA               	decfsz	?a_delay
   278  011B  2916               	goto	l16
   279  011C  0008               	return
   280  011D                     _LED_DISPLAY
   281                           ;	_TEMP assigned to ?a_LED_DISPLAY+0
   282  0000                     _LED_DISPLAY$TEMP	set	?a_LED_DISPLAY
   283                           ;	_i assigned to ?a_LED_DISPLAY+1
   284  0000                     _LED_DISPLAY$i	set	?a_LED_DISPLAY+1
   285                           ;Time0_0_9999.c: 61: void LED_DISPLAY(void)
   286  011D  0183               	clrf	3	;select bank 0
   287  011E  1185               	bcf	5,3
   288                           ;Time0_0_9999.c: 66: TEMP=0X80;
   289  011F  3080               	movlw	-128
   290  0120  00A7               	movwf	?a_LED_DISPLAY
   291                           ;Time0_0_9999.c: 67: for(i=0;i<4;i++)
   292  0121  01A8               	clrf	?a_LED_DISPLAY+1
   293  0122                     l9
   294                           ;Time0_0_9999.c: 68: {
   295  0122  1607               	bsf	7,4
   296                           ;Time0_0_9999.c: 72: PORTD=TEMP;
   297  0123  0827               	movf	?a_LED_DISPLAY,w
   298  0124  0088               	movwf	8	;volatile
   299                           ;Time0_0_9999.c: 73: RC4=0;
   300  0125  1207               	bcf	7,4
   301                           ;Time0_0_9999.c: 77: RC3=1;
   302  0126  1587               	bsf	7,3
   303                           ;Time0_0_9999.c: 78: PORTD=LED_DIS[DIS_NUM[i]];
   304  0127  0828               	movf	?a_LED_DISPLAY+1,w
   305  0128  3E23               	addlw	_DIS_NUM
   306  0129  0084               	movwf	4
   307  012A  1383               	bcf	3,7
   308  012B  0800               	movf	0,w
   309  012C  3E2B               	addlw	_LED_DIS
   310  012D  0084               	movwf	4
   311  012E  1383               	bcf	3,7
   312  012F  0800               	movf	0,w
   313  0130  0088               	movwf	8	;volatile
   314                           ;Time0_0_9999.c: 79: RC3=0;
   315  0131  1187               	bcf	7,3
   316                           ;Time0_0_9999.c: 82: TEMP>>=1;
   317  0132  1003               	bcf	3,0
   318  0133  0CA7               	rrf	?a_LED_DISPLAY
   319                           ;Time0_0_9999.c: 83: delay(10,10);
   320  0134  300A               	movlw	10
   321  0135  00A9               	movwf	?_delay
   322  0136  2113               	fcall	_delay
   323                           ;Time0_0_9999.c: 86: RC4=1;
   324  0137  1607               	bsf	7,4
   325                           ;Time0_0_9999.c: 87: PORTD=0X00;
   326  0138  0188               	clrf	8	;volatile
   327                           ;Time0_0_9999.c: 88: RC4=0;
   328  0139  1207               	bcf	7,4
   329                           ;Time0_0_9999.c: 89: delay(1,10);
   330  013A  300A               	movlw	10
   331  013B  00A9               	movwf	?_delay
   332  013C  3001               	movlw	1
   333  013D  2113               	fcall	_delay
   334  013E  0AA8               	incf	?a_LED_DISPLAY+1
   335  013F  3004               	movlw	4
   336  0140  0228               	subwf	?a_LED_DISPLAY+1,w
   337  0141  1803               	btfsc	3,0
   338  0142  0008               	return
   339  0143  2922               	goto	l9
   340                           
   341                           	psect	text5
   342  0000                     
   343  0000                     
   344  0000                     
   345  0000                     
   346  0000                     
   347  0000                     
   348  0000                     
   349  0000                     
   350  0000                     
   351  0000                     
   352  0000                     
   353  0000                     
   354  0000                     
   355  0000                     
   356  0000                     
   357  0000                     
   358  0000                     
   359  0000                     
   360  0000                     
   361  0000                     
   362  0000                     
   363  0000                     
   364  0000                     
   365  0000                     
   366  0000                     
   367  0000                     
   368  0000                     
   369  0000                     
   370  0000                     
   371  0000                     
   372  0000                     
   373  0000                     
   374  0000                     
   375  0000                     
   376  0000                     
   377  0000                     
   378  0000                     
   379  0000                     
   380  0000                     
   381  0000                     
   382  0000                     
   383  0000                     
   384  0000                     
   385  0000                     
   386  0000                     
   387  0000                     
   388  0000                     
   389  0000                     
   390  0000                     
   391  0000                     
   392  0000                     
   393  0000                     
   394  0000                     
   395  0000                     
   396  0000                     
   397  0000                     
   398  0000                     
   399  0000                     
   400  0000                     
   401  0000                     
   402  0000                     
   403  0000                     
   404  0000                     
   405  0000                     
   406  0000                     
   407  0000                     
   408  0000                     
   409  0000                     
   410  0000                     
   411  0000                     
   412  0000                     
   413  0000                     
   414  0000                     
   415  0000                     
   416  0000                     
   417  0000                     
   418  0000                     
   419  0000                     
   420  0000                     
   421  0000                     
   422  0000                     
   423  0000                     
   424  0000                     
   425  0000                     
   426  0000                     
   427  0000                     
   428  0000                     
   429  0000                     
   430  0000                     
   431  0000                     
   432  0000                     
   433  0000                     
   434  0000                     
   435  0000                     
   436  0000                     
   437  0000                     
   438  0000                     
   439  0000                     
   440  0000                     
   441  0000                     
   442  0000                     
   443  0000                     
   444  0000                     
   445  0000                     
   446  0000                     
   447  0000                     
   448  0000                     
   449  0000                     
   450  0000                     
   451  0000                     
   452  0000                     
   453  0000                     
   454  0000                     
   455  0000                     
   456  0000                     
   457  0000                     
   458  0000                     
   459  0000                     
   460  0000                     
   461  0000                     
   462  0000                     
   463  0000                     
   464  0000                     
   465  0000                     
   466  0000                     
   467  0000                     
   468  0000                     
   469  0000                     
   470  0000                     
   471  0000                     
   472  0000                     
   473  0000                     
   474  0000                     
   475  0000                     
   476  0000                     
   477  0000                     
   478  0000                     
   479  0000                     
   480  0000                     
   481  0000                     
   482  0000                     
   483  0000                     
   484  0000                     
   485  0000                     
   486  0000                     
   487  0000                     
   488  0000                     
   489  0000                     
   490  0000                     
   491  0000                     
   492  0000                     
   493  0000                     
   494  0000                     
   495  0000                     
   496  0000                     
   497  0000                     
   498  0000                     
   499  0000                     
   500  0000                     
   501  0000                     
   502  0000                     
   503  0000                     
   504  0000                     
   505  0000                     
   506  0000                     
   507  0000                     
   508  0000                     
   509  0000                     
   510  0000                     
   511  0000                     
   512  0000                     
   513  0000                     
   514  0000                     
   515  0000                     
   516  0000                     
   517  0000                     
   518  0000                     
   519  0000                     
   520  0000                     
   521  0000                     
   522  0000                     
   523  0000                     
   524  0000                     
   525  0000                     
   526  0000                     
   527  0000                     
   528  0000                     
   529  0000                     
   530  0000                     
   531  0000                     
   532  0000                     
   533  0000                     
   534  0000                     
   535  0000                     
   536  0000                     
   537  0000                     
   538  0000                     
   539  0000                     
   540  0000                     
   541  0000                     
   542  0000                     
   543  0000                     
   544  0000                     
   545  0000                     
   546  0000                     
   547  0000                     
   548  0000                     
   549  0000                     
   550  0000                     
   551  0000                     
   552  0000                     
   553  0000                     
   554  0000                     
   555  0000                     
   556  0000                     
   557  0000                     
   558  0000                     
   559  0000                     
   560  0000                     
   561  0000                     
   562  0000                     
   563  0000                     
   564  0000                     
   565  0000                     
   566  0000                     
   567  0000                     
   568  0000                     
   569  0000                     
   570  0000                     
   571  0000                     
   572  0000                     
   573  0000                     
   574  0000                     
   575  0000                     
   576  0000                     
   577  0000                     
   578  0000                     
   579  0000                     
   580  0000                     
   581  0000                     
   582  0000                     
   583  0000                     
   584  0000                     
   585  0000                     
   586  0000                     
   587  0000                     
   588  0000                     
   589  0000                     
   590  0000                     
   591  0000                     
   592  0000                     
   593  0000                     
   594  0000                     
   595  0000                     
   596  0000                     
   597  0000                     
   598  0000                     
   599  0000                     
   600  0000                     
   601  0000                     
   602  0000                     
   603  0000                     
   604  0000                     
   605  0000                     
   606  0000                     
   607  0000                     
   608  0000                     
   609  0000                     
   610  0000                     
   611  0000                     
   612                           
   613                           	psect	rbss_0
   614  0020                     _TMR2_COUTER
                     _TMR2_COUTER
   615  0020                     	ds	1
   616  0000                     
   617  0000                     
   618  0000                     
   619  0000                     
   620  0000                     
   621  0000                     
   622  0000                     
   623  0021                     _counter
                     _counter
   624  0021                     	ds	2
   625  0023                     _DIS_NUM
                     _DIS_NUM
   626  0023                     	ds	4
   627                           
   628                           	psect	temp
   629  0079                     btemp
                     btemp
   630  0079                     	ds	5


HI-TECH Software PICC Macro Assembler V9.60
Symbol Table                                          Tue Apr 23 16:17:16 2013

          ?_delay 0029                 l4 00CD                 l7 0017  
               l9 0122           ?a_delay 002A                l13 0118  
              l16 0116                fsr 0004           _DIS_NUM 0023  
         _LED_DIS 002B           _TMR0INT 000B              _main 00C3  
            btemp 0079              lwdiv 006B              lwmod 006B  
            start 0020            saved_w 0078          int_entry 0004  
      _Board_init 00A5           _counter 0021             _delay 0113  
     _LED_DISPLAY 011D       saved_pclath 003F             pclath 000A  
     saved_status 003E             status 0003           int_func 000B  
     _TMR2_COUTER 0020     ?a_LED_DISPLAY 0027        int_restore 001B  
      used_btemp0 0001        used_btemp1 0001        used_btemp2 0001  
      used_btemp3 0001        used_btemp4 0001  
