

HI-TECH Software PICC Macro Assembler V9.60
                                                      Tue Apr 23 16:23:34 2013


     1                           	processor	16F877A
     2                           	opt	pw 79
     3                           	psect	config,global,class=CONFIG,delta=2
     4                           	psect	rdata_0,global,class=BANK0,space=1,delta
      +                          =1
     5                           	psect	idata_0,global,class=CODE,delta=2
     6                           	psect	text2,local,class=CODE,delta=2
     7                           	psect	text3,local,class=CODE,delta=2
     8                           	psect	intcode,global,class=CODE,delta=2
     9                           	psect	intsave_0,global,ovrld,class=COMBANK,spa
      +                          ce=1,delta=1
    10                           	psect	intret,global,class=CODE,delta=2
    11                           	psect	intentry,global,class=CODE,delta=2
    12                           	psect	intsave,global,class=BANK0,space=1,delta
      +                          =1
    13                           	psect	text4,local,class=CODE,delta=2
    14                           	psect	text5,local,class=CODE,delta=2
    15                           	psect	rbss_0,global,class=BANK0,space=1,delta=
      +                          1
    16  0000                     
    17  0000                     
    18  0000                     
    19  0000                     
    20  0000                     
    21  0000                     
    22  0000                     
    23  0000                     
    24  0000                     
    25  0000                     
    26                           
    27                           	psect	config
    28  2007  3F32               	dw	16178	;#
    29                           
    30                           	psect	rdata_0
    31  0025                     _LED_DIS
                     _LED_DIS
    32  0025                     	ds	1
                     	ds	1
    33  0026                     	ds	1
                     	ds	1
    34  0027                     	ds	1
                     	ds	1
    35  0028                     	ds	1
                     	ds	1
    36  0029                     	ds	1
                     	ds	1
    37  002A                     	ds	1
                     	ds	1
    38  002B                     	ds	1
                     	ds	1
    39  002C                     	ds	1
                     	ds	1
    40  002D                     	ds	1
                     	ds	1
    41  002E                     	ds	1
                     	ds	1
    42  002F                     	ds	1
                     	ds	1
    43  0030                     	ds	1
                     	ds	1
    44  0031                     	ds	1
                     	ds	1
    45  0032                     	ds	1
                     	ds	1
    46  0033                     	ds	1
                     	ds	1
    47  0034                     	ds	1
                     	ds	1
    48  0035                     	ds	1
    49                           
    50                           	psect	idata_0
    51  00A1  34C0               	retlw	-64
    52  00A2  34F9               	retlw	-7
    53  00A3  34A4               	retlw	-92
    54  00A4  34B0               	retlw	-80
    55  00A5  3499               	retlw	-103
    56  00A6  3492               	retlw	-110
    57  00A7  3482               	retlw	-126
    58  00A8  34F8               	retlw	-8
    59  00A9  3480               	retlw	-128
    60  00AA  3490               	retlw	-112
    61  00AB  3488               	retlw	-120
    62  00AC  3483               	retlw	-125
    63  00AD  34C6               	retlw	-58
    64  00AE  34A1               	retlw	-95
    65  00AF  3486               	retlw	-122
    66  00B0  348E               	retlw	-114
    67  00B1  34FF               	retlw	-1
    68                           
    69                           	psect	text2
    70  00B2                     _mcu_init
    71                           ;Experiment_21_RS485.C: 47: void mcu_init(void)
    72  00B2  3006               	movlw	6
    73  00B3  1683               	bsf	3,5
    74  00B4  1303               	bcf	3,6	;carry unused
    75  00B5  0081               	movwf	1
    76                           ;Experiment_21_RS485.C: 50: INTCON=0XA0;
    77  00B6  30A0               	movlw	-96
    78  00B7  008B               	movwf	11	;volatile
    79                           ;Experiment_21_RS485.C: 51: TMR0=0xC8;
    80  00B8  30C8               	movlw	-56
    81  00B9  1283               	bcf	3,5
    82  00BA  0081               	movwf	1	;volatile
    83                           ;Experiment_21_RS485.C: 53: TRISC=0X80;
    84  00BB  3080               	movlw	-128
    85  00BC  1683               	bsf	3,5
    86  00BD  0087               	movwf	7	;volatile
    87                           ;Experiment_21_RS485.C: 54: SPBRG=0X19;
    88  00BE  3019               	movlw	25
    89  00BF  0099               	movwf	25	;volatile
    90                           ;Experiment_21_RS485.C: 55: TXSTA=0X24;
    91  00C0  3024               	movlw	36
    92  00C1  0098               	movwf	24	;volatile
    93                           ;Experiment_21_RS485.C: 56: RCSTA=0X90;
    94  00C2  3090               	movlw	-112
    95  00C3  1283               	bcf	3,5
    96  00C4  0098               	movwf	24	;volatile
    97                           ;Experiment_21_RS485.C: 57: RCIE=0X1;
    98  00C5  1683               	bsf	3,5
    99  00C6  168C               	bsf	12,5
   100                           ;Experiment_21_RS485.C: 58: GIE=0X1;
   101  00C7  178B               	bsf	11,7
   102                           ;Experiment_21_RS485.C: 59: PEIE=0X1;
   103  00C8  170B               	bsf	11,6
   104                           ;Experiment_21_RS485.C: 60: RE2=0;
   105  00C9  1283               	bcf	3,5
   106  00CA  1109               	bcf	9,2
   107                           ;Experiment_21_RS485.C: 61: }
   108  00CB  0008               	return	;W free
   109  00CC                     _Board_init
   110                           ;BoardConfig.h: 17: void Board_init(void)
   111  00CC  1683               	bsf	3,5
   112  00CD  1303               	bcf	3,6	;carry unused
   113  00CE  0185               	clrf	5	;volatile
   114                           ;BoardConfig.h: 22: TRISB=0x00;
   115  00CF  0186               	clrf	6	;volatile
   116                           ;BoardConfig.h: 23: TRISC=0x00;
   117  00D0  0187               	clrf	7	;volatile
   118                           ;BoardConfig.h: 24: TRISD=0x00;
   119  00D1  0188               	clrf	8	;volatile
   120                           ;BoardConfig.h: 25: TRISE=0X00;
   121  00D2  0189               	clrf	9	;volatile
   122                           ;BoardConfig.h: 30: PORTD=0XFF;
   123  00D3  30FF               	movlw	-1
   124  00D4  1283               	bcf	3,5
   125  00D5  0088               	movwf	8	;volatile
   126                           ;BoardConfig.h: 31: RA3=0;
   127  00D6  1185               	bcf	5,3
   128                           ;BoardConfig.h: 32: RC5=1;
   129  00D7  1687               	bsf	7,5
   130                           ;BoardConfig.h: 33: asm ("NOP");
   131  00D8  0000               	nop	;#
   132                           ;BoardConfig.h: 34: asm ("NOP");
   133  00D9  0000               	nop	;#
   134                           ;BoardConfig.h: 35: RC5=0;
   135  00DA  1287               	bcf	7,5
   136                           ;BoardConfig.h: 39: RC3=1;
   137  00DB  1587               	bsf	7,3
   138                           ;BoardConfig.h: 40: asm ("NOP");
   139  00DC  0000               	nop	;#
   140                           ;BoardConfig.h: 41: asm ("NOP");
   141  00DD  0000               	nop	;#
   142                           ;BoardConfig.h: 42: RC3=0;
   143  00DE  1187               	bcf	7,3
   144                           ;BoardConfig.h: 46: RC4=1;
   145  00DF  1607               	bsf	7,4
   146                           ;BoardConfig.h: 47: PORTD=0X00;
   147  00E0  0188               	clrf	8	;volatile
   148                           ;BoardConfig.h: 48: asm ("NOP");
   149  00E1  0000               	nop	;#
   150                           ;BoardConfig.h: 49: asm ("NOP");
   151  00E2  0000               	nop	;#
   152                           ;BoardConfig.h: 50: RC4=0;
   153  00E3  1207               	bcf	7,4
   154                           ;BoardConfig.h: 52: PORTD=0XFF;
   155  00E4  0088               	movwf	8	;volatile
   156                           ;BoardConfig.h: 54: RC2=1;
   157  00E5  1507               	bsf	7,2
   158                           ;BoardConfig.h: 56: RE0=0;
   159  00E6  1009               	bcf	9,0
   160                           ;BoardConfig.h: 57: RE1=0;
   161  00E7  1089               	bcf	9,1
   162                           ;BoardConfig.h: 58: RE2=0;
   163  00E8  1109               	bcf	9,2
   164                           ;BoardConfig.h: 59: }
   165  00E9  0008               	return	;#
   166  00EA                     _main
   167                           ;Experiment_21_RS485.C: 40: void main()
   168  00EA  20CC               	fcall	_Board_init
   169                           ;Experiment_21_RS485.C: 43: mcu_init();
   170  00EB  20B2               	fcall	_mcu_init
   171                           ;Experiment_21_RS485.C: 44: while(1);
   172  00EC                     l3
   173  00EC  28EC               	goto	l3
   174                           
   175                           	psect	intcode
   176  0011                     _usart
   177  0011                     int_func
   178                           ;Experiment_21_RS485.C: 64: void interrupt usar
      +                          t(void)
   179  0011  1683               	bsf	3,5
   180  0012  1303               	bcf	3,6	;carry unused
   181  0013  1E8C               	btfss	12,5
   182  0014  2833               	goto	l8
   183  0015  1283               	bcf	3,5
   184  0016  1E8C               	btfss	12,5
   185  0017  2833               	goto	l8
   186                           ;Experiment_21_RS485.C: 68: {
   187  0018  1283               	bcf	3,5
   188  0019  1509               	bsf	9,2
   189                           ;Experiment_21_RS485.C: 71: US_delay(100);
   190  001A  3064               	movlw	100
   191  001B  00A2               	movwf	?_US_delay
   192  001C  01A3               	clrf	?_US_delay+1
   193  001D  120A  118A  20ED   	fcall	_US_delay
   194                           ;Experiment_21_RS485.C: 72: Dat_buff=RCREG;
   195  0020  081A               	movf	26,w	;volatile
   196  0021  00A0               	movwf	_Dat_buff
   197                           ;Experiment_21_RS485.C: 73: TXREG=Dat_buff;
   198  0022  0099               	movwf	25	;volatile
   199                           ;Experiment_21_RS485.C: 74: US_delay(200);
   200  0023  30C8               	movlw	200
   201  0024  00A2               	movwf	?_US_delay
   202  0025  01A3               	clrf	?_US_delay+1
   203  0026  120A  118A  20ED   	fcall	_US_delay
   204                           ;Experiment_21_RS485.C: 75: RE2=0;
   205  0029  1109               	bcf	9,2
   206                           ;Experiment_21_RS485.C: 76: US_delay(100);
   207  002A  3064               	movlw	100
   208  002B  00A2               	movwf	?_US_delay
   209  002C  01A3               	clrf	?_US_delay+1
   210  002D  120A  118A  20ED   	fcall	_US_delay
      +       120A  118A         
   211                           ;Experiment_21_RS485.C: 77: }
   212  0032  2858               	goto	l7
   213  0033                     l8
   214                           ;Experiment_21_RS485.C: 79: else if(T0IF)
   215  0033  1D0B               	btfss	11,2
   216  0034  2858               	goto	l7
   217                           ;Experiment_21_RS485.C: 80: {
   218  0035  110B               	bcf	11,2
   219                           ;Experiment_21_RS485.C: 82: TMR0=0xc8;
   220  0036  30C8               	movlw	-56
   221  0037  1283               	bcf	3,5
   222  0038  0081               	movwf	1	;volatile
   223                           ;Experiment_21_RS485.C: 83: if(++couter==2)
   224  0039  0AA1               	incf	_couter
   225  003A  0821               	movf	_couter,w
   226  003B  3A02               	xorlw	2
   227  003C  1D03               	btfss	3,2
   228  003D  284B               	goto	l11
   229                           ;Experiment_21_RS485.C: 84: {
   230  003E  01A1               	clrf	_couter
   231                           ;Experiment_21_RS485.C: 87: RC3=1;
   232  003F  1587               	bsf	7,3
   233                           ;Experiment_21_RS485.C: 88: PORTD=LED_DIS[(Dat_
      +                          buff>>4) & 0X0F];
   234  0040  0E20               	swapf	_Dat_buff,w
   235  0041  390F               	andlw	15
   236  0042  3E25               	addlw	_LED_DIS
   237  0043  0084               	movwf	4
   238  0044  1383               	bcf	3,7
   239  0045  0800               	movf	0,w
   240  0046  0088               	movwf	8	;volatile
   241                           ;Experiment_21_RS485.C: 89: RC3=0;
   242  0047  1187               	bcf	7,3
   243                           ;Experiment_21_RS485.C: 93: RC4=1;
   244  0048  1607               	bsf	7,4
   245                           ;Experiment_21_RS485.C: 94: PORTD=0X20;
   246  0049  3020               	movlw	32
   247  004A  2856               	goto	L1
   248                           ;Experiment_21_RS485.C: 95: RC4=0;
   249                           ;Experiment_21_RS485.C: 97: }
   250  004B                     l11
   251                           ;Experiment_21_RS485.C: 99: else
   252  004B  1587               	bsf	7,3
   253                           ;Experiment_21_RS485.C: 104: PORTD=LED_DIS[Dat_
      +                          buff&0x0f];
   254  004C  0820               	movf	_Dat_buff,w
   255  004D  390F               	andlw	15
   256  004E  3E25               	addlw	_LED_DIS
   257  004F  0084               	movwf	4
   258  0050  1383               	bcf	3,7
   259  0051  0800               	movf	0,w
   260  0052  0088               	movwf	8	;volatile
   261                           ;Experiment_21_RS485.C: 105: RC3=0;
   262  0053  1187               	bcf	7,3
   263                           ;Experiment_21_RS485.C: 109: RC4=1;
   264  0054  1607               	bsf	7,4
   265                           ;Experiment_21_RS485.C: 110: PORTD=0X10;
   266  0055  3010               	movlw	16
   267  0056                     L1
   268  0056  0088               	movwf	8	;volatile
   269                           ;Experiment_21_RS485.C: 111: RC4=0;
   270  0057  1207               	bcf	7,4
   271                           ;Experiment_21_RS485.C: 113: }
   272  0058                     l7
   273  0058  1303               	bcf	3,6	;carry unused
   274  0059  1283               	bcf	3,5
   275                           
   276                           	psect	intsave_0
   277  007E                     saved_w
                     saved_w
   278  007E                     	ds	1
   279                           
   280                           	psect	intret
   281  005E  0837               	movf	saved_fsr,w
   282  005F  0084               	movwf	4	;restore FSR
   283  0060  0838               	movf	saved_pclath,w
   284  0061  008A               	movwf	10
   285  0062                     int_restore
   286  0062  0836               	movf	saved_status,w
   287  0063  0083               	movwf	3
   288  0064  0EFE               	swapf	saved_w
   289  0065  0E7E               	swapf	saved_w,w
   290  0066  0009               	retfie
   291                           
   292                           	psect	intentry
   293  0004                     int_entry
   294  0004  00FE               	movwf	saved_w
   295  0005  0803               	movf	3,w
   296  0006  0183               	clrf	3
   297  0007  00B6               	movwf	saved_status
   298  0008  0804               	movf	4,w
   299  0009  00B7               	movwf	saved_fsr
   300  000A  080A               	movf	10,w
   301  000B  00B8               	movwf	saved_pclath
   302  000C  018A               	clrf	10
   303                           ;       param _i assigned to ?_US_delay+0
   304  0000                     _US_delay$i	set	?_US_delay
   305                           
   306                           	psect	intsave
   307  0036                     saved_status
                     saved_status
   308  0036                     	ds	1
   309  0037                     saved_fsr
                     saved_fsr
   310  0037                     	ds	1
   311  0038                     saved_pclath
                     saved_pclath
   312  0038                     	ds	1
   313                           
   314                           	psect	text4
   315  00ED                     _US_delay
   316                           ;	_j assigned to ?a_US_delay+0
   317  0000                     _US_delay$j	set	?a_US_delay
   318                           ;Experiment_21_RS485.C: 118: void US_delay( uns
      +                          igned int i)
   319  00ED  28F3               	goto	l14
   320  00EE                     l15
   321                           ;Experiment_21_RS485.C: 122: {
   322  00EE  3003               	movlw	3
   323  00EF  00A4               	movwf	?a_US_delay
   324                           ;Experiment_21_RS485.C: 124: while(j--);
   325  00F0                     l17
   326  00F0  03A4               	decf	?a_US_delay
   327  00F1  0F24               	incfsz	?a_US_delay,w
   328  00F2  28F0               	goto	l17
   329  00F3                     l14
   330  00F3  1283               	bcf	3,5
   331  00F4  1303               	bcf	3,6	;carry unused
   332  00F5  0822               	movf	?_US_delay,w
   333  00F6  1903               	btfsc	3,2
   334  00F7  03A3               	decf	?_US_delay+1
   335  00F8  03A2               	decf	?_US_delay
   336  00F9  0A22               	incf	?_US_delay,w
   337  00FA  1903               	btfsc	3,2
   338  00FB  0A23               	incf	?_US_delay+1,w
   339  00FC  1903               	btfsc	3,2
   340  00FD  0008               	return
   341  00FE  28EE               	goto	l15
   342                           
   343                           	psect	text5
   344  0000                     
   345  0000                     
   346  0000                     
   347  0000                     
   348  0000                     
   349  0000                     
   350  0000                     
   351  0000                     
   352  0000                     
   353  0000                     
   354  0000                     
   355  0000                     
   356  0000                     
   357  0000                     
   358  0000                     
   359  0000                     
   360  0000                     
   361  0000                     
   362  0000                     
   363  0000                     
   364  0000                     
   365  0000                     
   366  0000                     
   367  0000                     
   368  0000                     
   369  0000                     
   370  0000                     
   371  0000                     
   372  0000                     
   373  0000                     
   374  0000                     
   375  0000                     
   376  0000                     
   377  0000                     
   378  0000                     
   379  0000                     
   380  0000                     
   381  0000                     
   382  0000                     
   383  0000                     
   384  0000                     
   385  0000                     
   386  0000                     
   387  0000                     
   388  0000                     
   389  0000                     
   390  0000                     
   391  0000                     
   392  0000                     
   393  0000                     
   394  0000                     
   395  0000                     
   396  0000                     
   397  0000                     
   398  0000                     
   399  0000                     
   400  0000                     
   401  0000                     
   402  0000                     
   403  0000                     
   404  0000                     
   405  0000                     
   406  0000                     
   407  0000                     
   408  0000                     
   409  0000                     
   410  0000                     
   411  0000                     
   412  0000                     
   413  0000                     
   414  0000                     
   415  0000                     
   416  0000                     
   417  0000                     
   418  0000                     
   419  0000                     
   420  0000                     
   421  0000                     
   422  0000                     
   423  0000                     
   424  0000                     
   425  0000                     
   426  0000                     
   427  0000                     
   428  0000                     
   429  0000                     
   430  0000                     
   431  0000                     
   432  0000                     
   433  0000                     
   434  0000                     
   435  0000                     
   436  0000                     
   437  0000                     
   438  0000                     
   439  0000                     
   440  0000                     
   441  0000                     
   442  0000                     
   443  0000                     
   444  0000                     
   445  0000                     
   446  0000                     
   447  0000                     
   448  0000                     
   449  0000                     
   450  0000                     
   451  0000                     
   452  0000                     
   453  0000                     
   454  0000                     
   455  0000                     
   456  0000                     
   457  0000                     
   458  0000                     
   459  0000                     
   460  0000                     
   461  0000                     
   462  0000                     
   463  0000                     
   464  0000                     
   465  0000                     
   466  0000                     
   467  0000                     
   468  0000                     
   469  0000                     
   470  0000                     
   471  0000                     
   472  0000                     
   473  0000                     
   474  0000                     
   475  0000                     
   476  0000                     
   477  0000                     
   478  0000                     
   479  0000                     
   480  0000                     
   481  0000                     
   482  0000                     
   483  0000                     
   484  0000                     
   485  0000                     
   486  0000                     
   487  0000                     
   488  0000                     
   489  0000                     
   490  0000                     
   491  0000                     
   492  0000                     
   493  0000                     
   494  0000                     
   495  0000                     
   496  0000                     
   497  0000                     
   498  0000                     
   499  0000                     
   500  0000                     
   501  0000                     
   502  0000                     
   503  0000                     
   504  0000                     
   505  0000                     
   506  0000                     
   507  0000                     
   508  0000                     
   509  0000                     
   510  0000                     
   511  0000                     
   512  0000                     
   513  0000                     
   514  0000                     
   515  0000                     
   516  0000                     
   517  0000                     
   518  0000                     
   519  0000                     
   520  0000                     
   521  0000                     
   522  0000                     
   523  0000                     
   524  0000                     
   525  0000                     
   526  0000                     
   527  0000                     
   528  0000                     
   529  0000                     
   530  0000                     
   531  0000                     
   532  0000                     
   533  0000                     
   534  0000                     
   535  0000                     
   536  0000                     
   537  0000                     
   538  0000                     
   539  0000                     
   540  0000                     
   541  0000                     
   542  0000                     
   543  0000                     
   544  0000                     
   545  0000                     
   546  0000                     
   547  0000                     
   548  0000                     
   549  0000                     
   550  0000                     
   551  0000                     
   552  0000                     
   553  0000                     
   554  0000                     
   555  0000                     
   556  0000                     
   557  0000                     
   558  0000                     
   559  0000                     
   560  0000                     
   561  0000                     
   562  0000                     
   563  0000                     
   564  0000                     
   565  0000                     
   566  0000                     
   567  0000                     
   568  0000                     
   569  0000                     
   570  0000                     
   571  0000                     
   572  0000                     
   573  0000                     
   574  0000                     
   575                           
   576                           	psect	rbss_0
   577  0020                     _Dat_buff
                     _Dat_buff
   578  0020                     	ds	1
   579  0000                     
   580  0000                     
   581  0000                     
   582  0000                     
   583  0000                     
   584  0000                     
   585  0000                     
   586  0000                     
   587  0000                     
   588  0000                     
   589  0000                     
   590  0000                     
   591  0000                     
   592  0000                     
   593  0000                     
   594  0000                     
   595  0000                     
   596  0000                     
   597  0000                     
   598  0000                     
   599  0000                     
   600  0000                     
   601  0000                     
   602  0000                     
   603  0000                     
   604  0000                     
   605  0000                     
   606  0000                     
   607  0000                     
   608  0000                     
   609  0000                     
   610  0000                     
   611  0000                     
   612  0000                     
   613  0000                     
   614  0000                     
   615  0000                     
   616  0000                     
   617  0000                     
   618  0000                     
   619  0000                     
   620  0000                     
   621  0000                     
   622  0000                     
   623  0000                     
   624  0000                     
   625  0021                     _couter
                     _couter
   626  0021                     	ds	1


HI-TECH Software PICC Macro Assembler V9.60
Symbol Table                                          Tue Apr 23 16:23:34 2013

           l3 00EC             l7 0058             l8 0033  
          l11 004B            l14 00F3            l15 00EE  
          l17 00F0            fsr 0004    ?a_US_delay 0024  
    _mcu_init 00B2       _LED_DIS 0025  save_code_ptr 000D  
      _couter 0021    save_btemp0 000D    save_btemp1 000D  
  save_btemp2 000D    save_btemp3 000D    save_btemp4 000D  
  save_btemp5 000D    save_btemp6 000D    save_btemp7 000D  
  save_btemp8 000D    save_btemp9 000D          _main 00EA  
        start 0067        saved_w 007E      int_entry 0004  
  _Board_init 00CC      saved_fsr 0037      _Dat_buff 0020  
 save_btemp10 000D   save_btemp11 000D   save_btemp12 000D  
 save_btemp13 000D   save_btemp14 000D   saved_pclath 0038  
       _usart 0011      _US_delay 00ED         pclath 000A  
 saved_status 0036         status 0003       int_func 0011  
   ?_US_delay 0022    int_restore 0062  
