

HI-TECH Software PICC Macro Assembler V9.60
                                                      Tue Apr 23 16:33:02 2013


     1                           	processor	16F877A
     2                           	opt	pw 79
     3                           	psect	config,global,class=CONFIG,delta=2
     4                           	psect	text2,local,class=CODE,delta=2
     5                           	psect	text3,local,class=CODE,delta=2
     6  0000                     
     7  0000                     
     8  0000                     
     9  0000                     
    10  0000                     
    11  0000                     
    12  0000                     
    13  0000                     
    14  0000                     
    15  0000                     
    16                           
    17                           	psect	config
    18  2007  3F32               	dw	16178	;#
    19                           
    20                           	psect	text2
    21  07BC                     _delay
    22                           ;	_a assigned to ?a_delay+0
    23  0000                     _delay$a	set	?a_delay
    24                           ;	_s assigned to ?a_delay+1
    25  0000                     _delay$s	set	?a_delay+1
    26                           ;_a stored from w
    27  07BC  0183               	clrf	3	;select bank 0
    28  07BD  00A3               	movwf	?a_delay
    29                           ;led.c: 38: void delay(unsigned char a,unsigned
      +                           char i)
    30  07BE  2FC6               	goto	l10
    31                           ;led.c: 42: while(--i)
    32  07BF                     l14
    33                           ;led.c: 43: {
    34  07BF  300A               	movlw	10
    35  07C0  00A4               	movwf	?a_delay+1
    36                           ;led.c: 45: while(s--);
    37  07C1                     l16
    38  07C1  03A4               	decf	?a_delay+1
    39  07C2  0F24               	incfsz	?a_delay+1,w
    40  07C3  2FC1               	goto	l16
    41  07C4                     l13
    42  07C4  0BA2               	decfsz	?_delay
    43  07C5  2FBF               	goto	l14
    44  07C6                     l10
    45  07C6  1283               	bcf	3,5
    46  07C7  1303               	bcf	3,6	;carry unused
    47  07C8  0BA3               	decfsz	?a_delay
    48  07C9  2FC4               	goto	l13
    49  07CA  0008               	return
    50  07CB                     _Board_init
    51                           ;BoardConfig.h: 17: void Board_init(void)
    52  07CB  1683               	bsf	3,5
    53  07CC  1303               	bcf	3,6	;carry unused
    54  07CD  0185               	clrf	5	;volatile
    55                           ;BoardConfig.h: 22: TRISB=0x00;
    56  07CE  0186               	clrf	6	;volatile
    57                           ;BoardConfig.h: 23: TRISC=0x00;
    58  07CF  0187               	clrf	7	;volatile
    59                           ;BoardConfig.h: 24: TRISD=0x00;
    60  07D0  0188               	clrf	8	;volatile
    61                           ;BoardConfig.h: 25: TRISE=0X00;
    62  07D1  0189               	clrf	9	;volatile
    63                           ;BoardConfig.h: 30: PORTD=0XFF;
    64  07D2  30FF               	movlw	-1
    65  07D3  1283               	bcf	3,5
    66  07D4  0088               	movwf	8	;volatile
    67                           ;BoardConfig.h: 31: RA3=0;
    68  07D5  1185               	bcf	5,3
    69                           ;BoardConfig.h: 32: RC5=1;
    70  07D6  1687               	bsf	7,5
    71                           ;BoardConfig.h: 33: asm ("NOP");
    72  07D7  0000               	nop	;#
    73                           ;BoardConfig.h: 34: asm ("NOP");
    74  07D8  0000               	nop	;#
    75                           ;BoardConfig.h: 35: RC5=0;
    76  07D9  1287               	bcf	7,5
    77                           ;BoardConfig.h: 39: RC3=1;
    78  07DA  1587               	bsf	7,3
    79                           ;BoardConfig.h: 40: asm ("NOP");
    80  07DB  0000               	nop	;#
    81                           ;BoardConfig.h: 41: asm ("NOP");
    82  07DC  0000               	nop	;#
    83                           ;BoardConfig.h: 42: RC3=0;
    84  07DD  1187               	bcf	7,3
    85                           ;BoardConfig.h: 46: RC4=1;
    86  07DE  1607               	bsf	7,4
    87                           ;BoardConfig.h: 47: PORTD=0X00;
    88  07DF  0188               	clrf	8	;volatile
    89                           ;BoardConfig.h: 48: asm ("NOP");
    90  07E0  0000               	nop	;#
    91                           ;BoardConfig.h: 49: asm ("NOP");
    92  07E1  0000               	nop	;#
    93                           ;BoardConfig.h: 50: RC4=0;
    94  07E2  1207               	bcf	7,4
    95                           ;BoardConfig.h: 52: PORTD=0XFF;
    96  07E3  0088               	movwf	8	;volatile
    97                           ;BoardConfig.h: 54: RC2=1;
    98  07E4  1507               	bsf	7,2
    99                           ;BoardConfig.h: 56: RE0=0;
   100  07E5  1009               	bcf	9,0
   101                           ;BoardConfig.h: 57: RE1=0;
   102  07E6  1089               	bcf	9,1
   103                           ;BoardConfig.h: 58: RE2=0;
   104  07E7  1109               	bcf	9,2
   105                           ;BoardConfig.h: 59: }
   106  07E8  0008               	return	;#
   107  07E9                     _main
   108                           ;	_timer assigned to ?a_main+0
   109  0000                     _main$timer	set	?a_main
   110                           ;	_temp assigned to ?a_main+1
   111  0000                     _main$temp	set	?a_main+1
   112                           ;led.c: 17: void main (void)
   113  07E9  30FF               	movlw	-1
   114  07EA  1283               	bcf	3,5
   115  07EB  1303               	bcf	3,6	;carry unused
   116  07EC  00A1               	movwf	?a_main+1
   117                           ;led.c: 22: Board_init();
   118  07ED  27CB               	fcall	_Board_init
   119                           ;led.c: 23: RC5=1;
   120  07EE  1687               	bsf	7,5
   121  07EF                     l4
   122                           ;led.c: 25: while(1)
   123                           ;led.c: 26: {
   124  07EF  30FF               	movlw	-1
   125  07F0  00A1               	movwf	?a_main+1
   126                           ;led.c: 28: for(timer=0;timer<9;timer++)
   127  07F1  01A0               	clrf	?a_main
   128  07F2                     l6
   129                           ;led.c: 29: {
   130  07F2  0821               	movf	?a_main+1,w
   131  07F3  0088               	movwf	8	;volatile
   132                           ;led.c: 31: delay(20,200);
   133  07F4  30C8               	movlw	-56
   134  07F5  00A2               	movwf	?_delay
   135  07F6  3014               	movlw	20
   136  07F7  27BC               	fcall	_delay
   137                           ;led.c: 32: temp>>=1;
   138  07F8  1003               	bcf	3,0
   139  07F9  0CA1               	rrf	?a_main+1
   140  07FA  0AA0               	incf	?a_main
   141  07FB  3009               	movlw	9
   142  07FC  0220               	subwf	?a_main,w
   143  07FD  1803               	btfsc	3,0
   144  07FE  2FEF               	goto	l4
   145  07FF  2FF2               	goto	l6
   146                           
   147                           	psect	text3
   148  0000                     
   149  0000                     
   150  0000                     
   151  0000                     
   152  0000                     
   153  0000                     
   154  0000                     
   155  0000                     
   156  0000                     
   157  0000                     
   158  0000                     
   159  0000                     
   160  0000                     
   161  0000                     
   162  0000                     
   163  0000                     
   164  0000                     
   165  0000                     
   166  0000                     
   167  0000                     
   168  0000                     
   169  0000                     
   170  0000                     
   171  0000                     
   172  0000                     
   173  0000                     
   174  0000                     
   175  0000                     
   176  0000                     
   177  0000                     
   178  0000                     
   179  0000                     
   180  0000                     
   181  0000                     
   182  0000                     
   183  0000                     
   184  0000                     
   185  0000                     
   186  0000                     
   187  0000                     
   188  0000                     
   189  0000                     
   190  0000                     
   191  0000                     
   192  0000                     
   193  0000                     
   194  0000                     
   195  0000                     
   196  0000                     
   197  0000                     
   198  0000                     
   199  0000                     
   200  0000                     
   201  0000                     
   202  0000                     
   203  0000                     
   204  0000                     
   205  0000                     
   206  0000                     
   207  0000                     
   208  0000                     
   209  0000                     
   210  0000                     
   211  0000                     
   212  0000                     
   213  0000                     
   214  0000                     
   215  0000                     
   216  0000                     
   217  0000                     
   218  0000                     
   219  0000                     
   220  0000                     
   221  0000                     
   222  0000                     
   223  0000                     
   224  0000                     
   225  0000                     
   226  0000                     
   227  0000                     
   228  0000                     
   229  0000                     
   230  0000                     
   231  0000                     
   232  0000                     
   233  0000                     
   234  0000                     
   235  0000                     
   236  0000                     
   237  0000                     
   238  0000                     
   239  0000                     
   240  0000                     
   241  0000                     
   242  0000                     
   243  0000                     
   244  0000                     
   245  0000                     
   246  0000                     
   247  0000                     
   248  0000                     
   249  0000                     
   250  0000                     
   251  0000                     
   252  0000                     
   253  0000                     
   254  0000                     
   255  0000                     
   256  0000                     
   257  0000                     
   258  0000                     
   259  0000                     
   260  0000                     
   261  0000                     
   262  0000                     
   263  0000                     
   264  0000                     
   265  0000                     
   266  0000                     
   267  0000                     
   268  0000                     
   269  0000                     
   270  0000                     
   271  0000                     
   272  0000                     
   273  0000                     
   274  0000                     
   275  0000                     
   276  0000                     
   277  0000                     
   278  0000                     
   279  0000                     
   280  0000                     
   281  0000                     
   282  0000                     
   283  0000                     
   284  0000                     
   285  0000                     
   286  0000                     
   287  0000                     
   288  0000                     
   289  0000                     
   290  0000                     
   291  0000                     
   292  0000                     
   293  0000                     
   294  0000                     
   295  0000                     
   296  0000                     
   297  0000                     
   298  0000                     
   299  0000                     
   300  0000                     
   301  0000                     
   302  0000                     
   303  0000                     
   304  0000                     
   305  0000                     
   306  0000                     
   307  0000                     
   308  0000                     
   309  0000                     
   310  0000                     
   311  0000                     
   312  0000                     
   313  0000                     
   314  0000                     
   315  0000                     
   316  0000                     
   317  0000                     
   318  0000                     
   319  0000                     
   320  0000                     
   321  0000                     
   322  0000                     
   323  0000                     
   324  0000                     
   325  0000                     
   326  0000                     
   327  0000                     
   328  0000                     
   329  0000                     
   330  0000                     
   331  0000                     
   332  0000                     
   333  0000                     
   334  0000                     
   335  0000                     
   336  0000                     
   337  0000                     
   338  0000                     
   339  0000                     
   340  0000                     
   341  0000                     
   342  0000                     
   343  0000                     
   344  0000                     
   345  0000                     
   346  0000                     
   347  0000                     
   348  0000                     
   349  0000                     
   350  0000                     
   351  0000                     
   352  0000                     
   353  0000                     
   354  0000                     
   355  0000                     
   356  0000                     
   357  0000                     
   358  0000                     
   359  0000                     
   360  0000                     
   361  0000                     
   362  0000                     
   363  0000                     
   364  0000                     
   365  0000                     
   366  0000                     
   367  0000                     
   368  0000                     
   369  0000                     
   370  0000                     
   371  0000                     
   372  0000                     
   373  0000                     
   374  0000                     
   375  0000                     
   376  0000                     
   377  0000                     
   378  0000                     
   379  0000                     
   380  0000                     
   381  0000                     
   382  0000                     
   383  0000                     
   384  0000                     
   385  0000                     
   386  0000                     
   387  0000                     
   388  0000                     
   389  0000                     
   390  0000                     
   391  0000                     
   392  0000                     
   393  0000                     
   394  0000                     
   395  0000                     
   396  0000                     
   397  0000                     
   398  0000                     
   399  0000                     
   400  0000                     
   401  0000                     
   402  0000                     
   403  0000                     
   404  0000                     
   405  0000                     
   406  0000                     
   407  0000                     
   408  0000                     
   409  0000                     
   410  0000                     
   411  0000                     
   412  0000                     
   413  0000                     
   414  0000                     
   415  0000                     
   416  0000                     
   417  0000                     
   418  0000                     
   419  0000                     
   420  0000                     
   421  0000                     
   422  0000                     
   423  0000                     
   424  0000                     


HI-TECH Software PICC Macro Assembler V9.60
Symbol Table                                          Tue Apr 23 16:33:02 2013

    ?_delay 0022      ?a_main 0020           l4 07EF           l6 07F2  
   ?a_delay 0023          l10 07C6          l13 07C4          l14 07BF  
        l16 07C1        _main 07E9        start 0000  _Board_init 07CB  
     _delay 07BC       status 0003  
