

HI-TECH Software PICC Macro Assembler V9.60
                                                      Tue Apr 23 16:19:57 2013


     1                           	processor	16F877A
     2                           	opt	pw 79
     3                           	psect	config,global,class=CONFIG,delta=2
     4                           	psect	text4,local,class=CODE,delta=2
     5                           	psect	text6,local,class=CODE,delta=2
     6                           	psect	rbss_0,global,class=BANK0,space=1,delta=
      +                          1
     7  0000                     
     8  0000                     
     9  0000                     
    10  0000                     
    11  0000                     
    12  0000                     
    13  0000                     
    14  0000                     
    15  0000                     
    16  0000                     
    17                           
    18                           	psect	config
    19  2007  3F32               	dw	16178	;#
    20                           
    21                           	psect	text4
    22  0795                     _delayUS
    23                           ;	_i assigned to ?a_delayUS+0
    24  0000                     _delayUS$i	set	?a_delayUS
    25                           ;_i stored from w
    26  0795  0183               	clrf	3	;select bank 0
    27  0796  00A2               	movwf	?a_delayUS
    28                           ;PWM.C: 85: void delayUS(unsigned char i)
    29  0797                     l19
    30  0797  1283               	bcf	3,5
    31  0798  1303               	bcf	3,6	;carry unused
    32  0799  0BA2               	decfsz	?a_delayUS
    33  079A  2F97               	goto	l19
    34  079B  0008               	return
    35  079C                     _delayMS
    36                           ;	_a assigned to ?a_delayMS+0
    37  0000                     _delayMS$a	set	?a_delayMS
    38                           ;_a stored from w
    39  079C  0183               	clrf	3	;select bank 0
    40  079D  00A1               	movwf	?a_delayMS
    41  079E                     l25
    42                           ;PWM.C: 88: void delayMS(unsigned char a)
    43  079E  30C7               	movlw	-57
    44  079F  2795               	fcall	_delayUS
    45  07A0  0BA1               	decfsz	?a_delayMS
    46  07A1  2F9E               	goto	l25
    47  07A2  0008               	return
    48  07A3                     _anjian
    49                           ;PWM.C: 73: void anjian(void)
    50  07A3  30FF               	movlw	-1
    51  07A4  1683               	bsf	3,5
    52  07A5  1303               	bcf	3,6	;carry unused
    53  07A6  0086               	movwf	6	;volatile
    54                           ;PWM.C: 76: if(RB1==0){delayMS(10);
    55  07A7  1283               	bcf	3,5
    56  07A8  1886               	btfsc	6,1
    57  07A9  2FB6               	goto	l8
    58  07AA  300A               	movlw	10
    59  07AB  279C               	fcall	_delayMS
    60                           ;PWM.C: 77: if(RB1==0){a+=50;CCPR1L=a;CCPR2L=a;
      +                          }
    61  07AC  1886               	btfsc	6,1
    62  07AD  2FB4               	goto	l10
    63  07AE  3032               	movlw	50
    64  07AF  07A0               	addwf	_a
    65  07B0  0820               	movf	_a,w
    66  07B1  0095               	movwf	21	;volatile
    67  07B2  0820               	movf	_a,w
    68  07B3  009B               	movwf	27	;volatile
    69                           ;PWM.C: 78: while(RB1==0);}
    70  07B4                     l10
    71  07B4  1C86               	btfss	6,1
    72  07B5  2FB4               	goto	l10
    73  07B6                     l8
    74                           ;PWM.C: 79: if(RB2==0){delayMS(10);
    75  07B6  1906               	btfsc	6,2
    76  07B7  0008               	return
    77  07B8  300A               	movlw	10
    78  07B9  279C               	fcall	_delayMS
    79                           ;PWM.C: 80: if(RB2==0){a-=50;CCPR1L=a;CCPR2L=a;
      +                          }
    80  07BA  1906               	btfsc	6,2
    81  07BB  2FC2               	goto	l15
    82  07BC  30CE               	movlw	-50
    83  07BD  07A0               	addwf	_a
    84  07BE  0820               	movf	_a,w
    85  07BF  0095               	movwf	21	;volatile
    86  07C0  0820               	movf	_a,w
    87  07C1  009B               	movwf	27	;volatile
    88                           ;PWM.C: 81: while(RB2==0);}
    89  07C2                     l15
    90  07C2  1906               	btfsc	6,2
    91  07C3  0008               	return
    92  07C4  2FC2               	goto	l15
    93  07C5                     _CCP1INIT
    94                           ;PWM.C: 54: void CCP1INIT(void)
    95  07C5  30FF               	movlw	-1
    96  07C6  0183               	clrf	3	;select bank 0
    97  07C7  0086               	movwf	6	;volatile
    98                           ;PWM.C: 57: TRISB=0xff;
    99  07C8  1683               	bsf	3,5
   100  07C9  0086               	movwf	6	;volatile
   101                           ;PWM.C: 58: RBPU=0;
   102  07CA  1381               	bcf	1,7
   103                           ;PWM.C: 59: a=0XE0;
   104  07CB  30E0               	movlw	-32
   105  07CC  1283               	bcf	3,5
   106  07CD  00A0               	movwf	_a
   107                           ;PWM.C: 60: CCPR1L=a;
   108  07CE  0095               	movwf	21	;volatile
   109                           ;PWM.C: 61: CCPR2L=a;
   110  07CF  0820               	movf	_a,w
   111  07D0  009B               	movwf	27	;volatile
   112                           ;PWM.C: 62: CCP1CON=0X3C;
   113  07D1  303C               	movlw	60
   114  07D2  0097               	movwf	23	;volatile
   115                           ;PWM.C: 64: CCP2CON=0X3C;
   116  07D3  009D               	movwf	29	;volatile
   117                           ;PWM.C: 66: INTCON=0X00;
   118  07D4  018B               	clrf	11	;volatile
   119                           ;PWM.C: 67: PR2=0XFF;
   120  07D5  30FF               	movlw	-1
   121  07D6  1683               	bsf	3,5
   122  07D7  0092               	movwf	18	;volatile
   123                           ;PWM.C: 68: TRISC=0XF8;
   124  07D8  30F8               	movlw	-8
   125  07D9  0087               	movwf	7	;volatile
   126                           ;PWM.C: 69: }
   127  07DA  1283               	bcf	3,5
   128  07DB  0008               	return	;W free
   129  07DC                     _Board_init
   130                           ;BoardConfig.h: 17: void Board_init(void)
   131  07DC  1683               	bsf	3,5
   132  07DD  1303               	bcf	3,6	;carry unused
   133  07DE  0185               	clrf	5	;volatile
   134                           ;BoardConfig.h: 22: TRISB=0x00;
   135  07DF  0186               	clrf	6	;volatile
   136                           ;BoardConfig.h: 23: TRISC=0x00;
   137  07E0  0187               	clrf	7	;volatile
   138                           ;BoardConfig.h: 24: TRISD=0x00;
   139  07E1  0188               	clrf	8	;volatile
   140                           ;BoardConfig.h: 25: TRISE=0X00;
   141  07E2  0189               	clrf	9	;volatile
   142                           ;BoardConfig.h: 30: PORTD=0XFF;
   143  07E3  30FF               	movlw	-1
   144  07E4  1283               	bcf	3,5
   145  07E5  0088               	movwf	8	;volatile
   146                           ;BoardConfig.h: 31: RA3=0;
   147  07E6  1185               	bcf	5,3
   148                           ;BoardConfig.h: 32: RC5=1;
   149  07E7  1687               	bsf	7,5
   150                           ;BoardConfig.h: 33: asm ("NOP");
   151  07E8  0000               	nop	;#
   152                           ;BoardConfig.h: 34: asm ("NOP");
   153  07E9  0000               	nop	;#
   154                           ;BoardConfig.h: 35: RC5=0;
   155  07EA  1287               	bcf	7,5
   156                           ;BoardConfig.h: 39: RC3=1;
   157  07EB  1587               	bsf	7,3
   158                           ;BoardConfig.h: 40: asm ("NOP");
   159  07EC  0000               	nop	;#
   160                           ;BoardConfig.h: 41: asm ("NOP");
   161  07ED  0000               	nop	;#
   162                           ;BoardConfig.h: 42: RC3=0;
   163  07EE  1187               	bcf	7,3
   164                           ;BoardConfig.h: 46: RC4=1;
   165  07EF  1607               	bsf	7,4
   166                           ;BoardConfig.h: 47: PORTD=0X00;
   167  07F0  0188               	clrf	8	;volatile
   168                           ;BoardConfig.h: 48: asm ("NOP");
   169  07F1  0000               	nop	;#
   170                           ;BoardConfig.h: 49: asm ("NOP");
   171  07F2  0000               	nop	;#
   172                           ;BoardConfig.h: 50: RC4=0;
   173  07F3  1207               	bcf	7,4
   174                           ;BoardConfig.h: 52: PORTD=0XFF;
   175  07F4  0088               	movwf	8	;volatile
   176                           ;BoardConfig.h: 54: RC2=1;
   177  07F5  1507               	bsf	7,2
   178                           ;BoardConfig.h: 56: RE0=0;
   179  07F6  1009               	bcf	9,0
   180                           ;BoardConfig.h: 57: RE1=0;
   181  07F7  1089               	bcf	9,1
   182                           ;BoardConfig.h: 58: RE2=0;
   183  07F8  1109               	bcf	9,2
   184                           ;BoardConfig.h: 59: }
   185  07F9  0008               	return	;#
   186  07FA                     _main
   187                           ;PWM.C: 40: void main(void)
   188  07FA  27DC               	fcall	_Board_init
   189                           ;PWM.C: 43: CCP1INIT();
   190  07FB  27C5               	fcall	_CCP1INIT
   191                           ;PWM.C: 44: T2CON=0X04;
   192  07FC  3004               	movlw	4
   193  07FD  0092               	movwf	18	;volatile
   194  07FE                     l5
   195                           ;PWM.C: 46: do
   196                           ;PWM.C: 47: {
   197  07FE  27A3               	fcall	_anjian
   198                           ;PWM.C: 49: }while(1);
   199  07FF  2FFE               	goto	l5
   200                           
   201                           	psect	text6
   202  0000                     
   203  0000                     
   204  0000                     
   205  0000                     
   206  0000                     
   207  0000                     
   208  0000                     
   209  0000                     
   210  0000                     
   211  0000                     
   212  0000                     
   213  0000                     
   214  0000                     
   215  0000                     
   216  0000                     
   217  0000                     
   218  0000                     
   219  0000                     
   220  0000                     
   221  0000                     
   222  0000                     
   223  0000                     
   224  0000                     
   225  0000                     
   226  0000                     
   227  0000                     
   228  0000                     
   229  0000                     
   230  0000                     
   231  0000                     
   232  0000                     
   233  0000                     
   234  0000                     
   235  0000                     
   236  0000                     
   237  0000                     
   238  0000                     
   239  0000                     
   240  0000                     
   241  0000                     
   242  0000                     
   243  0000                     
   244  0000                     
   245  0000                     
   246  0000                     
   247  0000                     
   248  0000                     
   249  0000                     
   250  0000                     
   251  0000                     
   252  0000                     
   253  0000                     
   254  0000                     
   255  0000                     
   256  0000                     
   257  0000                     
   258  0000                     
   259  0000                     
   260  0000                     
   261  0000                     
   262  0000                     
   263  0000                     
   264  0000                     
   265  0000                     
   266  0000                     
   267  0000                     
   268  0000                     
   269  0000                     
   270  0000                     
   271  0000                     
   272  0000                     
   273  0000                     
   274  0000                     
   275  0000                     
   276  0000                     
   277  0000                     
   278  0000                     
   279  0000                     
   280  0000                     
   281  0000                     
   282  0000                     
   283  0000                     
   284  0000                     
   285  0000                     
   286  0000                     
   287  0000                     
   288  0000                     
   289  0000                     
   290  0000                     
   291  0000                     
   292  0000                     
   293  0000                     
   294  0000                     
   295  0000                     
   296  0000                     
   297  0000                     
   298  0000                     
   299  0000                     
   300  0000                     
   301  0000                     
   302  0000                     
   303  0000                     
   304  0000                     
   305  0000                     
   306  0000                     
   307  0000                     
   308  0000                     
   309  0000                     
   310  0000                     
   311  0000                     
   312  0000                     
   313  0000                     
   314  0000                     
   315  0000                     
   316  0000                     
   317  0000                     
   318  0000                     
   319  0000                     
   320  0000                     
   321  0000                     
   322  0000                     
   323  0000                     
   324  0000                     
   325  0000                     
   326  0000                     
   327  0000                     
   328  0000                     
   329  0000                     
   330  0000                     
   331  0000                     
   332  0000                     
   333  0000                     
   334  0000                     
   335  0000                     
   336  0000                     
   337  0000                     
   338  0000                     
   339  0000                     
   340  0000                     
   341  0000                     
   342  0000                     
   343  0000                     
   344  0000                     
   345  0000                     
   346  0000                     
   347  0000                     
   348  0000                     
   349  0000                     
   350  0000                     
   351  0000                     
   352  0000                     
   353  0000                     
   354  0000                     
   355  0000                     
   356  0000                     
   357  0000                     
   358  0000                     
   359  0000                     
   360  0000                     
   361  0000                     
   362  0000                     
   363  0000                     
   364  0000                     
   365  0000                     
   366  0000                     
   367  0000                     
   368  0000                     
   369  0000                     
   370  0000                     
   371  0000                     
   372  0000                     
   373  0000                     
   374  0000                     
   375  0000                     
   376  0000                     
   377  0000                     
   378  0000                     
   379  0000                     
   380  0000                     
   381  0000                     
   382  0000                     
   383  0000                     
   384  0000                     
   385  0000                     
   386  0000                     
   387  0000                     
   388  0000                     
   389  0000                     
   390  0000                     
   391  0000                     
   392  0000                     
   393  0000                     
   394  0000                     
   395  0000                     
   396  0000                     
   397  0000                     
   398  0000                     
   399  0000                     
   400  0000                     
   401  0000                     
   402  0000                     
   403  0000                     
   404  0000                     
   405  0000                     
   406  0000                     
   407  0000                     
   408  0000                     
   409  0000                     
   410  0000                     
   411  0000                     
   412  0000                     
   413  0000                     
   414  0000                     
   415  0000                     
   416  0000                     
   417  0000                     
   418  0000                     
   419  0000                     
   420  0000                     
   421  0000                     
   422  0000                     
   423  0000                     
   424  0000                     
   425  0000                     
   426  0000                     
   427  0000                     
   428  0000                     
   429  0000                     
   430  0000                     
   431  0000                     
   432  0000                     
   433  0000                     
   434  0000                     
   435  0000                     
   436  0000                     
   437  0000                     
   438  0000                     
   439  0000                     
   440  0000                     
   441  0000                     
   442  0000                     
   443  0000                     
   444  0000                     
   445  0000                     
   446  0000                     
   447  0000                     
   448  0000                     
   449  0000                     
   450  0000                     
   451  0000                     
   452  0000                     
   453  0000                     
   454  0000                     
   455  0000                     
   456  0000                     
   457  0000                     
   458  0000                     
   459  0000                     
   460  0000                     
   461  0000                     
   462  0000                     
   463  0000                     
   464  0000                     
   465  0000                     
   466  0000                     
   467  0000                     
   468  0000                     
   469  0000                     
   470  0000                     
   471  0000                     
   472  0000                     
   473  0000                     
   474  0000                     
   475  0000                     
   476  0000                     
   477  0000                     
   478  0000                     
   479                           
   480                           	psect	rbss_0
   481  0020                     _a
                     _a
   482  0020                     	ds	1


HI-TECH Software PICC Macro Assembler V9.60
Symbol Table                                          Tue Apr 23 16:19:57 2013

         l5 07FE           l8 07B6           _a 0020          l10 07B4  
        l15 07C2          l25 079E          l19 0797    _CCP1INIT 07C5  
 ?a_delayMS 0021   ?a_delayUS 0022      _anjian 07A3        _main 07FA  
      start 0000     _delayMS 079C     _delayUS 0795  _Board_init 07DC  
     status 0003  
