

HI-TECH Software PICC Macro Assembler V9.60
                                                      Tue Apr 23 16:17:49 2013


     1                           	processor	16F877A
     2                           	opt	pw 79
     3                           	psect	config,global,class=CONFIG,delta=2
     4                           	psect	rdata_0,global,class=BANK0,space=1,delta
      +                          =1
     5                           	psect	idata_0,global,class=CODE,delta=2
     6                           	psect	text5,local,class=CODE,delta=2
     7                           	psect	text7,local,class=CODE,delta=2
     8                           	psect	rbss_0,global,class=BANK0,space=1,delta=
      +                          1
     9  0000                     
    10  0000                     
    11  0000                     
    12  0000                     
    13  0000                     
    14  0000                     
    15  0000                     
    16  0000                     
    17  0000                     
    18  0000                     
    19                           
    20                           	psect	config
    21  2007  3F32               	dw	16178	;#
    22                           
    23                           	psect	rdata_0
    24  0026                     _table
                     _table
    25  0026                     	ds	1
                     	ds	1
    26  0027                     	ds	1
                     	ds	1
    27  0028                     	ds	1
                     	ds	1
    28  0029                     	ds	1
                     	ds	1
    29  002A                     	ds	1
                     	ds	1
    30  002B                     	ds	1
                     	ds	1
    31  002C                     	ds	1
                     	ds	1
    32  002D                     	ds	1
                     	ds	1
    33  002E                     	ds	1
                     	ds	1
    34  002F                     	ds	1
                     	ds	1
    35  0030                     	ds	1
                     	ds	1
    36  0031                     	ds	1
                     	ds	1
    37  0032                     	ds	1
                     	ds	1
    38  0033                     	ds	1
                     	ds	1
    39  0034                     	ds	1
                     	ds	1
    40  0035                     	ds	1
                     	ds	1
    41  0036                     	ds	1
    42                           
    43                           	psect	idata_0
    44  07EF  34C0               	retlw	-64
    45  07F0  34F9               	retlw	-7
    46  07F1  34A4               	retlw	-92
    47  07F2  34B0               	retlw	-80
    48  07F3  3499               	retlw	-103
    49  07F4  3492               	retlw	-110
    50  07F5  3482               	retlw	-126
    51  07F6  34F8               	retlw	-8
    52  07F7  3480               	retlw	-128
    53  07F8  3490               	retlw	-112
    54  07F9  3488               	retlw	-120
    55  07FA  3483               	retlw	-125
    56  07FB  34C6               	retlw	-58
    57  07FC  34A1               	retlw	-95
    58  07FD  3486               	retlw	-122
    59  07FE  348E               	retlw	-114
    60  07FF  34FF               	retlw	-1
    61                           
    62                           	psect	text5
    63  0757                     _display
    64                           ;IN_EEPROM.C: 63: void display(void)
    65  0757  0183               	clrf	3	;select bank 0
    66  0758  1607               	bsf	7,4
    67                           ;IN_EEPROM.C: 68: PORTD=0x10;
    68  0759  3010               	movlw	16
    69  075A  0088               	movwf	8	;volatile
    70                           ;IN_EEPROM.C: 69: RC4=0;
    71  075B  1207               	bcf	7,4
    72                           ;IN_EEPROM.C: 73: RC3=1;
    73  075C  1587               	bsf	7,3
    74                           ;IN_EEPROM.C: 74: PORTD=table[date1];
    75  075D  0821               	movf	_date1,w
    76  075E  3E26               	addlw	_table
    77  075F  0084               	movwf	4
    78  0760  1383               	bcf	3,7
    79  0761  0800               	movf	0,w
    80  0762  0088               	movwf	8	;volatile
    81                           ;IN_EEPROM.C: 75: RC3=0;
    82  0763  1187               	bcf	7,3
    83                           ;IN_EEPROM.C: 77: delayMS(2);
    84  0764  3002               	movlw	2
    85  0765  2791               	fcall	_delayMS
    86                           ;IN_EEPROM.C: 80: RC4=1;
    87  0766  1607               	bsf	7,4
    88                           ;IN_EEPROM.C: 81: PORTD=0X00;
    89  0767  0188               	clrf	8	;volatile
    90                           ;IN_EEPROM.C: 82: RC4=0;
    91  0768  1207               	bcf	7,4
    92                           ;IN_EEPROM.C: 83: delayMS(2);
    93  0769  3002               	movlw	2
    94  076A  2791               	fcall	_delayMS
    95                           ;IN_EEPROM.C: 90: RC4=1;
    96  076B  1607               	bsf	7,4
    97                           ;IN_EEPROM.C: 91: PORTD=0x80;
    98  076C  3080               	movlw	-128
    99  076D  0088               	movwf	8	;volatile
   100                           ;IN_EEPROM.C: 92: RC4=0;
   101  076E  1207               	bcf	7,4
   102                           ;IN_EEPROM.C: 96: RC3=1;
   103  076F  1587               	bsf	7,3
   104                           ;IN_EEPROM.C: 97: PORTD=table[date2];
   105  0770  0822               	movf	_date2,w
   106  0771  3E26               	addlw	_table
   107  0772  0084               	movwf	4
   108  0773  1383               	bcf	3,7
   109  0774  0800               	movf	0,w
   110  0775  0088               	movwf	8	;volatile
   111                           ;IN_EEPROM.C: 98: RC3=0;
   112  0776  1187               	bcf	7,3
   113                           ;IN_EEPROM.C: 100: delayMS(2);
   114  0777  3002               	movlw	2
   115  0778  2791               	fcall	_delayMS
   116                           ;IN_EEPROM.C: 103: RC4=1;
   117  0779  1607               	bsf	7,4
   118                           ;IN_EEPROM.C: 104: PORTD=0X00;
   119  077A  0188               	clrf	8	;volatile
   120                           ;IN_EEPROM.C: 105: RC4=0;
   121  077B  1207               	bcf	7,4
   122                           ;IN_EEPROM.C: 106: delayMS(2);
   123  077C  3002               	movlw	2
   124  077D  2F91               	ljmp	_delayMS
   125  077E                     _read
   126                           ;	_addr assigned to ?a_read+0
   127  0000                     _read$addr	set	?a_read
   128                           ;_addr stored from w
   129  077E  0183               	clrf	3	;select bank 0
   130  077F  00A4               	movwf	?a_read
   131                           ;IN_EEPROM.C: 55: unsigned char read(unsigned c
      +                          har addr)
   132  0780  1703               	bsf	3,6
   133  0781  008D               	movwf	13	;volatile
   134                           ;IN_EEPROM.C: 57: RD=1;
   135  0782  1683               	bsf	3,5
   136  0783  140C               	bsf	12,0
   137                           ;IN_EEPROM.C: 58: asm("nop");asm("nop");
   138  0784  0000               	nop	;#
   139  0785  0000               	nop	;#
   140                           ;IN_EEPROM.C: 59: return(EEDATA);
   141  0786  1283               	bcf	3,5
   142  0787  080C               	movf	12,w	;volatile
   143                           ;IN_EEPROM.C: 60: }
   144  0788  1303               	bcf	3,6	;carry unused
   145  0789  0008               	return	;uses W
   146  078A                     _delayUS
   147                           ;	_i assigned to ?a_delayUS+0
   148  0000                     _delayUS$i	set	?a_delayUS
   149                           ;_i stored from w
   150  078A  0183               	clrf	3	;select bank 0
   151  078B  00A5               	movwf	?a_delayUS
   152                           ;IN_EEPROM.C: 27: void delayUS(unsigned char i)
   153  078C                     l3
   154  078C  1283               	bcf	3,5
   155  078D  1303               	bcf	3,6	;carry unused
   156  078E  0BA5               	decfsz	?a_delayUS
   157  078F  2F8C               	goto	l3
   158  0790  0008               	return
   159  0791                     _delayMS
   160                           ;	_a assigned to ?a_delayMS+0
   161  0000                     _delayMS$a	set	?a_delayMS
   162                           ;_a stored from w
   163  0791  0183               	clrf	3	;select bank 0
   164  0792  00A4               	movwf	?a_delayMS
   165  0793                     l9
   166                           ;IN_EEPROM.C: 33: void delayMS(unsigned char a)
   167                           ;IN_EEPROM.C: 36: {
   168  0793  3090               	movlw	-112
   169  0794  278A               	fcall	_delayUS
   170                           ;IN_EEPROM.C: 38: }while(--a);
   171  0795  0BA4               	decfsz	?a_delayMS
   172  0796  2F93               	goto	l9
   173  0797  0008               	return
   174  0798                     _write
   175                           ;	_addr assigned to ?a_write+0
   176  0000                     _write$addr	set	?a_write
   177                           ;_addr stored from w
   178  0798  0183               	clrf	3	;select bank 0
   179  0799  00A5               	movwf	?a_write
   180                           ;IN_EEPROM.C: 42: void write(unsigned char addr
      +                          ,unsigned char date)
   181  079A                     l11
   182  079A  1683               	bsf	3,5
   183  079B  1703               	bsf	3,6
   184  079C  188C               	btfsc	12,1
   185  079D  2F9A               	goto	l11
   186                           ;IN_EEPROM.C: 44: EEADR=addr;
   187  079E  1283               	bcf	3,5
   188  079F  1303               	bcf	3,6	;carry unused
   189  07A0  0825               	movf	?a_write,w
   190  07A1  1703               	bsf	3,6
   191  07A2  008D               	movwf	13	;volatile
   192                           ;IN_EEPROM.C: 45: EEDATA=date;
   193  07A3  1303               	bcf	3,6	;carry unused
   194  07A4  0824               	movf	?_write,w
   195  07A5  1703               	bsf	3,6
   196  07A6  008C               	movwf	12	;volatile
   197                           ;IN_EEPROM.C: 46: EEPGD=0;
   198  07A7  1683               	bsf	3,5
   199  07A8  138C               	bcf	12,7
   200                           ;IN_EEPROM.C: 47: WREN=1;
   201  07A9  150C               	bsf	12,2
   202                           ;IN_EEPROM.C: 48: EECON2=0X55;
   203  07AA  3055               	movlw	85
   204  07AB  008D               	movwf	13	;volatile
   205                           ;IN_EEPROM.C: 49: EECON2=0XAA;
   206  07AC  30AA               	movlw	-86
   207  07AD  008D               	movwf	13	;volatile
   208                           ;IN_EEPROM.C: 50: WR=1;
   209  07AE  148C               	bsf	12,1
   210                           ;IN_EEPROM.C: 51: WREN=0;
   211  07AF  110C               	bcf	12,2
   212                           ;IN_EEPROM.C: 52: }
   213  07B0  0183               	clrf	3	;select bank 0
   214  07B1  0008               	return	;W free
   215  07B2                     _Board_init
   216                           ;BoardConfig.h: 17: void Board_init(void)
   217  07B2  1683               	bsf	3,5
   218  07B3  1303               	bcf	3,6	;carry unused
   219  07B4  0185               	clrf	5	;volatile
   220                           ;BoardConfig.h: 22: TRISB=0x00;
   221  07B5  0186               	clrf	6	;volatile
   222                           ;BoardConfig.h: 23: TRISC=0x00;
   223  07B6  0187               	clrf	7	;volatile
   224                           ;BoardConfig.h: 24: TRISD=0x00;
   225  07B7  0188               	clrf	8	;volatile
   226                           ;BoardConfig.h: 25: TRISE=0X00;
   227  07B8  0189               	clrf	9	;volatile
   228                           ;BoardConfig.h: 30: PORTD=0XFF;
   229  07B9  30FF               	movlw	-1
   230  07BA  1283               	bcf	3,5
   231  07BB  0088               	movwf	8	;volatile
   232                           ;BoardConfig.h: 31: RA3=0;
   233  07BC  1185               	bcf	5,3
   234                           ;BoardConfig.h: 32: RC5=1;
   235  07BD  1687               	bsf	7,5
   236                           ;BoardConfig.h: 33: asm ("NOP");
   237  07BE  0000               	nop	;#
   238                           ;BoardConfig.h: 34: asm ("NOP");
   239  07BF  0000               	nop	;#
   240                           ;BoardConfig.h: 35: RC5=0;
   241  07C0  1287               	bcf	7,5
   242                           ;BoardConfig.h: 39: RC3=1;
   243  07C1  1587               	bsf	7,3
   244                           ;BoardConfig.h: 40: asm ("NOP");
   245  07C2  0000               	nop	;#
   246                           ;BoardConfig.h: 41: asm ("NOP");
   247  07C3  0000               	nop	;#
   248                           ;BoardConfig.h: 42: RC3=0;
   249  07C4  1187               	bcf	7,3
   250                           ;BoardConfig.h: 46: RC4=1;
   251  07C5  1607               	bsf	7,4
   252                           ;BoardConfig.h: 47: PORTD=0X00;
   253  07C6  0188               	clrf	8	;volatile
   254                           ;BoardConfig.h: 48: asm ("NOP");
   255  07C7  0000               	nop	;#
   256                           ;BoardConfig.h: 49: asm ("NOP");
   257  07C8  0000               	nop	;#
   258                           ;BoardConfig.h: 50: RC4=0;
   259  07C9  1207               	bcf	7,4
   260                           ;BoardConfig.h: 52: PORTD=0XFF;
   261  07CA  0088               	movwf	8	;volatile
   262                           ;BoardConfig.h: 54: RC2=1;
   263  07CB  1507               	bsf	7,2
   264                           ;BoardConfig.h: 56: RE0=0;
   265  07CC  1009               	bcf	9,0
   266                           ;BoardConfig.h: 57: RE1=0;
   267  07CD  1089               	bcf	9,1
   268                           ;BoardConfig.h: 58: RE2=0;
   269  07CE  1109               	bcf	9,2
   270                           ;BoardConfig.h: 59: }
   271  07CF  0008               	return	;#
   272  07D0                     _main
   273                           ;	_i assigned to ?a_main+0
   274  0000                     _main$i	set	?a_main
   275                           ;IN_EEPROM.C: 111: void main(void)
   276  07D0  27B2               	fcall	_Board_init
   277  07D1                     l18
   278                           ;IN_EEPROM.C: 116: while(1)
   279                           ;IN_EEPROM.C: 117: {
   280  07D1  0821               	movf	_date1,w
   281  07D2  3A0A               	xorlw	10
   282  07D3  1D03               	btfss	3,2
   283  07D4  2FD7               	goto	l20
   284  07D5  01A1               	clrf	_date1
   285  07D6  01A0               	clrf	_addr1
   286  07D7                     l20
   287                           ;IN_EEPROM.C: 119: write(addr1,date1);
   288  07D7  0821               	movf	_date1,w
   289  07D8  00A4               	movwf	?_write
   290  07D9  0820               	movf	_addr1,w
   291  07DA  2798               	fcall	_write
   292                           ;IN_EEPROM.C: 120: delayMS(10);
   293  07DB  300A               	movlw	10
   294  07DC  2791               	fcall	_delayMS
   295                           ;IN_EEPROM.C: 121: date2=read(addr1);
   296  07DD  0820               	movf	_addr1,w
   297  07DE  277E               	fcall	_read
   298  07DF  00A2               	movwf	_date2
   299                           ;IN_EEPROM.C: 122: for(i=0;i<100;i++){display()
      +                          ;display();}
   300  07E0  01A3               	clrf	?a_main
   301  07E1                     l21
   302  07E1  2757  120A  118A   	fcall	_display
   303  07E4  2757  120A  118A   	fcall	_display
   304  07E7  0AA3               	incf	?a_main
   305  07E8  3064               	movlw	100
   306  07E9  0223               	subwf	?a_main,w
   307  07EA  1C03               	btfss	3,0
   308  07EB  2FE1               	goto	l21
   309                           ;IN_EEPROM.C: 123: date1++;addr1++;
   310  07EC  0AA1               	incf	_date1
   311  07ED  0AA0               	incf	_addr1
   312  07EE  2FD1               	goto	l18
   313                           
   314                           	psect	text7
   315  0000                     
   316  0000                     
   317  0000                     
   318  0000                     
   319  0000                     
   320  0000                     
   321  0000                     
   322  0000                     
   323  0000                     
   324  0000                     
   325  0000                     
   326  0000                     
   327  0000                     
   328  0000                     
   329  0000                     
   330  0000                     
   331  0000                     
   332  0000                     
   333  0000                     
   334  0000                     
   335  0000                     
   336  0000                     
   337  0000                     
   338  0000                     
   339  0000                     
   340  0000                     
   341  0000                     
   342  0000                     
   343  0000                     
   344  0000                     
   345  0000                     
   346  0000                     
   347  0000                     
   348  0000                     
   349  0000                     
   350  0000                     
   351  0000                     
   352  0000                     
   353  0000                     
   354  0000                     
   355  0000                     
   356  0000                     
   357  0000                     
   358  0000                     
   359  0000                     
   360  0000                     
   361  0000                     
   362  0000                     
   363  0000                     
   364  0000                     
   365  0000                     
   366  0000                     
   367  0000                     
   368  0000                     
   369  0000                     
   370  0000                     
   371  0000                     
   372  0000                     
   373  0000                     
   374  0000                     
   375  0000                     
   376  0000                     
   377  0000                     
   378  0000                     
   379  0000                     
   380  0000                     
   381  0000                     
   382  0000                     
   383  0000                     
   384  0000                     
   385  0000                     
   386  0000                     
   387  0000                     
   388  0000                     
   389  0000                     
   390  0000                     
   391  0000                     
   392  0000                     
   393  0000                     
   394  0000                     
   395  0000                     
   396  0000                     
   397  0000                     
   398  0000                     
   399  0000                     
   400  0000                     
   401  0000                     
   402  0000                     
   403  0000                     
   404  0000                     
   405  0000                     
   406  0000                     
   407  0000                     
   408  0000                     
   409  0000                     
   410  0000                     
   411  0000                     
   412  0000                     
   413  0000                     
   414  0000                     
   415  0000                     
   416  0000                     
   417  0000                     
   418  0000                     
   419  0000                     
   420  0000                     
   421  0000                     
   422  0000                     
   423  0000                     
   424  0000                     
   425  0000                     
   426  0000                     
   427  0000                     
   428  0000                     
   429  0000                     
   430  0000                     
   431  0000                     
   432  0000                     
   433  0000                     
   434  0000                     
   435  0000                     
   436  0000                     
   437  0000                     
   438  0000                     
   439  0000                     
   440  0000                     
   441  0000                     
   442  0000                     
   443  0000                     
   444  0000                     
   445  0000                     
   446  0000                     
   447  0000                     
   448  0000                     
   449  0000                     
   450  0000                     
   451  0000                     
   452  0000                     
   453  0000                     
   454  0000                     
   455  0000                     
   456  0000                     
   457  0000                     
   458  0000                     
   459  0000                     
   460  0000                     
   461  0000                     
   462  0000                     
   463  0000                     
   464  0000                     
   465  0000                     
   466  0000                     
   467  0000                     
   468  0000                     
   469  0000                     
   470  0000                     
   471  0000                     
   472  0000                     
   473  0000                     
   474  0000                     
   475  0000                     
   476  0000                     
   477  0000                     
   478  0000                     
   479  0000                     
   480  0000                     
   481  0000                     
   482  0000                     
   483  0000                     
   484  0000                     
   485  0000                     
   486  0000                     
   487  0000                     
   488  0000                     
   489  0000                     
   490  0000                     
   491  0000                     
   492  0000                     
   493  0000                     
   494  0000                     
   495  0000                     
   496  0000                     
   497  0000                     
   498  0000                     
   499  0000                     
   500  0000                     
   501  0000                     
   502  0000                     
   503  0000                     
   504  0000                     
   505  0000                     
   506  0000                     
   507  0000                     
   508  0000                     
   509  0000                     
   510  0000                     
   511  0000                     
   512  0000                     
   513  0000                     
   514  0000                     
   515  0000                     
   516  0000                     
   517  0000                     
   518  0000                     
   519  0000                     
   520  0000                     
   521  0000                     
   522  0000                     
   523  0000                     
   524  0000                     
   525  0000                     
   526  0000                     
   527  0000                     
   528  0000                     
   529  0000                     
   530  0000                     
   531  0000                     
   532  0000                     
   533  0000                     
   534  0000                     
   535  0000                     
   536  0000                     
   537  0000                     
   538  0000                     
   539  0000                     
   540  0000                     
   541  0000                     
   542  0000                     
   543  0000                     
   544  0000                     
   545  0000                     
   546  0000                     
   547  0000                     
   548  0000                     
   549  0000                     
   550  0000                     
   551  0000                     
   552  0000                     
   553  0000                     
   554  0000                     
   555  0000                     
   556  0000                     
   557  0000                     
   558  0000                     
   559  0000                     
   560  0000                     
   561  0000                     
   562  0000                     
   563  0000                     
   564  0000                     
   565  0000                     
   566  0000                     
   567  0000                     
   568  0000                     
   569  0000                     
   570  0000                     
   571  0000                     
   572  0000                     
   573  0000                     
   574  0000                     
   575  0000                     
   576  0000                     
   577  0000                     
   578  0000                     
   579  0000                     
   580  0000                     
   581  0000                     
   582  0000                     
   583  0000                     
   584  0000                     
   585  0000                     
   586  0000                     
   587  0000                     
   588  0000                     
   589  0000                     
   590  0000                     
   591  0000                     
   592                           
   593                           	psect	rbss_0
   594  0020                     _addr1
                     _addr1
   595  0020                     	ds	1
   596  0021                     _date1
                     _date1
   597  0021                     	ds	1
   598  0022                     _date2
                     _date2
   599  0022                     	ds	1


HI-TECH Software PICC Macro Assembler V9.60
Symbol Table                                          Tue Apr 23 16:17:49 2013

    ?a_main 0023      ?a_read 0024           l3 078C           l9 0793  
        l11 079A          l20 07D7          l21 07E1          l18 07D1  
    ?_write 0024          fsr 0004     ?a_write 0025   ?a_delayMS 0024  
 ?a_delayUS 0025        _main 07D0        _read 077E        start 0000  
   _delayMS 0791     _delayUS 078A     _display 0757  _Board_init 07B2  
     _addr1 0020       _date1 0021       _date2 0022       _table 0026  
     _write 0798       status 0003  
