

HI-TECH Software PICC Macro Assembler V9.60
                                                      Tue Apr 23 16:19:21 2013


     1                           	processor	16F877A
     2                           	opt	pw 79
     3                           	psect	text0,local,class=CODE,delta=2
     4                           	psect	config,global,class=CONFIG,delta=2
     5                           	psect	text3,local,class=CODE,delta=2
     6                           	psect	text5,local,class=CODE,delta=2
     7  0000                     
     8  0000                     
     9  0000                     
    10  0000                     
    11  0000                     
    12  0000                     
    13  0000                     
    14  0000                     
    15  0000                     
    16  0000                     
    17                           
    18                           	psect	text0
    19  07A8                     _Board_init
    20                           ;BoardConfig.h: 17: void Board_init(void)
    21  07A8  1683               	bsf	3,5
    22  07A9  1303               	bcf	3,6	;carry unused
    23  07AA  0185               	clrf	5	;volatile
    24                           ;BoardConfig.h: 22: TRISB=0x00;
    25  07AB  0186               	clrf	6	;volatile
    26                           ;BoardConfig.h: 23: TRISC=0x00;
    27  07AC  0187               	clrf	7	;volatile
    28                           ;BoardConfig.h: 24: TRISD=0x00;
    29  07AD  0188               	clrf	8	;volatile
    30                           ;BoardConfig.h: 25: TRISE=0X00;
    31  07AE  0189               	clrf	9	;volatile
    32                           ;BoardConfig.h: 30: PORTD=0XFF;
    33  07AF  30FF               	movlw	-1
    34  07B0  1283               	bcf	3,5
    35  07B1  0088               	movwf	8	;volatile
    36                           ;BoardConfig.h: 31: RA3=0;
    37  07B2  1185               	bcf	5,3
    38                           ;BoardConfig.h: 32: RC5=1;
    39  07B3  1687               	bsf	7,5
    40                           ;BoardConfig.h: 33: asm ("NOP");
    41  07B4  0000               	nop	;#
    42                           ;BoardConfig.h: 34: asm ("NOP");
    43  07B5  0000               	nop	;#
    44                           ;BoardConfig.h: 35: RC5=0;
    45  07B6  1287               	bcf	7,5
    46                           ;BoardConfig.h: 39: RC3=1;
    47  07B7  1587               	bsf	7,3
    48                           ;BoardConfig.h: 40: asm ("NOP");
    49  07B8  0000               	nop	;#
    50                           ;BoardConfig.h: 41: asm ("NOP");
    51  07B9  0000               	nop	;#
    52                           ;BoardConfig.h: 42: RC3=0;
    53  07BA  1187               	bcf	7,3
    54                           ;BoardConfig.h: 46: RC4=1;
    55  07BB  1607               	bsf	7,4
    56                           ;BoardConfig.h: 47: PORTD=0X00;
    57  07BC  0188               	clrf	8	;volatile
    58                           ;BoardConfig.h: 48: asm ("NOP");
    59  07BD  0000               	nop	;#
    60                           ;BoardConfig.h: 49: asm ("NOP");
    61  07BE  0000               	nop	;#
    62                           ;BoardConfig.h: 50: RC4=0;
    63  07BF  1207               	bcf	7,4
    64                           ;BoardConfig.h: 52: PORTD=0XFF;
    65  07C0  0088               	movwf	8	;volatile
    66                           ;BoardConfig.h: 54: RC2=1;
    67  07C1  1507               	bsf	7,2
    68                           ;BoardConfig.h: 56: RE0=0;
    69  07C2  1009               	bcf	9,0
    70                           ;BoardConfig.h: 57: RE1=0;
    71  07C3  1089               	bcf	9,1
    72                           ;BoardConfig.h: 58: RE2=0;
    73  07C4  1109               	bcf	9,2
    74                           ;BoardConfig.h: 59: }
    75  07C5  0008               	return	;#
    76  07C6                     _main
    77                           ;SPEAKER.c: 24: void main(void)
    78  07C6  27A8               	fcall	_Board_init
    79                           ;SPEAKER.c: 29: ADCON1=0X07;
    80  07C7  3007               	movlw	7
    81  07C8  1683               	bsf	3,5
    82  07C9  009F               	movwf	31	;volatile
    83  07CA                     l4
    84                           ;SPEAKER.c: 31: while(1)
    85                           ;SPEAKER.c: 32: baojing();
    86  07CA  120A  118A  27D7   	fcall	_baojing
      +       120A  118A         
    87  07CF  2FCA               	goto	l4
    88                           
    89                           	psect	config
    90  2007  3F32               	dw	16178	;#
    91                           
    92                           	psect	text3
    93  07D0                     _delayUS
    94                           ;	_i assigned to ?a_delayUS+0
    95  0000                     _delayUS$i	set	?a_delayUS
    96                           ;_i stored from w
    97  07D0  0183               	clrf	3	;select bank 0
    98  07D1  00A2               	movwf	?a_delayUS
    99                           ;SPEAKER.c: 44: void delayUS(unsigned char i)
   100  07D2                     l14
   101  07D2  1283               	bcf	3,5
   102  07D3  1303               	bcf	3,6	;carry unused
   103  07D4  0BA2               	decfsz	?a_delayUS
   104  07D5  2FD2               	goto	l14
   105  07D6  0008               	return
   106  07D7                     _baojing
   107                           ;	_m assigned to ?a_baojing+0
   108  0000                     _baojing$m	set	?a_baojing
   109                           ;SPEAKER.c: 36: void baojing(void)
   110  07D7  3090               	movlw	144
   111  07D8  0183               	clrf	3	;select bank 0
   112  07D9  00A0               	movwf	?a_baojing
   113  07DA  3001               	movlw	1
   114  07DB  00A1               	movwf	?a_baojing+1
   115                           ;SPEAKER.c: 39: while(--m){RE0=!RE0;delayUS(99)
      +                          ;}m=200;
   116  07DC  2FE1               	goto	l7
   117  07DD                     l8
   118  07DD  3001               	movlw	1
   119  07DE  0689               	xorwf	9
   120  07DF  3063               	movlw	99
   121  07E0  27D0               	fcall	_delayUS
   122  07E1                     l7
   123  07E1  30FF               	movlw	-1
   124  07E2  07A0               	addwf	?a_baojing
   125  07E3  1C03               	btfss	3,0
   126  07E4  03A1               	decf	?a_baojing+1
   127  07E5  0821               	movf	?a_baojing+1,w
   128  07E6  0420               	iorwf	?a_baojing,w
   129  07E7  1D03               	btfss	3,2
   130  07E8  2FDD               	goto	l8
   131  07E9  30C8               	movlw	200
   132  07EA  00A0               	movwf	?a_baojing
   133  07EB  01A1               	clrf	?a_baojing+1
   134                           ;SPEAKER.c: 40: while(--m){RE0=!RE0;delayUS(199
      +                          );}
   135  07EC                     l10
   136  07EC  30FF               	movlw	-1
   137  07ED  07A0               	addwf	?a_baojing
   138  07EE  1C03               	btfss	3,0
   139  07EF  03A1               	decf	?a_baojing+1
   140  07F0  0821               	movf	?a_baojing+1,w
   141  07F1  0420               	iorwf	?a_baojing,w
   142  07F2  1903               	btfsc	3,2
   143  07F3  0008               	return
   144  07F4  3001               	movlw	1
   145  07F5  0689               	xorwf	9
   146  07F6  30C7               	movlw	-57
   147  07F7  27D0               	fcall	_delayUS
   148  07F8  2FEC               	goto	l10
   149  07F9                     _delayMS
   150                           ;	_a assigned to ?a_delayMS+0
   151  0000                     _delayMS$a	set	?a_delayMS
   152                           ;_a stored from w
   153  07F9  0183               	clrf	3	;select bank 0
   154  07FA  00A0               	movwf	?a_delayMS
   155  07FB                     l20
   156                           ;SPEAKER.c: 49: void delayMS(unsigned char a)
   157                           ;SPEAKER.c: 52: {delayUS(199);}while(--a);
   158  07FB  30C7               	movlw	-57
   159  07FC  27D0               	fcall	_delayUS
   160  07FD  0BA0               	decfsz	?a_delayMS
   161  07FE  2FFB               	goto	l20
   162  07FF  0008               	return
   163                           
   164                           	psect	text5
   165  0000                     
   166  0000                     
   167  0000                     
   168  0000                     
   169  0000                     
   170  0000                     
   171  0000                     
   172  0000                     
   173  0000                     
   174  0000                     
   175  0000                     
   176  0000                     
   177  0000                     
   178  0000                     
   179  0000                     
   180  0000                     
   181  0000                     
   182  0000                     
   183  0000                     
   184  0000                     
   185  0000                     
   186  0000                     
   187  0000                     
   188  0000                     
   189  0000                     
   190  0000                     
   191  0000                     
   192  0000                     
   193  0000                     
   194  0000                     
   195  0000                     
   196  0000                     
   197  0000                     
   198  0000                     
   199  0000                     
   200  0000                     
   201  0000                     
   202  0000                     
   203  0000                     
   204  0000                     
   205  0000                     
   206  0000                     
   207  0000                     
   208  0000                     
   209  0000                     
   210  0000                     
   211  0000                     
   212  0000                     
   213  0000                     
   214  0000                     
   215  0000                     
   216  0000                     
   217  0000                     
   218  0000                     
   219  0000                     
   220  0000                     
   221  0000                     
   222  0000                     
   223  0000                     
   224  0000                     
   225  0000                     
   226  0000                     
   227  0000                     
   228  0000                     
   229  0000                     
   230  0000                     
   231  0000                     
   232  0000                     
   233  0000                     
   234  0000                     
   235  0000                     
   236  0000                     
   237  0000                     
   238  0000                     
   239  0000                     
   240  0000                     
   241  0000                     
   242  0000                     
   243  0000                     
   244  0000                     
   245  0000                     
   246  0000                     
   247  0000                     
   248  0000                     
   249  0000                     
   250  0000                     
   251  0000                     
   252  0000                     
   253  0000                     
   254  0000                     
   255  0000                     
   256  0000                     
   257  0000                     
   258  0000                     
   259  0000                     
   260  0000                     
   261  0000                     
   262  0000                     
   263  0000                     
   264  0000                     
   265  0000                     
   266  0000                     
   267  0000                     
   268  0000                     
   269  0000                     
   270  0000                     
   271  0000                     
   272  0000                     
   273  0000                     
   274  0000                     
   275  0000                     
   276  0000                     
   277  0000                     
   278  0000                     
   279  0000                     
   280  0000                     
   281  0000                     
   282  0000                     
   283  0000                     
   284  0000                     
   285  0000                     
   286  0000                     
   287  0000                     
   288  0000                     
   289  0000                     
   290  0000                     
   291  0000                     
   292  0000                     
   293  0000                     
   294  0000                     
   295  0000                     
   296  0000                     
   297  0000                     
   298  0000                     
   299  0000                     
   300  0000                     
   301  0000                     
   302  0000                     
   303  0000                     
   304  0000                     
   305  0000                     
   306  0000                     
   307  0000                     
   308  0000                     
   309  0000                     
   310  0000                     
   311  0000                     
   312  0000                     
   313  0000                     
   314  0000                     
   315  0000                     
   316  0000                     
   317  0000                     
   318  0000                     
   319  0000                     
   320  0000                     
   321  0000                     
   322  0000                     
   323  0000                     
   324  0000                     
   325  0000                     
   326  0000                     
   327  0000                     
   328  0000                     
   329  0000                     
   330  0000                     
   331  0000                     
   332  0000                     
   333  0000                     
   334  0000                     
   335  0000                     
   336  0000                     
   337  0000                     
   338  0000                     
   339  0000                     
   340  0000                     
   341  0000                     
   342  0000                     
   343  0000                     
   344  0000                     
   345  0000                     
   346  0000                     
   347  0000                     
   348  0000                     
   349  0000                     
   350  0000                     
   351  0000                     
   352  0000                     
   353  0000                     
   354  0000                     
   355  0000                     
   356  0000                     
   357  0000                     
   358  0000                     
   359  0000                     
   360  0000                     
   361  0000                     
   362  0000                     
   363  0000                     
   364  0000                     
   365  0000                     
   366  0000                     
   367  0000                     
   368  0000                     
   369  0000                     
   370  0000                     
   371  0000                     
   372  0000                     
   373  0000                     
   374  0000                     
   375  0000                     
   376  0000                     
   377  0000                     
   378  0000                     
   379  0000                     
   380  0000                     
   381  0000                     
   382  0000                     
   383  0000                     
   384  0000                     
   385  0000                     
   386  0000                     
   387  0000                     
   388  0000                     
   389  0000                     
   390  0000                     
   391  0000                     
   392  0000                     
   393  0000                     
   394  0000                     
   395  0000                     
   396  0000                     
   397  0000                     
   398  0000                     
   399  0000                     
   400  0000                     
   401  0000                     
   402  0000                     
   403  0000                     
   404  0000                     
   405  0000                     
   406  0000                     
   407  0000                     
   408  0000                     
   409  0000                     
   410  0000                     
   411  0000                     
   412  0000                     
   413  0000                     
   414  0000                     
   415  0000                     
   416  0000                     
   417  0000                     
   418  0000                     
   419  0000                     
   420  0000                     
   421  0000                     
   422  0000                     
   423  0000                     
   424  0000                     
   425  0000                     
   426  0000                     
   427  0000                     
   428  0000                     
   429  0000                     
   430  0000                     
   431  0000                     
   432  0000                     
   433  0000                     
   434  0000                     
   435  0000                     
   436  0000                     
   437  0000                     
   438  0000                     
   439  0000                     
   440  0000                     
   441  0000                     


HI-TECH Software PICC Macro Assembler V9.60
Symbol Table                                          Tue Apr 23 16:19:21 2013

         l4 07CA           l7 07E1           l8 07DD          l10 07EC  
        l20 07FB          l14 07D2   ?a_baojing 0020   ?a_delayMS 0020  
 ?a_delayUS 0022        _main 07C6        start 0000     _baojing 07D7  
   _delayMS 07F9     _delayUS 07D0  _Board_init 07A8       status 0003  
